{"meta": {"format": 3, "version": "7.13.4", "timestamp": "2026-02-16T08:38:33.359493", "branch_coverage": false, "show_contexts": false}, "files": {"src/zrb/__main__.py": {"executed_lines": [1, 2, 3, 5, 6, 7, 8, 9, 10, 14, 16, 17, 18, 19, 21, 22, 23, 26, 27, 29, 30, 31, 32, 33, 35, 37, 38, 39, 40, 43, 45, 46, 47, 48, 49, 50, 54, 55, 56, 57, 61, 62, 64, 65, 66, 67, 68, 69, 70, 71, 72, 75], "summary": {"covered_lines": 52, "num_statements": 59, "percent_covered": 88.13559322033899, "percent_covered_display": "88", "missing_lines": 7, "excluded_lines": 0, "percent_statements_covered": 88.13559322033899, "percent_statements_covered_display": "88"}, "missing_lines": [41, 42, 51, 52, 58, 59, 76], "excluded_lines": [], "functions": {"FaintFormatter.__init__": {"executed_lines": [17, 18, 19], "summary": {"covered_lines": 3, "num_statements": 3, "percent_covered": 100.0, "percent_covered_display": "100", "missing_lines": 0, "excluded_lines": 0, "percent_statements_covered": 100.0, "percent_statements_covered_display": "100"}, "missing_lines": [], "excluded_lines": [], "start_line": 16}, "FaintFormatter.format": {"executed_lines": [22, 23], "summary": {"covered_lines": 2, "num_statements": 2, "percent_covered": 100.0, "percent_covered_display": "100", "missing_lines": 0, "excluded_lines": 0, "percent_statements_covered": 100.0, "percent_statements_covered_display": "100"}, "missing_lines": [], "excluded_lines": [], "start_line": 21}, "serve_cli": {"executed_lines": [27, 29, 30, 31, 32, 33, 35, 37, 38, 39, 40, 43, 45, 46, 47, 48, 49, 50, 54, 55, 56, 57, 61, 62, 64, 65, 66, 67, 68, 69, 70, 71, 72], "summary": {"covered_lines": 33, "num_statements": 39, "percent_covered": 84.61538461538461, "percent_covered_display": "85", "missing_lines": 6, "excluded_lines": 0, "percent_statements_covered": 84.61538461538461, "percent_statements_covered_display": "85"}, "missing_lines": [41, 42, 51, 52, 58, 59], "excluded_lines": [], "start_line": 26}, "": {"executed_lines": [1, 2, 3, 5, 6, 7, 8, 9, 10, 14, 16, 21, 26, 75], "summary": {"covered_lines": 14, "num_statements": 15, "percent_covered": 93.33333333333333, "percent_covered_display": "93", "missing_lines": 1, "excluded_lines": 0, "percent_statements_covered": 93.33333333333333, "percent_statements_covered_display": "93"}, "missing_lines": [76], "excluded_lines": [], "start_line": 1}}, "classes": {"FaintFormatter": {"executed_lines": [17, 18, 19, 22, 23], "summary": {"covered_lines": 5, "num_statements": 5, "percent_covered": 100.0, "percent_covered_display": "100", "missing_lines": 0, "excluded_lines": 0, "percent_statements_covered": 100.0, "percent_statements_covered_display": "100"}, "missing_lines": [], "excluded_lines": [], "start_line": 14}, "": {"executed_lines": [1, 2, 3, 5, 6, 7, 8, 9, 10, 14, 16, 21, 26, 27, 29, 30, 31, 32, 33, 35, 37, 38, 39, 40, 43, 45, 46, 47, 48, 49, 50, 54, 55, 56, 57, 61, 62, 64, 65, 66, 67, 68, 69, 70, 71, 72, 75], "summary": {"covered_lines": 47, "num_statements": 54, "percent_covered": 87.03703703703704, "percent_covered_display": "87", "missing_lines": 7, "excluded_lines": 0, "percent_statements_covered": 87.03703703703704, "percent_statements_covered_display": "87"}, "missing_lines": [41, 42, 51, 52, 58, 59, 76], "excluded_lines": [], "start_line": 1}}}, "src/zrb/attr/type.py": {"executed_lines": [1, 3, 4, 6, 7, 8, 9, 10, 11, 12, 15], "summary": {"covered_lines": 11, "num_statements": 11, "percent_covered": 100.0, "percent_covered_display": "100", "missing_lines": 0, "excluded_lines": 0, "percent_statements_covered": 100.0, "percent_statements_covered_display": "100"}, "missing_lines": [], "excluded_lines": [], "functions": {"": {"executed_lines": [1, 3, 4, 6, 7, 8, 9, 10, 11, 12, 15], "summary": {"covered_lines": 11, "num_statements": 11, "percent_covered": 100.0, "percent_covered_display": "100", "missing_lines": 0, "excluded_lines": 0, "percent_statements_covered": 100.0, "percent_statements_covered_display": "100"}, "missing_lines": [], "excluded_lines": [], "start_line": 1}}, "classes": {"": {"executed_lines": [1, 3, 4, 6, 7, 8, 9, 10, 11, 12, 15], "summary": {"covered_lines": 11, "num_statements": 11, "percent_covered": 100.0, "percent_covered_display": "100", "missing_lines": 0, "excluded_lines": 0, "percent_statements_covered": 100.0, "percent_statements_covered_display": "100"}, "missing_lines": [], "excluded_lines": [], "start_line": 1}}}, "src/zrb/builtin/base64.py": {"executed_lines": [1, 2, 3, 4, 7, 14, 15, 17, 18, 19, 22, 29, 30, 32, 33, 34, 37, 48, 49, 50, 52, 53, 54, 55, 56, 57, 58], "summary": {"covered_lines": 27, "num_statements": 27, "percent_covered": 100.0, "percent_covered_display": "100", "missing_lines": 0, "excluded_lines": 0, "percent_statements_covered": 100.0, "percent_statements_covered_display": "100"}, "missing_lines": [], "excluded_lines": [], "functions": {"encode_base64": {"executed_lines": [15, 17, 18, 19], "summary": {"covered_lines": 4, "num_statements": 4, "percent_covered": 100.0, "percent_covered_display": "100", "missing_lines": 0, "excluded_lines": 0, "percent_statements_covered": 100.0, "percent_statements_covered_display": "100"}, "missing_lines": [], "excluded_lines": [], "start_line": 14}, "decode_base64": {"executed_lines": [30, 32, 33, 34], "summary": {"covered_lines": 4, "num_statements": 4, "percent_covered": 100.0, "percent_covered_display": "100", "missing_lines": 0, "excluded_lines": 0, "percent_statements_covered": 100.0, "percent_statements_covered_display": "100"}, "missing_lines": [], "excluded_lines": [], "start_line": 29}, "validate_base64": {"executed_lines": [49, 50, 52, 53, 54, 55, 56, 57, 58], "summary": {"covered_lines": 9, "num_statements": 9, "percent_covered": 100.0, "percent_covered_display": "100", "missing_lines": 0, "excluded_lines": 0, "percent_statements_covered": 100.0, "percent_statements_covered_display": "100"}, "missing_lines": [], "excluded_lines": [], "start_line": 48}, "": {"executed_lines": [1, 2, 3, 4, 7, 14, 22, 29, 37, 48], "summary": {"covered_lines": 10, "num_statements": 10, "percent_covered": 100.0, "percent_covered_display": "100", "missing_lines": 0, "excluded_lines": 0, "percent_statements_covered": 100.0, "percent_statements_covered_display": "100"}, "missing_lines": [], "excluded_lines": [], "start_line": 1}}, "classes": {"": {"executed_lines": [1, 2, 3, 4, 7, 14, 15, 17, 18, 19, 22, 29, 30, 32, 33, 34, 37, 48, 49, 50, 52, 53, 54, 55, 56, 57, 58], "summary": {"covered_lines": 27, "num_statements": 27, "percent_covered": 100.0, "percent_covered_display": "100", "missing_lines": 0, "excluded_lines": 0, "percent_statements_covered": 100.0, "percent_statements_covered_display": "100"}, "missing_lines": [], "excluded_lines": [], "start_line": 1}}}, "src/zrb/builtin/git.py": {"executed_lines": [1, 2, 3, 4, 5, 6, 7, 20, 58, 59, 60, 61, 64, 65, 66, 67, 68, 69, 70, 71, 72, 73, 74, 75, 76, 77, 80, 83, 95, 96, 97, 98, 99, 100, 101, 102, 107, 108, 109, 110, 111, 112, 113, 114, 117, 129, 130, 131, 132, 133, 134, 135, 138, 151, 152, 153, 154, 155, 156, 157, 158, 161, 174, 175, 176, 177, 178, 179, 180], "summary": {"covered_lines": 69, "num_statements": 69, "percent_covered": 100.0, "percent_covered_display": "100", "missing_lines": 0, "excluded_lines": 0, "percent_statements_covered": 100.0, "percent_statements_covered_display": "100"}, "missing_lines": [], "excluded_lines": [], "functions": {"get_git_diff": {"executed_lines": [59, 60, 61, 64, 65, 66, 67, 68, 69, 70, 71, 72, 73, 74, 75, 76, 77, 80], "summary": {"covered_lines": 18, "num_statements": 18, "percent_covered": 100.0, "percent_covered_display": "100", "missing_lines": 0, "excluded_lines": 0, "percent_statements_covered": 100.0, "percent_statements_covered_display": "100"}, "missing_lines": [], "excluded_lines": [], "start_line": 58}, "prune_local_branches": {"executed_lines": [96, 97, 98, 99, 100, 101, 102, 107, 108, 109, 110, 111, 112, 113, 114], "summary": {"covered_lines": 15, "num_statements": 15, "percent_covered": 100.0, "percent_covered_display": "100", "missing_lines": 0, "excluded_lines": 0, "percent_statements_covered": 100.0, "percent_statements_covered_display": "100"}, "missing_lines": [], "excluded_lines": [], "start_line": 95}, "git_commit": {"executed_lines": [130, 131, 132, 133, 134, 135], "summary": {"covered_lines": 6, "num_statements": 6, "percent_covered": 100.0, "percent_covered_display": "100", "missing_lines": 0, "excluded_lines": 0, "percent_statements_covered": 100.0, "percent_statements_covered_display": "100"}, "missing_lines": [], "excluded_lines": [], "start_line": 129}, "git_pull": {"executed_lines": [152, 153, 154, 155, 156, 157, 158], "summary": {"covered_lines": 7, "num_statements": 7, "percent_covered": 100.0, "percent_covered_display": "100", "missing_lines": 0, "excluded_lines": 0, "percent_statements_covered": 100.0, "percent_statements_covered_display": "100"}, "missing_lines": [], "excluded_lines": [], "start_line": 151}, "git_push": {"executed_lines": [175, 176, 177, 178, 179, 180], "summary": {"covered_lines": 6, "num_statements": 6, "percent_covered": 100.0, "percent_covered_display": "100", "missing_lines": 0, "excluded_lines": 0, "percent_statements_covered": 100.0, "percent_statements_covered_display": "100"}, "missing_lines": [], "excluded_lines": [], "start_line": 174}, "": {"executed_lines": [1, 2, 3, 4, 5, 6, 7, 20, 58, 83, 95, 117, 129, 138, 151, 161, 174], "summary": {"covered_lines": 17, "num_statements": 17, "percent_covered": 100.0, "percent_covered_display": "100", "missing_lines": 0, "excluded_lines": 0, "percent_statements_covered": 100.0, "percent_statements_covered_display": "100"}, "missing_lines": [], "excluded_lines": [], "start_line": 1}}, "classes": {"": {"executed_lines": [1, 2, 3, 4, 5, 6, 7, 20, 58, 59, 60, 61, 64, 65, 66, 67, 68, 69, 70, 71, 72, 73, 74, 75, 76, 77, 80, 83, 95, 96, 97, 98, 99, 100, 101, 102, 107, 108, 109, 110, 111, 112, 113, 114, 117, 129, 130, 131, 132, 133, 134, 135, 138, 151, 152, 153, 154, 155, 156, 157, 158, 161, 174, 175, 176, 177, 178, 179, 180], "summary": {"covered_lines": 69, "num_statements": 69, "percent_covered": 100.0, "percent_covered_display": "100", "missing_lines": 0, "excluded_lines": 0, "percent_statements_covered": 100.0, "percent_statements_covered_display": "100"}, "missing_lines": [], "excluded_lines": [], "start_line": 1}}}, "src/zrb/builtin/git_subtree.py": {"executed_lines": [1, 2, 3, 4, 5, 6, 7, 8, 11, 36, 37, 38, 39, 40, 50, 57, 58, 59, 60, 61, 62, 63, 64, 65, 66, 67, 74, 75, 76, 77, 78, 79, 82, 89, 90, 91, 92, 93, 94, 95, 96, 97, 98, 99, 106, 107, 108, 109, 110, 111], "summary": {"covered_lines": 50, "num_statements": 50, "percent_covered": 100.0, "percent_covered_display": "100", "missing_lines": 0, "excluded_lines": 0, "percent_statements_covered": 100.0, "percent_statements_covered_display": "100"}, "missing_lines": [], "excluded_lines": [], "functions": {"git_add_subtree": {"executed_lines": [37, 38, 39, 40], "summary": {"covered_lines": 4, "num_statements": 4, "percent_covered": 100.0, "percent_covered_display": "100", "missing_lines": 0, "excluded_lines": 0, "percent_statements_covered": 100.0, "percent_statements_covered_display": "100"}, "missing_lines": [], "excluded_lines": [], "start_line": 36}, "git_pull_subtree": {"executed_lines": [58, 59, 60, 61, 62, 63, 64, 65, 66, 67, 74, 75, 76, 77, 78, 79], "summary": {"covered_lines": 16, "num_statements": 16, "percent_covered": 100.0, "percent_covered_display": "100", "missing_lines": 0, "excluded_lines": 0, "percent_statements_covered": 100.0, "percent_statements_covered_display": "100"}, "missing_lines": [], "excluded_lines": [], "start_line": 57}, "git_push_subtree": {"executed_lines": [90, 91, 92, 93, 94, 95, 96, 97, 98, 99, 106, 107, 108, 109, 110, 111], "summary": {"covered_lines": 16, "num_statements": 16, "percent_covered": 100.0, "percent_covered_display": "100", "missing_lines": 0, "excluded_lines": 0, "percent_statements_covered": 100.0, "percent_statements_covered_display": "100"}, "missing_lines": [], "excluded_lines": [], "start_line": 89}, "": {"executed_lines": [1, 2, 3, 4, 5, 6, 7, 8, 11, 36, 50, 57, 82, 89], "summary": {"covered_lines": 14, "num_statements": 14, "percent_covered": 100.0, "percent_covered_display": "100", "missing_lines": 0, "excluded_lines": 0, "percent_statements_covered": 100.0, "percent_statements_covered_display": "100"}, "missing_lines": [], "excluded_lines": [], "start_line": 1}}, "classes": {"": {"executed_lines": [1, 2, 3, 4, 5, 6, 7, 8, 11, 36, 37, 38, 39, 40, 50, 57, 58, 59, 60, 61, 62, 63, 64, 65, 66, 67, 74, 75, 76, 77, 78, 79, 82, 89, 90, 91, 92, 93, 94, 95, 96, 97, 98, 99, 106, 107, 108, 109, 110, 111], "summary": {"covered_lines": 50, "num_statements": 50, "percent_covered": 100.0, "percent_covered_display": "100", "missing_lines": 0, "excluded_lines": 0, "percent_statements_covered": 100.0, "percent_statements_covered_display": "100"}, "missing_lines": [], "excluded_lines": [], "start_line": 1}}}, "src/zrb/builtin/group.py": {"executed_lines": [1, 2, 3, 6, 7, 8, 9, 12, 15, 16, 17, 18, 19, 20, 21, 22, 26, 27, 28, 31, 34, 35, 36, 39, 41, 44, 48, 51, 54, 58, 59, 63], "summary": {"covered_lines": 32, "num_statements": 32, "percent_covered": 100.0, "percent_covered_display": "100", "missing_lines": 0, "excluded_lines": 0, "percent_statements_covered": 100.0, "percent_statements_covered_display": "100"}, "missing_lines": [], "excluded_lines": [], "functions": {"_maybe_add_group": {"executed_lines": [7, 8, 9], "summary": {"covered_lines": 3, "num_statements": 3, "percent_covered": 100.0, "percent_covered_display": "100", "missing_lines": 0, "excluded_lines": 0, "percent_statements_covered": 100.0, "percent_statements_covered_display": "100"}, "missing_lines": [], "excluded_lines": [], "start_line": 6}, "": {"executed_lines": [1, 2, 3, 6, 12, 15, 16, 17, 18, 19, 20, 21, 22, 26, 27, 28, 31, 34, 35, 36, 39, 41, 44, 48, 51, 54, 58, 59, 63], "summary": {"covered_lines": 29, "num_statements": 29, "percent_covered": 100.0, "percent_covered_display": "100", "missing_lines": 0, "excluded_lines": 0, "percent_statements_covered": 100.0, "percent_statements_covered_display": "100"}, "missing_lines": [], "excluded_lines": [], "start_line": 1}}, "classes": {"": {"executed_lines": [1, 2, 3, 6, 7, 8, 9, 12, 15, 16, 17, 18, 19, 20, 21, 22, 26, 27, 28, 31, 34, 35, 36, 39, 41, 44, 48, 51, 54, 58, 59, 63], "summary": {"covered_lines": 32, "num_statements": 32, "percent_covered": 100.0, "percent_covered_display": "100", "missing_lines": 0, "excluded_lines": 0, "percent_statements_covered": 100.0, "percent_statements_covered_display": "100"}, "missing_lines": [], "excluded_lines": [], "start_line": 1}}}, "src/zrb/builtin/http.py": {"executed_lines": [1, 3, 4, 5, 6, 7, 8, 11, 43, 44, 46, 48, 50, 53, 54, 58, 59, 68, 69, 70, 71, 72, 73, 74, 75, 76, 77, 79, 85, 117, 118, 119, 121, 123, 126, 129, 130, 131, 132, 135, 136, 139, 140, 143, 146, 147, 148], "summary": {"covered_lines": 47, "num_statements": 54, "percent_covered": 87.03703703703704, "percent_covered_display": "87", "missing_lines": 7, "excluded_lines": 0, "percent_statements_covered": 87.03703703703704, "percent_statements_covered_display": "87"}, "missing_lines": [55, 80, 81, 82, 149, 150, 151], "excluded_lines": [], "functions": {"http_request": {"executed_lines": [44, 46, 48, 50, 53, 54, 58, 59, 68, 69, 70, 71, 72, 73, 74, 75, 76, 77, 79], "summary": {"covered_lines": 19, "num_statements": 23, "percent_covered": 82.6086956521739, "percent_covered_display": "83", "missing_lines": 4, "excluded_lines": 0, "percent_statements_covered": 82.6086956521739, "percent_statements_covered_display": "83"}, "missing_lines": [55, 80, 81, 82], "excluded_lines": [], "start_line": 43}, "generate_curl": {"executed_lines": [118, 119, 121, 123, 126, 129, 130, 131, 132, 135, 136, 139, 140, 143, 146, 147, 148], "summary": {"covered_lines": 17, "num_statements": 20, "percent_covered": 85.0, "percent_covered_display": "85", "missing_lines": 3, "excluded_lines": 0, "percent_statements_covered": 85.0, "percent_statements_covered_display": "85"}, "missing_lines": [149, 150, 151], "excluded_lines": [], "start_line": 117}, "": {"executed_lines": [1, 3, 4, 5, 6, 7, 8, 11, 43, 85, 117], "summary": {"covered_lines": 11, "num_statements": 11, "percent_covered": 100.0, "percent_covered_display": "100", "missing_lines": 0, "excluded_lines": 0, "percent_statements_covered": 100.0, "percent_statements_covered_display": "100"}, "missing_lines": [], "excluded_lines": [], "start_line": 1}}, "classes": {"": {"executed_lines": [1, 3, 4, 5, 6, 7, 8, 11, 43, 44, 46, 48, 50, 53, 54, 58, 59, 68, 69, 70, 71, 72, 73, 74, 75, 76, 77, 79, 85, 117, 118, 119, 121, 123, 126, 129, 130, 131, 132, 135, 136, 139, 140, 143, 146, 147, 148], "summary": {"covered_lines": 47, "num_statements": 54, "percent_covered": 87.03703703703704, "percent_covered_display": "87", "missing_lines": 7, "excluded_lines": 0, "percent_statements_covered": 87.03703703703704, "percent_statements_covered_display": "87"}, "missing_lines": [55, 80, 81, 82, 149, 150, 151], "excluded_lines": [], "start_line": 1}}}, "src/zrb/builtin/jwt.py": {"executed_lines": [1, 3, 4, 5, 6, 7, 10, 26, 27, 29, 31, 32, 33, 36, 37, 43, 59, 60, 62, 63, 66, 67, 73, 89, 90, 92, 93, 96, 97, 98, 99, 100], "summary": {"covered_lines": 32, "num_statements": 44, "percent_covered": 72.72727272727273, "percent_covered_display": "73", "missing_lines": 12, "excluded_lines": 0, "percent_statements_covered": 72.72727272727273, "percent_statements_covered_display": "73"}, "missing_lines": [38, 39, 40, 68, 69, 70, 101, 102, 103, 104, 105, 106], "excluded_lines": [], "functions": {"encode_jwt": {"executed_lines": [27, 29, 31, 32, 33, 36, 37], "summary": {"covered_lines": 7, "num_statements": 10, "percent_covered": 70.0, "percent_covered_display": "70", "missing_lines": 3, "excluded_lines": 0, "percent_statements_covered": 70.0, "percent_statements_covered_display": "70"}, "missing_lines": [38, 39, 40], "excluded_lines": [], "start_line": 26}, "decode_jwt": {"executed_lines": [60, 62, 63, 66, 67], "summary": {"covered_lines": 5, "num_statements": 8, "percent_covered": 62.5, "percent_covered_display": "62", "missing_lines": 3, "excluded_lines": 0, "percent_statements_covered": 62.5, "percent_statements_covered_display": "62"}, "missing_lines": [68, 69, 70], "excluded_lines": [], "start_line": 59}, "validate_jwt": {"executed_lines": [90, 92, 93, 96, 97, 98, 99, 100], "summary": {"covered_lines": 8, "num_statements": 14, "percent_covered": 57.142857142857146, "percent_covered_display": "57", "missing_lines": 6, "excluded_lines": 0, "percent_statements_covered": 57.142857142857146, "percent_statements_covered_display": "57"}, "missing_lines": [101, 102, 103, 104, 105, 106], "excluded_lines": [], "start_line": 89}, "": {"executed_lines": [1, 3, 4, 5, 6, 7, 10, 26, 43, 59, 73, 89], "summary": {"covered_lines": 12, "num_statements": 12, "percent_covered": 100.0, "percent_covered_display": "100", "missing_lines": 0, "excluded_lines": 0, "percent_statements_covered": 100.0, "percent_statements_covered_display": "100"}, "missing_lines": [], "excluded_lines": [], "start_line": 1}}, "classes": {"": {"executed_lines": [1, 3, 4, 5, 6, 7, 10, 26, 27, 29, 31, 32, 33, 36, 37, 43, 59, 60, 62, 63, 66, 67, 73, 89, 90, 92, 93, 96, 97, 98, 99, 100], "summary": {"covered_lines": 32, "num_statements": 44, "percent_covered": 72.72727272727273, "percent_covered_display": "73", "missing_lines": 12, "excluded_lines": 0, "percent_statements_covered": 72.72727272727273, "percent_statements_covered_display": "73"}, "missing_lines": [38, 39, 40, 68, 69, 70, 101, 102, 103, 104, 105, 106], "excluded_lines": [], "start_line": 1}}}, "src/zrb/builtin/llm/chat.py": {"executed_lines": [1, 2, 3, 4, 5, 6, 7, 8, 9, 10, 11, 12, 27, 28, 29, 30, 31, 41, 43, 85, 88, 103, 104, 107, 113, 114, 117, 122, 125, 144, 146, 147], "summary": {"covered_lines": 32, "num_statements": 32, "percent_covered": 100.0, "percent_covered_display": "100", "missing_lines": 0, "excluded_lines": 0, "percent_statements_covered": 100.0, "percent_statements_covered_display": "100"}, "missing_lines": [], "excluded_lines": [], "functions": {"": {"executed_lines": [1, 2, 3, 4, 5, 6, 7, 8, 9, 10, 11, 12, 27, 28, 29, 30, 31, 41, 43, 85, 88, 103, 104, 107, 113, 114, 117, 122, 125, 144, 146, 147], "summary": {"covered_lines": 32, "num_statements": 32, "percent_covered": 100.0, "percent_covered_display": "100", "missing_lines": 0, "excluded_lines": 0, "percent_statements_covered": 100.0, "percent_statements_covered_display": "100"}, "missing_lines": [], "excluded_lines": [], "start_line": 1}}, "classes": {"": {"executed_lines": [1, 2, 3, 4, 5, 6, 7, 8, 9, 10, 11, 12, 27, 28, 29, 30, 31, 41, 43, 85, 88, 103, 104, 107, 113, 114, 117, 122, 125, 144, 146, 147], "summary": {"covered_lines": 32, "num_statements": 32, "percent_covered": 100.0, "percent_covered_display": "100", "missing_lines": 0, "excluded_lines": 0, "percent_statements_covered": 100.0, "percent_statements_covered_display": "100"}, "missing_lines": [], "excluded_lines": [], "start_line": 1}}}, "src/zrb/builtin/llm/chat_tool_policy.py": {"executed_lines": [1, 4, 5, 6, 7, 8, 9, 10, 11, 12, 13, 16, 17, 18, 19, 20], "summary": {"covered_lines": 16, "num_statements": 18, "percent_covered": 88.88888888888889, "percent_covered_display": "89", "missing_lines": 2, "excluded_lines": 0, "percent_statements_covered": 88.88888888888889, "percent_statements_covered_display": "89"}, "missing_lines": [21, 22], "excluded_lines": [], "functions": {"approve_if_path_inside_cwd": {"executed_lines": [5, 6, 7, 8, 9, 10, 11, 12, 13], "summary": {"covered_lines": 9, "num_statements": 9, "percent_covered": 100.0, "percent_covered_display": "100", "missing_lines": 0, "excluded_lines": 0, "percent_statements_covered": 100.0, "percent_statements_covered_display": "100"}, "missing_lines": [], "excluded_lines": [], "start_line": 4}, "_is_path_inside_cwd": {"executed_lines": [17, 18, 19, 20], "summary": {"covered_lines": 4, "num_statements": 6, "percent_covered": 66.66666666666667, "percent_covered_display": "67", "missing_lines": 2, "excluded_lines": 0, "percent_statements_covered": 66.66666666666667, "percent_statements_covered_display": "67"}, "missing_lines": [21, 22], "excluded_lines": [], "start_line": 16}, "": {"executed_lines": [1, 4, 16], "summary": {"covered_lines": 3, "num_statements": 3, "percent_covered": 100.0, "percent_covered_display": "100", "missing_lines": 0, "excluded_lines": 0, "percent_statements_covered": 100.0, "percent_statements_covered_display": "100"}, "missing_lines": [], "excluded_lines": [], "start_line": 1}}, "classes": {"": {"executed_lines": [1, 4, 5, 6, 7, 8, 9, 10, 11, 12, 13, 16, 17, 18, 19, 20], "summary": {"covered_lines": 16, "num_statements": 18, "percent_covered": 88.88888888888889, "percent_covered_display": "89", "missing_lines": 2, "excluded_lines": 0, "percent_statements_covered": 88.88888888888889, "percent_statements_covered_display": "89"}, "missing_lines": [21, 22], "excluded_lines": [], "start_line": 1}}}, "src/zrb/builtin/md5.py": {"executed_lines": [1, 2, 3, 4, 7, 14, 15, 17, 18, 19, 22, 29, 30, 32, 33, 34, 35, 36, 39, 50, 51, 53, 54, 55, 56, 58, 59], "summary": {"covered_lines": 27, "num_statements": 27, "percent_covered": 100.0, "percent_covered_display": "100", "missing_lines": 0, "excluded_lines": 0, "percent_statements_covered": 100.0, "percent_statements_covered_display": "100"}, "missing_lines": [], "excluded_lines": [], "functions": {"hash_md5": {"executed_lines": [15, 17, 18, 19], "summary": {"covered_lines": 4, "num_statements": 4, "percent_covered": 100.0, "percent_covered_display": "100", "missing_lines": 0, "excluded_lines": 0, "percent_statements_covered": 100.0, "percent_statements_covered_display": "100"}, "missing_lines": [], "excluded_lines": [], "start_line": 14}, "sum_md5": {"executed_lines": [30, 32, 33, 34, 35, 36], "summary": {"covered_lines": 6, "num_statements": 6, "percent_covered": 100.0, "percent_covered_display": "100", "missing_lines": 0, "excluded_lines": 0, "percent_statements_covered": 100.0, "percent_statements_covered_display": "100"}, "missing_lines": [], "excluded_lines": [], "start_line": 29}, "validate_md5": {"executed_lines": [51, 53, 54, 55, 56, 58, 59], "summary": {"covered_lines": 7, "num_statements": 7, "percent_covered": 100.0, "percent_covered_display": "100", "missing_lines": 0, "excluded_lines": 0, "percent_statements_covered": 100.0, "percent_statements_covered_display": "100"}, "missing_lines": [], "excluded_lines": [], "start_line": 50}, "": {"executed_lines": [1, 2, 3, 4, 7, 14, 22, 29, 39, 50], "summary": {"covered_lines": 10, "num_statements": 10, "percent_covered": 100.0, "percent_covered_display": "100", "missing_lines": 0, "excluded_lines": 0, "percent_statements_covered": 100.0, "percent_statements_covered_display": "100"}, "missing_lines": [], "excluded_lines": [], "start_line": 1}}, "classes": {"": {"executed_lines": [1, 2, 3, 4, 7, 14, 15, 17, 18, 19, 22, 29, 30, 32, 33, 34, 35, 36, 39, 50, 51, 53, 54, 55, 56, 58, 59], "summary": {"covered_lines": 27, "num_statements": 27, "percent_covered": 100.0, "percent_covered_display": "100", "missing_lines": 0, "excluded_lines": 0, "percent_statements_covered": 100.0, "percent_statements_covered_display": "100"}, "missing_lines": [], "excluded_lines": [], "start_line": 1}}}, "src/zrb/builtin/project/add/fastapp/fastapp_input.py": {"executed_lines": [1, 3, 5, 12], "summary": {"covered_lines": 4, "num_statements": 4, "percent_covered": 100.0, "percent_covered_display": "100", "missing_lines": 0, "excluded_lines": 0, "percent_statements_covered": 100.0, "percent_statements_covered_display": "100"}, "missing_lines": [], "excluded_lines": [], "functions": {"": {"executed_lines": [1, 3, 5, 12], "summary": {"covered_lines": 4, "num_statements": 4, "percent_covered": 100.0, "percent_covered_display": "100", "missing_lines": 0, "excluded_lines": 0, "percent_statements_covered": 100.0, "percent_statements_covered_display": "100"}, "missing_lines": [], "excluded_lines": [], "start_line": 1}}, "classes": {"": {"executed_lines": [1, 3, 5, 12], "summary": {"covered_lines": 4, "num_statements": 4, "percent_covered": 100.0, "percent_covered_display": "100", "missing_lines": 0, "excluded_lines": 0, "percent_statements_covered": 100.0, "percent_statements_covered_display": "100"}, "missing_lines": [], "excluded_lines": [], "start_line": 1}}}, "src/zrb/builtin/project/add/fastapp/fastapp_task.py": {"executed_lines": [1, 3, 4, 8, 13, 14, 15, 16, 17, 18, 19, 22, 27, 28, 29, 30, 31, 32, 33, 36, 73], "summary": {"covered_lines": 21, "num_statements": 21, "percent_covered": 100.0, "percent_covered_display": "100", "missing_lines": 0, "excluded_lines": 0, "percent_statements_covered": 100.0, "percent_statements_covered_display": "100"}, "missing_lines": [], "excluded_lines": [], "functions": {"validate_add_fastapp": {"executed_lines": [28, 29, 30, 31, 32, 33], "summary": {"covered_lines": 6, "num_statements": 6, "percent_covered": 100.0, "percent_covered_display": "100", "missing_lines": 0, "excluded_lines": 0, "percent_statements_covered": 100.0, "percent_statements_covered_display": "100"}, "missing_lines": [], "excluded_lines": [], "start_line": 27}, "": {"executed_lines": [1, 3, 4, 8, 13, 14, 15, 16, 17, 18, 19, 22, 27, 36, 73], "summary": {"covered_lines": 15, "num_statements": 15, "percent_covered": 100.0, "percent_covered_display": "100", "missing_lines": 0, "excluded_lines": 0, "percent_statements_covered": 100.0, "percent_statements_covered_display": "100"}, "missing_lines": [], "excluded_lines": [], "start_line": 1}}, "classes": {"": {"executed_lines": [1, 3, 4, 8, 13, 14, 15, 16, 17, 18, 19, 22, 27, 28, 29, 30, 31, 32, 33, 36, 73], "summary": {"covered_lines": 21, "num_statements": 21, "percent_covered": 100.0, "percent_covered_display": "100", "missing_lines": 0, "excluded_lines": 0, "percent_statements_covered": 100.0, "percent_statements_covered_display": "100"}, "missing_lines": [], "excluded_lines": [], "start_line": 1}}}, "src/zrb/builtin/project/add/fastapp/fastapp_util.py": {"executed_lines": [1, 3, 4, 5, 8, 9, 16, 17, 22, 34, 35, 36, 39, 40, 41, 44], "summary": {"covered_lines": 16, "num_statements": 18, "percent_covered": 88.88888888888889, "percent_covered_display": "89", "missing_lines": 2, "excluded_lines": 0, "percent_statements_covered": 88.88888888888889, "percent_statements_covered_display": "89"}, "missing_lines": [23, 24], "excluded_lines": [], "functions": {"is_in_project_app_dir": {"executed_lines": [9], "summary": {"covered_lines": 1, "num_statements": 1, "percent_covered": 100.0, "percent_covered_display": "100", "missing_lines": 0, "excluded_lines": 0, "percent_statements_covered": 100.0, "percent_statements_covered_display": "100"}, "missing_lines": [], "excluded_lines": [], "start_line": 8}, "is_project_zrb_init_file": {"executed_lines": [17], "summary": {"covered_lines": 1, "num_statements": 1, "percent_covered": 100.0, "percent_covered_display": "100", "missing_lines": 0, "excluded_lines": 0, "percent_statements_covered": 100.0, "percent_statements_covered_display": "100"}, "missing_lines": [], "excluded_lines": [], "start_line": 16}, "update_project_zrb_init_file": {"executed_lines": [], "summary": {"covered_lines": 0, "num_statements": 2, "percent_covered": 0.0, "percent_covered_display": "0", "missing_lines": 2, "excluded_lines": 0, "percent_statements_covered": 0.0, "percent_statements_covered_display": "0"}, "missing_lines": [23, 24], "excluded_lines": [], "start_line": 22}, "_get_import_load_file_code": {"executed_lines": [35, 36], "summary": {"covered_lines": 2, "num_statements": 2, "percent_covered": 100.0, "percent_covered_display": "100", "missing_lines": 0, "excluded_lines": 0, "percent_statements_covered": 100.0, "percent_statements_covered_display": "100"}, "missing_lines": [], "excluded_lines": [], "start_line": 34}, "_get_load_app_name_task_code": {"executed_lines": [40, 41, 44], "summary": {"covered_lines": 3, "num_statements": 3, "percent_covered": 100.0, "percent_covered_display": "100", "missing_lines": 0, "excluded_lines": 0, "percent_statements_covered": 100.0, "percent_statements_covered_display": "100"}, "missing_lines": [], "excluded_lines": [], "start_line": 39}, "": {"executed_lines": [1, 3, 4, 5, 8, 16, 22, 34, 39], "summary": {"covered_lines": 9, "num_statements": 9, "percent_covered": 100.0, "percent_covered_display": "100", "missing_lines": 0, "excluded_lines": 0, "percent_statements_covered": 100.0, "percent_statements_covered_display": "100"}, "missing_lines": [], "excluded_lines": [], "start_line": 1}}, "classes": {"": {"executed_lines": [1, 3, 4, 5, 8, 9, 16, 17, 22, 34, 35, 36, 39, 40, 41, 44], "summary": {"covered_lines": 16, "num_statements": 18, "percent_covered": 88.88888888888889, "percent_covered_display": "89", "missing_lines": 2, "excluded_lines": 0, "percent_statements_covered": 88.88888888888889, "percent_statements_covered_display": "89"}, "missing_lines": [23, 24], "excluded_lines": [], "start_line": 1}}}, "src/zrb/builtin/project/create/project_task.py": {"executed_lines": [1, 3, 4, 5, 6, 8, 10, 34, 41], "summary": {"covered_lines": 9, "num_statements": 9, "percent_covered": 100.0, "percent_covered_display": "100", "missing_lines": 0, "excluded_lines": 0, "percent_statements_covered": 100.0, "percent_statements_covered_display": "100"}, "missing_lines": [], "excluded_lines": [], "functions": {"": {"executed_lines": [1, 3, 4, 5, 6, 8, 10, 34, 41], "summary": {"covered_lines": 9, "num_statements": 9, "percent_covered": 100.0, "percent_covered_display": "100", "missing_lines": 0, "excluded_lines": 0, "percent_statements_covered": 100.0, "percent_statements_covered_display": "100"}, "missing_lines": [], "excluded_lines": [], "start_line": 1}}, "classes": {"": {"executed_lines": [1, 3, 4, 5, 6, 8, 10, 34, 41], "summary": {"covered_lines": 9, "num_statements": 9, "percent_covered": 100.0, "percent_covered_display": "100", "missing_lines": 0, "excluded_lines": 0, "percent_statements_covered": 100.0, "percent_statements_covered_display": "100"}, "missing_lines": [], "excluded_lines": [], "start_line": 1}}}, "src/zrb/builtin/python.py": {"executed_lines": [1, 2, 4], "summary": {"covered_lines": 3, "num_statements": 3, "percent_covered": 100.0, "percent_covered_display": "100", "missing_lines": 0, "excluded_lines": 0, "percent_statements_covered": 100.0, "percent_statements_covered_display": "100"}, "missing_lines": [], "excluded_lines": [], "functions": {"": {"executed_lines": [1, 2, 4], "summary": {"covered_lines": 3, "num_statements": 3, "percent_covered": 100.0, "percent_covered_display": "100", "missing_lines": 0, "excluded_lines": 0, "percent_statements_covered": 100.0, "percent_statements_covered_display": "100"}, "missing_lines": [], "excluded_lines": [], "start_line": 1}}, "classes": {"": {"executed_lines": [1, 2, 4], "summary": {"covered_lines": 3, "num_statements": 3, "percent_covered": 100.0, "percent_covered_display": "100", "missing_lines": 0, "excluded_lines": 0, "percent_statements_covered": 100.0, "percent_statements_covered_display": "100"}, "missing_lines": [], "excluded_lines": [], "start_line": 1}}}, "src/zrb/builtin/random.py": {"executed_lines": [1, 3, 4, 5, 6, 7, 10, 31, 32, 33, 34, 35, 36, 37, 38, 39, 40, 41, 44, 57, 58, 59, 60, 61], "summary": {"covered_lines": 24, "num_statements": 24, "percent_covered": 100.0, "percent_covered_display": "100", "missing_lines": 0, "excluded_lines": 0, "percent_statements_covered": 100.0, "percent_statements_covered_display": "100"}, "missing_lines": [], "excluded_lines": [], "functions": {"throw_dice": {"executed_lines": [32, 33, 34, 35, 36, 37, 38, 39, 40, 41], "summary": {"covered_lines": 10, "num_statements": 10, "percent_covered": 100.0, "percent_covered_display": "100", "missing_lines": 0, "excluded_lines": 0, "percent_statements_covered": 100.0, "percent_statements_covered_display": "100"}, "missing_lines": [], "excluded_lines": [], "start_line": 31}, "shuffle_values": {"executed_lines": [58, 59, 60, 61], "summary": {"covered_lines": 4, "num_statements": 4, "percent_covered": 100.0, "percent_covered_display": "100", "missing_lines": 0, "excluded_lines": 0, "percent_statements_covered": 100.0, "percent_statements_covered_display": "100"}, "missing_lines": [], "excluded_lines": [], "start_line": 57}, "": {"executed_lines": [1, 3, 4, 5, 6, 7, 10, 31, 44, 57], "summary": {"covered_lines": 10, "num_statements": 10, "percent_covered": 100.0, "percent_covered_display": "100", "missing_lines": 0, "excluded_lines": 0, "percent_statements_covered": 100.0, "percent_statements_covered_display": "100"}, "missing_lines": [], "excluded_lines": [], "start_line": 1}}, "classes": {"": {"executed_lines": [1, 3, 4, 5, 6, 7, 10, 31, 32, 33, 34, 35, 36, 37, 38, 39, 40, 41, 44, 57, 58, 59, 60, 61], "summary": {"covered_lines": 24, "num_statements": 24, "percent_covered": 100.0, "percent_covered_display": "100", "missing_lines": 0, "excluded_lines": 0, "percent_statements_covered": 100.0, "percent_statements_covered_display": "100"}, "missing_lines": [], "excluded_lines": [], "start_line": 1}}}, "src/zrb/builtin/searxng/start.py": {"executed_lines": [1, 3, 4, 5, 6, 7, 9], "summary": {"covered_lines": 7, "num_statements": 7, "percent_covered": 100.0, "percent_covered_display": "100", "missing_lines": 0, "excluded_lines": 0, "percent_statements_covered": 100.0, "percent_statements_covered_display": "100"}, "missing_lines": [], "excluded_lines": [], "functions": {"": {"executed_lines": [1, 3, 4, 5, 6, 7, 9], "summary": {"covered_lines": 7, "num_statements": 7, "percent_covered": 100.0, "percent_covered_display": "100", "missing_lines": 0, "excluded_lines": 0, "percent_statements_covered": 100.0, "percent_statements_covered_display": "100"}, "missing_lines": [], "excluded_lines": [], "start_line": 1}}, "classes": {"": {"executed_lines": [1, 3, 4, 5, 6, 7, 9], "summary": {"covered_lines": 7, "num_statements": 7, "percent_covered": 100.0, "percent_covered_display": "100", "missing_lines": 0, "excluded_lines": 0, "percent_statements_covered": 100.0, "percent_statements_covered_display": "100"}, "missing_lines": [], "excluded_lines": [], "start_line": 1}}}, "src/zrb/builtin/setup/asdf/asdf.py": {"executed_lines": [1, 3, 4, 10, 17, 18, 19, 21, 29, 34, 37, 43, 48, 54, 59, 65, 72, 78, 87], "summary": {"covered_lines": 19, "num_statements": 31, "percent_covered": 61.29032258064516, "percent_covered_display": "61", "missing_lines": 12, "excluded_lines": 0, "percent_statements_covered": 61.29032258064516, "percent_statements_covered_display": "61"}, "missing_lines": [44, 45, 55, 56, 66, 67, 79, 80, 81, 82, 83, 84], "excluded_lines": [], "functions": {"setup_asdf_on_bash": {"executed_lines": [], "summary": {"covered_lines": 0, "num_statements": 2, "percent_covered": 0.0, "percent_covered_display": "0", "missing_lines": 2, "excluded_lines": 0, "percent_statements_covered": 0.0, "percent_statements_covered_display": "0"}, "missing_lines": [44, 45], "excluded_lines": [], "start_line": 43}, "setup_asdf_on_zsh": {"executed_lines": [], "summary": {"covered_lines": 0, "num_statements": 2, "percent_covered": 0.0, "percent_covered_display": "0", "missing_lines": 2, "excluded_lines": 0, "percent_statements_covered": 0.0, "percent_statements_covered_display": "0"}, "missing_lines": [55, 56], "excluded_lines": [], "start_line": 54}, "setup_asdf_on_powershell": {"executed_lines": [], "summary": {"covered_lines": 0, "num_statements": 2, "percent_covered": 0.0, "percent_covered_display": "0", "missing_lines": 2, "excluded_lines": 0, "percent_statements_covered": 0.0, "percent_statements_covered_display": "0"}, "missing_lines": [66, 67], "excluded_lines": [], "start_line": 65}, "setup_asdf": {"executed_lines": [], "summary": {"covered_lines": 0, "num_statements": 6, "percent_covered": 0.0, "percent_covered_display": "0", "missing_lines": 6, "excluded_lines": 0, "percent_statements_covered": 0.0, "percent_statements_covered_display": "0"}, "missing_lines": [79, 80, 81, 82, 83, 84], "excluded_lines": [], "start_line": 78}, "": {"executed_lines": [1, 3, 4, 10, 17, 18, 19, 21, 29, 34, 37, 43, 48, 54, 59, 65, 72, 78, 87], "summary": {"covered_lines": 19, "num_statements": 19, "percent_covered": 100.0, "percent_covered_display": "100", "missing_lines": 0, "excluded_lines": 0, "percent_statements_covered": 100.0, "percent_statements_covered_display": "100"}, "missing_lines": [], "excluded_lines": [], "start_line": 1}}, "classes": {"": {"executed_lines": [1, 3, 4, 10, 17, 18, 19, 21, 29, 34, 37, 43, 48, 54, 59, 65, 72, 78, 87], "summary": {"covered_lines": 19, "num_statements": 31, "percent_covered": 61.29032258064516, "percent_covered_display": "61", "missing_lines": 12, "excluded_lines": 0, "percent_statements_covered": 61.29032258064516, "percent_statements_covered_display": "61"}, "missing_lines": [44, 45, 55, 56, 66, 67, 79, 80, 81, 82, 83, 84], "excluded_lines": [], "start_line": 1}}}, "src/zrb/builtin/setup/asdf/asdf_helper.py": {"executed_lines": [1, 3, 4, 7, 21, 26, 30, 34], "summary": {"covered_lines": 8, "num_statements": 28, "percent_covered": 28.571428571428573, "percent_covered_display": "29", "missing_lines": 20, "excluded_lines": 0, "percent_statements_covered": 28.571428571428573, "percent_statements_covered_display": "29"}, "missing_lines": [8, 9, 10, 11, 12, 14, 15, 16, 17, 18, 22, 23, 27, 31, 35, 36, 37, 38, 39, 40], "excluded_lines": [], "functions": {"get_install_prerequisites_cmd": {"executed_lines": [], "summary": {"covered_lines": 0, "num_statements": 10, "percent_covered": 0.0, "percent_covered_display": "0", "missing_lines": 10, "excluded_lines": 0, "percent_statements_covered": 0.0, "percent_statements_covered_display": "0"}, "missing_lines": [8, 9, 10, 11, 12, 14, 15, 16, 17, 18], "excluded_lines": [], "start_line": 7}, "check_inexist_asdf_dir": {"executed_lines": [], "summary": {"covered_lines": 0, "num_statements": 2, "percent_covered": 0.0, "percent_covered_display": "0", "missing_lines": 2, "excluded_lines": 0, "percent_statements_covered": 0.0, "percent_statements_covered_display": "0"}, "missing_lines": [22, 23], "excluded_lines": [], "start_line": 21}, "setup_asdf_sh_config": {"executed_lines": [], "summary": {"covered_lines": 0, "num_statements": 1, "percent_covered": 0.0, "percent_covered_display": "0", "missing_lines": 1, "excluded_lines": 0, "percent_statements_covered": 0.0, "percent_statements_covered_display": "0"}, "missing_lines": [27], "excluded_lines": [], "start_line": 26}, "setup_asdf_ps_config": {"executed_lines": [], "summary": {"covered_lines": 0, "num_statements": 1, "percent_covered": 0.0, "percent_covered_display": "0", "missing_lines": 1, "excluded_lines": 0, "percent_statements_covered": 0.0, "percent_statements_covered_display": "0"}, "missing_lines": [31], "excluded_lines": [], "start_line": 30}, "_setup_asdf_config": {"executed_lines": [], "summary": {"covered_lines": 0, "num_statements": 6, "percent_covered": 0.0, "percent_covered_display": "0", "missing_lines": 6, "excluded_lines": 0, "percent_statements_covered": 0.0, "percent_statements_covered_display": "0"}, "missing_lines": [35, 36, 37, 38, 39, 40], "excluded_lines": [], "start_line": 34}, "": {"executed_lines": [1, 3, 4, 7, 21, 26, 30, 34], "summary": {"covered_lines": 8, "num_statements": 8, "percent_covered": 100.0, "percent_covered_display": "100", "missing_lines": 0, "excluded_lines": 0, "percent_statements_covered": 100.0, "percent_statements_covered_display": "100"}, "missing_lines": [], "excluded_lines": [], "start_line": 1}}, "classes": {"": {"executed_lines": [1, 3, 4, 7, 21, 26, 30, 34], "summary": {"covered_lines": 8, "num_statements": 28, "percent_covered": 28.571428571428573, "percent_covered_display": "29", "missing_lines": 20, "excluded_lines": 0, "percent_statements_covered": 28.571428571428573, "percent_statements_covered_display": "29"}, "missing_lines": [8, 9, 10, 11, 12, 14, 15, 16, 17, 18, 22, 23, 27, 31, 35, 36, 37, 38, 39, 40], "excluded_lines": [], "start_line": 1}}}, "src/zrb/builtin/setup/common_input.py": {"executed_lines": [1, 2, 4, 12, 19, 26, 30], "summary": {"covered_lines": 7, "num_statements": 7, "percent_covered": 100.0, "percent_covered_display": "100", "missing_lines": 0, "excluded_lines": 0, "percent_statements_covered": 100.0, "percent_statements_covered_display": "100"}, "missing_lines": [], "excluded_lines": [], "functions": {"": {"executed_lines": [1, 2, 4, 12, 19, 26, 30], "summary": {"covered_lines": 7, "num_statements": 7, "percent_covered": 100.0, "percent_covered_display": "100", "missing_lines": 0, "excluded_lines": 0, "percent_statements_covered": 100.0, "percent_statements_covered_display": "100"}, "missing_lines": [], "excluded_lines": [], "start_line": 1}}, "classes": {"": {"executed_lines": [1, 2, 4, 12, 19, 26, 30], "summary": {"covered_lines": 7, "num_statements": 7, "percent_covered": 100.0, "percent_covered_display": "100", "missing_lines": 0, "excluded_lines": 0, "percent_statements_covered": 100.0, "percent_statements_covered_display": "100"}, "missing_lines": [], "excluded_lines": [], "start_line": 1}}}, "src/zrb/builtin/setup/latex/ubuntu.py": {"executed_lines": [1, 2, 3, 5, 19], "summary": {"covered_lines": 5, "num_statements": 5, "percent_covered": 100.0, "percent_covered_display": "100", "missing_lines": 0, "excluded_lines": 0, "percent_statements_covered": 100.0, "percent_statements_covered_display": "100"}, "missing_lines": [], "excluded_lines": [], "functions": {"": {"executed_lines": [1, 2, 3, 5, 19], "summary": {"covered_lines": 5, "num_statements": 5, "percent_covered": 100.0, "percent_covered_display": "100", "missing_lines": 0, "excluded_lines": 0, "percent_statements_covered": 100.0, "percent_statements_covered_display": "100"}, "missing_lines": [], "excluded_lines": [], "start_line": 1}}, "classes": {"": {"executed_lines": [1, 2, 3, 5, 19], "summary": {"covered_lines": 5, "num_statements": 5, "percent_covered": 100.0, "percent_covered_display": "100", "missing_lines": 0, "excluded_lines": 0, "percent_statements_covered": 100.0, "percent_statements_covered_display": "100"}, "missing_lines": [], "excluded_lines": [], "start_line": 1}}}, "src/zrb/builtin/setup/tmux/tmux.py": {"executed_lines": [1, 3, 4, 5, 6, 7, 8, 9, 10, 12, 20, 32, 46], "summary": {"covered_lines": 13, "num_statements": 22, "percent_covered": 59.09090909090909, "percent_covered_display": "59", "missing_lines": 9, "excluded_lines": 0, "percent_statements_covered": 59.09090909090909, "percent_statements_covered_display": "59"}, "missing_lines": [33, 34, 36, 37, 38, 39, 40, 42, 43], "excluded_lines": [], "functions": {"setup_tmux": {"executed_lines": [], "summary": {"covered_lines": 0, "num_statements": 9, "percent_covered": 0.0, "percent_covered_display": "0", "missing_lines": 9, "excluded_lines": 0, "percent_statements_covered": 0.0, "percent_statements_covered_display": "0"}, "missing_lines": [33, 34, 36, 37, 38, 39, 40, 42, 43], "excluded_lines": [], "start_line": 32}, "": {"executed_lines": [1, 3, 4, 5, 6, 7, 8, 9, 10, 12, 20, 32, 46], "summary": {"covered_lines": 13, "num_statements": 13, "percent_covered": 100.0, "percent_covered_display": "100", "missing_lines": 0, "excluded_lines": 0, "percent_statements_covered": 100.0, "percent_statements_covered_display": "100"}, "missing_lines": [], "excluded_lines": [], "start_line": 1}}, "classes": {"": {"executed_lines": [1, 3, 4, 5, 6, 7, 8, 9, 10, 12, 20, 32, 46], "summary": {"covered_lines": 13, "num_statements": 22, "percent_covered": 59.09090909090909, "percent_covered_display": "59", "missing_lines": 9, "excluded_lines": 0, "percent_statements_covered": 59.09090909090909, "percent_statements_covered_display": "59"}, "missing_lines": [33, 34, 36, 37, 38, 39, 40, 42, 43], "excluded_lines": [], "start_line": 1}}}, "src/zrb/builtin/setup/tmux/tmux_helper.py": {"executed_lines": [1, 4], "summary": {"covered_lines": 2, "num_statements": 10, "percent_covered": 20.0, "percent_covered_display": "20", "missing_lines": 8, "excluded_lines": 0, "percent_statements_covered": 20.0, "percent_statements_covered_display": "20"}, "missing_lines": [5, 6, 7, 9, 10, 11, 12, 13], "excluded_lines": [], "functions": {"get_install_tmux_cmd": {"executed_lines": [], "summary": {"covered_lines": 0, "num_statements": 8, "percent_covered": 0.0, "percent_covered_display": "0", "missing_lines": 8, "excluded_lines": 0, "percent_statements_covered": 0.0, "percent_statements_covered_display": "0"}, "missing_lines": [5, 6, 7, 9, 10, 11, 12, 13], "excluded_lines": [], "start_line": 4}, "": {"executed_lines": [1, 4], "summary": {"covered_lines": 2, "num_statements": 2, "percent_covered": 100.0, "percent_covered_display": "100", "missing_lines": 0, "excluded_lines": 0, "percent_statements_covered": 100.0, "percent_statements_covered_display": "100"}, "missing_lines": [], "excluded_lines": [], "start_line": 1}}, "classes": {"": {"executed_lines": [1, 4], "summary": {"covered_lines": 2, "num_statements": 10, "percent_covered": 20.0, "percent_covered_display": "20", "missing_lines": 8, "excluded_lines": 0, "percent_statements_covered": 20.0, "percent_statements_covered_display": "20"}, "missing_lines": [5, 6, 7, 9, 10, 11, 12, 13], "excluded_lines": [], "start_line": 1}}}, "src/zrb/builtin/setup/ubuntu.py": {"executed_lines": [1, 2, 4, 11, 17, 19, 37], "summary": {"covered_lines": 7, "num_statements": 7, "percent_covered": 100.0, "percent_covered_display": "100", "missing_lines": 0, "excluded_lines": 0, "percent_statements_covered": 100.0, "percent_statements_covered_display": "100"}, "missing_lines": [], "excluded_lines": [], "functions": {"": {"executed_lines": [1, 2, 4, 11, 17, 19, 37], "summary": {"covered_lines": 7, "num_statements": 7, "percent_covered": 100.0, "percent_covered_display": "100", "missing_lines": 0, "excluded_lines": 0, "percent_statements_covered": 100.0, "percent_statements_covered_display": "100"}, "missing_lines": [], "excluded_lines": [], "start_line": 1}}, "classes": {"": {"executed_lines": [1, 2, 4, 11, 17, 19, 37], "summary": {"covered_lines": 7, "num_statements": 7, "percent_covered": 100.0, "percent_covered_display": "100", "missing_lines": 0, "excluded_lines": 0, "percent_statements_covered": 100.0, "percent_statements_covered_display": "100"}, "missing_lines": [], "excluded_lines": [], "start_line": 1}}}, "src/zrb/builtin/setup/zsh/zsh.py": {"executed_lines": [1, 3, 4, 5, 6, 7, 8, 9, 10, 12, 19, 25, 32, 45], "summary": {"covered_lines": 14, "num_statements": 23, "percent_covered": 60.869565217391305, "percent_covered_display": "61", "missing_lines": 9, "excluded_lines": 0, "percent_statements_covered": 60.869565217391305, "percent_statements_covered_display": "61"}, "missing_lines": [46, 47, 49, 50, 51, 52, 53, 55, 56], "excluded_lines": [], "functions": {"setup_zsh": {"executed_lines": [], "summary": {"covered_lines": 0, "num_statements": 9, "percent_covered": 0.0, "percent_covered_display": "0", "missing_lines": 9, "excluded_lines": 0, "percent_statements_covered": 0.0, "percent_statements_covered_display": "0"}, "missing_lines": [46, 47, 49, 50, 51, 52, 53, 55, 56], "excluded_lines": [], "start_line": 45}, "": {"executed_lines": [1, 3, 4, 5, 6, 7, 8, 9, 10, 12, 19, 25, 32, 45], "summary": {"covered_lines": 14, "num_statements": 14, "percent_covered": 100.0, "percent_covered_display": "100", "missing_lines": 0, "excluded_lines": 0, "percent_statements_covered": 100.0, "percent_statements_covered_display": "100"}, "missing_lines": [], "excluded_lines": [], "start_line": 1}}, "classes": {"": {"executed_lines": [1, 3, 4, 5, 6, 7, 8, 9, 10, 12, 19, 25, 32, 45], "summary": {"covered_lines": 14, "num_statements": 23, "percent_covered": 60.869565217391305, "percent_covered_display": "61", "missing_lines": 9, "excluded_lines": 0, "percent_statements_covered": 60.869565217391305, "percent_statements_covered_display": "61"}, "missing_lines": [46, 47, 49, 50, 51, 52, 53, 55, 56], "excluded_lines": [], "start_line": 1}}}, "src/zrb/builtin/setup/zsh/zsh_helper.py": {"executed_lines": [1, 4], "summary": {"covered_lines": 2, "num_statements": 10, "percent_covered": 20.0, "percent_covered_display": "20", "missing_lines": 8, "excluded_lines": 0, "percent_statements_covered": 20.0, "percent_statements_covered_display": "20"}, "missing_lines": [5, 6, 7, 9, 10, 11, 12, 13], "excluded_lines": [], "functions": {"get_install_zsh_cmd": {"executed_lines": [], "summary": {"covered_lines": 0, "num_statements": 8, "percent_covered": 0.0, "percent_covered_display": "0", "missing_lines": 8, "excluded_lines": 0, "percent_statements_covered": 0.0, "percent_statements_covered_display": "0"}, "missing_lines": [5, 6, 7, 9, 10, 11, 12, 13], "excluded_lines": [], "start_line": 4}, "": {"executed_lines": [1, 4], "summary": {"covered_lines": 2, "num_statements": 2, "percent_covered": 100.0, "percent_covered_display": "100", "missing_lines": 0, "excluded_lines": 0, "percent_statements_covered": 100.0, "percent_statements_covered_display": "100"}, "missing_lines": [], "excluded_lines": [], "start_line": 1}}, "classes": {"": {"executed_lines": [1, 4], "summary": {"covered_lines": 2, "num_statements": 10, "percent_covered": 20.0, "percent_covered_display": "20", "missing_lines": 8, "excluded_lines": 0, "percent_statements_covered": 20.0, "percent_statements_covered_display": "20"}, "missing_lines": [5, 6, 7, 9, 10, 11, 12, 13], "excluded_lines": [], "start_line": 1}}}, "src/zrb/builtin/shell/autocomplete/bash.py": {"executed_lines": [1, 2, 3, 4, 6, 34, 40], "summary": {"covered_lines": 7, "num_statements": 8, "percent_covered": 87.5, "percent_covered_display": "88", "missing_lines": 1, "excluded_lines": 0, "percent_statements_covered": 87.5, "percent_statements_covered_display": "88"}, "missing_lines": [41], "excluded_lines": [], "functions": {"make_bash_autocomplete": {"executed_lines": [], "summary": {"covered_lines": 0, "num_statements": 1, "percent_covered": 0.0, "percent_covered_display": "0", "missing_lines": 1, "excluded_lines": 0, "percent_statements_covered": 0.0, "percent_statements_covered_display": "0"}, "missing_lines": [41], "excluded_lines": [], "start_line": 40}, "": {"executed_lines": [1, 2, 3, 4, 6, 34, 40], "summary": {"covered_lines": 7, "num_statements": 7, "percent_covered": 100.0, "percent_covered_display": "100", "missing_lines": 0, "excluded_lines": 0, "percent_statements_covered": 100.0, "percent_statements_covered_display": "100"}, "missing_lines": [], "excluded_lines": [], "start_line": 1}}, "classes": {"": {"executed_lines": [1, 2, 3, 4, 6, 34, 40], "summary": {"covered_lines": 7, "num_statements": 8, "percent_covered": 87.5, "percent_covered_display": "88", "missing_lines": 1, "excluded_lines": 0, "percent_statements_covered": 87.5, "percent_statements_covered_display": "88"}, "missing_lines": [41], "excluded_lines": [], "start_line": 1}}}, "src/zrb/builtin/shell/autocomplete/subcmd.py": {"executed_lines": [1, 2, 3, 4, 5, 8, 14], "summary": {"covered_lines": 7, "num_statements": 12, "percent_covered": 58.333333333333336, "percent_covered_display": "58", "missing_lines": 5, "excluded_lines": 0, "percent_statements_covered": 58.333333333333336, "percent_statements_covered_display": "58"}, "missing_lines": [15, 16, 17, 18, 19], "excluded_lines": [], "functions": {"get_shell_subcommands": {"executed_lines": [], "summary": {"covered_lines": 0, "num_statements": 5, "percent_covered": 0.0, "percent_covered_display": "0", "missing_lines": 5, "excluded_lines": 0, "percent_statements_covered": 0.0, "percent_statements_covered_display": "0"}, "missing_lines": [15, 16, 17, 18, 19], "excluded_lines": [], "start_line": 14}, "": {"executed_lines": [1, 2, 3, 4, 5, 8, 14], "summary": {"covered_lines": 7, "num_statements": 7, "percent_covered": 100.0, "percent_covered_display": "100", "missing_lines": 0, "excluded_lines": 0, "percent_statements_covered": 100.0, "percent_statements_covered_display": "100"}, "missing_lines": [], "excluded_lines": [], "start_line": 1}}, "classes": {"": {"executed_lines": [1, 2, 3, 4, 5, 8, 14], "summary": {"covered_lines": 7, "num_statements": 12, "percent_covered": 58.333333333333336, "percent_covered_display": "58", "missing_lines": 5, "excluded_lines": 0, "percent_statements_covered": 58.333333333333336, "percent_statements_covered_display": "58"}, "missing_lines": [15, 16, 17, 18, 19], "excluded_lines": [], "start_line": 1}}}, "src/zrb/builtin/shell/autocomplete/zsh.py": {"executed_lines": [1, 2, 3, 4, 6, 31, 37], "summary": {"covered_lines": 7, "num_statements": 8, "percent_covered": 87.5, "percent_covered_display": "88", "missing_lines": 1, "excluded_lines": 0, "percent_statements_covered": 87.5, "percent_statements_covered_display": "88"}, "missing_lines": [38], "excluded_lines": [], "functions": {"make_zsh_autocomplete": {"executed_lines": [], "summary": {"covered_lines": 0, "num_statements": 1, "percent_covered": 0.0, "percent_covered_display": "0", "missing_lines": 1, "excluded_lines": 0, "percent_statements_covered": 0.0, "percent_statements_covered_display": "0"}, "missing_lines": [38], "excluded_lines": [], "start_line": 37}, "": {"executed_lines": [1, 2, 3, 4, 6, 31, 37], "summary": {"covered_lines": 7, "num_statements": 7, "percent_covered": 100.0, "percent_covered_display": "100", "missing_lines": 0, "excluded_lines": 0, "percent_statements_covered": 100.0, "percent_statements_covered_display": "100"}, "missing_lines": [], "excluded_lines": [], "start_line": 1}}, "classes": {"": {"executed_lines": [1, 2, 3, 4, 6, 31, 37], "summary": {"covered_lines": 7, "num_statements": 8, "percent_covered": 87.5, "percent_covered_display": "88", "missing_lines": 1, "excluded_lines": 0, "percent_statements_covered": 87.5, "percent_statements_covered_display": "88"}, "missing_lines": [38], "excluded_lines": [], "start_line": 1}}}, "src/zrb/builtin/todo.py": {"executed_lines": [1, 2, 3, 4, 6, 7, 8, 9, 10, 11, 12, 13, 27, 30, 41, 73, 74, 76, 77, 78, 81, 82, 100, 101, 104, 111, 112, 114, 115, 116, 117, 118, 121, 128, 154, 164, 165, 167, 168, 169, 170, 172, 173, 176, 180, 181, 182, 183, 185, 186, 189, 196, 197, 199, 200, 201, 202, 203, 204, 205, 212, 215, 218, 219, 222, 223, 225, 227, 228, 229, 232, 259, 260, 262, 263, 264, 265, 267, 268, 272, 273, 274, 278, 280, 281, 282, 285, 288, 289, 290, 291, 299, 301, 302, 303, 304, 305, 306, 315, 316, 317, 318, 319, 322, 326, 342, 343, 348, 349, 350, 351, 352, 355], "summary": {"covered_lines": 113, "num_statements": 150, "percent_covered": 75.33333333333333, "percent_covered_display": "75", "missing_lines": 37, "excluded_lines": 0, "percent_statements_covered": 75.33333333333333, "percent_statements_covered_display": "75"}, "missing_lines": [79, 129, 131, 132, 133, 134, 135, 137, 138, 139, 140, 141, 142, 143, 145, 146, 147, 148, 149, 150, 151, 174, 175, 177, 178, 216, 217, 220, 224, 269, 270, 286, 323, 356, 357, 358, 359], "excluded_lines": [], "functions": {"_get_filter_input": {"executed_lines": [30], "summary": {"covered_lines": 1, "num_statements": 1, "percent_covered": 100.0, "percent_covered_display": "100", "missing_lines": 0, "excluded_lines": 0, "percent_statements_covered": 100.0, "percent_statements_covered_display": "100"}, "missing_lines": [], "excluded_lines": [], "start_line": 27}, "add_todo": {"executed_lines": [74, 76, 77, 78, 81, 82, 100, 101], "summary": {"covered_lines": 8, "num_statements": 9, "percent_covered": 88.88888888888889, "percent_covered_display": "89", "missing_lines": 1, "excluded_lines": 0, "percent_statements_covered": 88.88888888888889, "percent_statements_covered_display": "89"}, "missing_lines": [79], "excluded_lines": [], "start_line": 73}, "list_todo": {"executed_lines": [112, 114, 115, 116, 117, 118], "summary": {"covered_lines": 6, "num_statements": 6, "percent_covered": 100.0, "percent_covered_display": "100", "missing_lines": 0, "excluded_lines": 0, "percent_statements_covered": 100.0, "percent_statements_covered_display": "100"}, "missing_lines": [], "excluded_lines": [], "start_line": 111}, "show_todo": {"executed_lines": [], "summary": {"covered_lines": 0, "num_statements": 20, "percent_covered": 0.0, "percent_covered_display": "0", "missing_lines": 20, "excluded_lines": 0, "percent_statements_covered": 0.0, "percent_statements_covered_display": "0"}, "missing_lines": [129, 131, 132, 133, 134, 135, 137, 138, 139, 140, 141, 142, 143, 145, 146, 147, 148, 149, 150, 151], "excluded_lines": [], "start_line": 128}, "complete_todo": {"executed_lines": [165, 167, 168, 169, 170, 172, 173, 176, 180, 181, 182, 183, 185, 186], "summary": {"covered_lines": 14, "num_statements": 18, "percent_covered": 77.77777777777777, "percent_covered_display": "78", "missing_lines": 4, "excluded_lines": 0, "percent_statements_covered": 77.77777777777777, "percent_statements_covered_display": "78"}, "missing_lines": [174, 175, 177, 178], "excluded_lines": [], "start_line": 164}, "archive_todo": {"executed_lines": [197, 199, 200, 201, 202, 203, 204, 205, 212, 215, 218, 219, 222, 223, 225, 227, 228, 229], "summary": {"covered_lines": 18, "num_statements": 22, "percent_covered": 81.81818181818181, "percent_covered_display": "82", "missing_lines": 4, "excluded_lines": 0, "percent_statements_covered": 81.81818181818181, "percent_statements_covered_display": "82"}, "missing_lines": [216, 217, 220, 224], "excluded_lines": [], "start_line": 196}, "log_todo": {"executed_lines": [260, 262, 263, 264, 265, 267, 268, 272, 273, 274, 278, 280, 281, 282, 285, 288, 289, 290, 291, 299, 301, 302, 303, 304, 305, 306], "summary": {"covered_lines": 26, "num_statements": 29, "percent_covered": 89.65517241379311, "percent_covered_display": "90", "missing_lines": 3, "excluded_lines": 0, "percent_statements_covered": 89.65517241379311, "percent_statements_covered_display": "90"}, "missing_lines": [269, 270, 286], "excluded_lines": [], "start_line": 259}, "_get_start_work_time_str": {"executed_lines": [316, 317, 318, 319], "summary": {"covered_lines": 4, "num_statements": 4, "percent_covered": 100.0, "percent_covered_display": "100", "missing_lines": 0, "excluded_lines": 0, "percent_statements_covered": 100.0, "percent_statements_covered_display": "100"}, "missing_lines": [], "excluded_lines": [], "start_line": 315}, "_get_default_stop_work_time_str": {"executed_lines": [], "summary": {"covered_lines": 0, "num_statements": 1, "percent_covered": 0.0, "percent_covered_display": "0", "missing_lines": 1, "excluded_lines": 0, "percent_statements_covered": 0.0, "percent_statements_covered_display": "0"}, "missing_lines": [323], "excluded_lines": [], "start_line": 322}, "edit_todo": {"executed_lines": [343, 348, 349, 350, 351, 352], "summary": {"covered_lines": 6, "num_statements": 6, "percent_covered": 100.0, "percent_covered_display": "100", "missing_lines": 0, "excluded_lines": 0, "percent_statements_covered": 100.0, "percent_statements_covered_display": "100"}, "missing_lines": [], "excluded_lines": [], "start_line": 342}, "_get_todo_txt_content": {"executed_lines": [], "summary": {"covered_lines": 0, "num_statements": 4, "percent_covered": 0.0, "percent_covered_display": "0", "missing_lines": 4, "excluded_lines": 0, "percent_statements_covered": 0.0, "percent_statements_covered_display": "0"}, "missing_lines": [356, 357, 358, 359], "excluded_lines": [], "start_line": 355}, "": {"executed_lines": [1, 2, 3, 4, 6, 7, 8, 9, 10, 11, 12, 13, 27, 41, 73, 104, 111, 121, 128, 154, 164, 189, 196, 232, 259, 315, 322, 326, 342, 355], "summary": {"covered_lines": 30, "num_statements": 30, "percent_covered": 100.0, "percent_covered_display": "100", "missing_lines": 0, "excluded_lines": 0, "percent_statements_covered": 100.0, "percent_statements_covered_display": "100"}, "missing_lines": [], "excluded_lines": [], "start_line": 1}}, "classes": {"": {"executed_lines": [1, 2, 3, 4, 6, 7, 8, 9, 10, 11, 12, 13, 27, 30, 41, 73, 74, 76, 77, 78, 81, 82, 100, 101, 104, 111, 112, 114, 115, 116, 117, 118, 121, 128, 154, 164, 165, 167, 168, 169, 170, 172, 173, 176, 180, 181, 182, 183, 185, 186, 189, 196, 197, 199, 200, 201, 202, 203, 204, 205, 212, 215, 218, 219, 222, 223, 225, 227, 228, 229, 232, 259, 260, 262, 263, 264, 265, 267, 268, 272, 273, 274, 278, 280, 281, 282, 285, 288, 289, 290, 291, 299, 301, 302, 303, 304, 305, 306, 315, 316, 317, 318, 319, 322, 326, 342, 343, 348, 349, 350, 351, 352, 355], "summary": {"covered_lines": 113, "num_statements": 150, "percent_covered": 75.33333333333333, "percent_covered_display": "75", "missing_lines": 37, "excluded_lines": 0, "percent_statements_covered": 75.33333333333333, "percent_statements_covered_display": "75"}, "missing_lines": [79, 129, 131, 132, 133, 134, 135, 137, 138, 139, 140, 141, 142, 143, 145, 146, 147, 148, 149, 150, 151, 174, 175, 177, 178, 216, 217, 220, 224, 269, 270, 286, 323, 356, 357, 358, 359], "excluded_lines": [], "start_line": 1}}}, "src/zrb/builtin/uuid.py": {"executed_lines": [1, 8, 9, 10, 11, 14, 34, 35, 37, 43, 44, 47, 66, 67, 69, 75, 76, 77, 78, 81, 87, 88, 90, 91, 92, 95, 98, 117, 118, 120, 126, 127, 128, 129, 132, 139, 140, 142, 143, 144, 145, 146, 147, 148, 151, 158, 159, 161, 162, 163, 164, 170, 177, 178, 180, 181, 182, 183, 189, 196, 197, 199, 200, 201, 202, 208, 215, 216, 218, 219, 220, 221], "summary": {"covered_lines": 72, "num_statements": 84, "percent_covered": 85.71428571428571, "percent_covered_display": "86", "missing_lines": 12, "excluded_lines": 0, "percent_statements_covered": 85.71428571428571, "percent_statements_covered_display": "86"}, "missing_lines": [165, 166, 167, 184, 185, 186, 203, 204, 205, 222, 223, 224], "excluded_lines": [], "functions": {"generate_uuid_v1": {"executed_lines": [35, 37, 43, 44], "summary": {"covered_lines": 4, "num_statements": 4, "percent_covered": 100.0, "percent_covered_display": "100", "missing_lines": 0, "excluded_lines": 0, "percent_statements_covered": 100.0, "percent_statements_covered_display": "100"}, "missing_lines": [], "excluded_lines": [], "start_line": 34}, "generate_uuid_v3": {"executed_lines": [67, 69, 75, 76, 77, 78], "summary": {"covered_lines": 6, "num_statements": 6, "percent_covered": 100.0, "percent_covered_display": "100", "missing_lines": 0, "excluded_lines": 0, "percent_statements_covered": 100.0, "percent_statements_covered_display": "100"}, "missing_lines": [], "excluded_lines": [], "start_line": 66}, "generate_uuid_v4": {"executed_lines": [88, 90, 91, 92], "summary": {"covered_lines": 4, "num_statements": 4, "percent_covered": 100.0, "percent_covered_display": "100", "missing_lines": 0, "excluded_lines": 0, "percent_statements_covered": 100.0, "percent_statements_covered_display": "100"}, "missing_lines": [], "excluded_lines": [], "start_line": 87}, "generate_uuid_v5": {"executed_lines": [118, 120, 126, 127, 128, 129], "summary": {"covered_lines": 6, "num_statements": 6, "percent_covered": 100.0, "percent_covered_display": "100", "missing_lines": 0, "excluded_lines": 0, "percent_statements_covered": 100.0, "percent_statements_covered_display": "100"}, "missing_lines": [], "excluded_lines": [], "start_line": 117}, "validate_uuid": {"executed_lines": [140, 142, 143, 144, 145, 146, 147, 148], "summary": {"covered_lines": 8, "num_statements": 8, "percent_covered": 100.0, "percent_covered_display": "100", "missing_lines": 0, "excluded_lines": 0, "percent_statements_covered": 100.0, "percent_statements_covered_display": "100"}, "missing_lines": [], "excluded_lines": [], "start_line": 139}, "validate_uuid_v1": {"executed_lines": [159, 161, 162, 163, 164], "summary": {"covered_lines": 5, "num_statements": 8, "percent_covered": 62.5, "percent_covered_display": "62", "missing_lines": 3, "excluded_lines": 0, "percent_statements_covered": 62.5, "percent_statements_covered_display": "62"}, "missing_lines": [165, 166, 167], "excluded_lines": [], "start_line": 158}, "validate_uuid_v3": {"executed_lines": [178, 180, 181, 182, 183], "summary": {"covered_lines": 5, "num_statements": 8, "percent_covered": 62.5, "percent_covered_display": "62", "missing_lines": 3, "excluded_lines": 0, "percent_statements_covered": 62.5, "percent_statements_covered_display": "62"}, "missing_lines": [184, 185, 186], "excluded_lines": [], "start_line": 177}, "validate_uuid_v4": {"executed_lines": [197, 199, 200, 201, 202], "summary": {"covered_lines": 5, "num_statements": 8, "percent_covered": 62.5, "percent_covered_display": "62", "missing_lines": 3, "excluded_lines": 0, "percent_statements_covered": 62.5, "percent_statements_covered_display": "62"}, "missing_lines": [203, 204, 205], "excluded_lines": [], "start_line": 196}, "validate_uuid_v5": {"executed_lines": [216, 218, 219, 220, 221], "summary": {"covered_lines": 5, "num_statements": 8, "percent_covered": 62.5, "percent_covered_display": "62", "missing_lines": 3, "excluded_lines": 0, "percent_statements_covered": 62.5, "percent_statements_covered_display": "62"}, "missing_lines": [222, 223, 224], "excluded_lines": [], "start_line": 215}, "": {"executed_lines": [1, 8, 9, 10, 11, 14, 34, 47, 66, 81, 87, 95, 98, 117, 132, 139, 151, 158, 170, 177, 189, 196, 208, 215], "summary": {"covered_lines": 24, "num_statements": 24, "percent_covered": 100.0, "percent_covered_display": "100", "missing_lines": 0, "excluded_lines": 0, "percent_statements_covered": 100.0, "percent_statements_covered_display": "100"}, "missing_lines": [], "excluded_lines": [], "start_line": 1}}, "classes": {"": {"executed_lines": [1, 8, 9, 10, 11, 14, 34, 35, 37, 43, 44, 47, 66, 67, 69, 75, 76, 77, 78, 81, 87, 88, 90, 91, 92, 95, 98, 117, 118, 120, 126, 127, 128, 129, 132, 139, 140, 142, 143, 144, 145, 146, 147, 148, 151, 158, 159, 161, 162, 163, 164, 170, 177, 178, 180, 181, 182, 183, 189, 196, 197, 199, 200, 201, 202, 208, 215, 216, 218, 219, 220, 221], "summary": {"covered_lines": 72, "num_statements": 84, "percent_covered": 85.71428571428571, "percent_covered_display": "86", "missing_lines": 12, "excluded_lines": 0, "percent_statements_covered": 85.71428571428571, "percent_statements_covered_display": "86"}, "missing_lines": [165, 166, 167, 184, 185, 186, 203, 204, 205, 222, 223, 224], "excluded_lines": [], "start_line": 1}}}, "src/zrb/callback/callback.py": {"executed_lines": [1, 2, 4, 5, 6, 7, 8, 9, 10, 13, 21, 47, 48, 49, 50, 51, 52, 53, 55, 83, 92, 99, 106], "summary": {"covered_lines": 23, "num_statements": 49, "percent_covered": 46.93877551020408, "percent_covered_display": "47", "missing_lines": 26, "excluded_lines": 0, "percent_statements_covered": 46.93877551020408, "percent_statements_covered_display": "47"}, "missing_lines": [56, 60, 65, 66, 67, 69, 70, 71, 72, 74, 75, 76, 77, 78, 79, 80, 81, 86, 95, 102, 109, 110, 111, 112, 113, 114], "excluded_lines": [], "functions": {"Callback.__init__": {"executed_lines": [47, 48, 49, 50, 51, 52, 53], "summary": {"covered_lines": 7, "num_statements": 7, "percent_covered": 100.0, "percent_covered_display": "100", "missing_lines": 0, "excluded_lines": 0, "percent_statements_covered": 100.0, "percent_statements_covered_display": "100"}, "missing_lines": [], "excluded_lines": [], "start_line": 21}, "Callback.async_run": {"executed_lines": [], "summary": {"covered_lines": 0, "num_statements": 17, "percent_covered": 0.0, "percent_covered_display": "0", "missing_lines": 17, "excluded_lines": 0, "percent_statements_covered": 0.0, "percent_statements_covered_display": "0"}, "missing_lines": [56, 60, 65, 66, 67, 69, 70, 71, 72, 74, 75, 76, 77, 78, 79, 80, 81], "excluded_lines": [], "start_line": 55}, "Callback._maybe_publish_session_name_to_parent_session": {"executed_lines": [], "summary": {"covered_lines": 0, "num_statements": 1, "percent_covered": 0.0, "percent_covered_display": "0", "missing_lines": 1, "excluded_lines": 0, "percent_statements_covered": 0.0, "percent_statements_covered_display": "0"}, "missing_lines": [86], "excluded_lines": [], "start_line": 83}, "Callback._maybe_publish_error_to_parent_session": {"executed_lines": [], "summary": {"covered_lines": 0, "num_statements": 1, "percent_covered": 0.0, "percent_covered_display": "0", "missing_lines": 1, "excluded_lines": 0, "percent_statements_covered": 0.0, "percent_statements_covered_display": "0"}, "missing_lines": [95], "excluded_lines": [], "start_line": 92}, "Callback._maybe_publish_result_to_parent_session": {"executed_lines": [], "summary": {"covered_lines": 0, "num_statements": 1, "percent_covered": 0.0, "percent_covered_display": "0", "missing_lines": 1, "excluded_lines": 0, "percent_statements_covered": 0.0, "percent_statements_covered_display": "0"}, "missing_lines": [102], "excluded_lines": [], "start_line": 99}, "Callback._maybe_publish_to_parent_session": {"executed_lines": [], "summary": {"covered_lines": 0, "num_statements": 6, "percent_covered": 0.0, "percent_covered_display": "0", "missing_lines": 6, "excluded_lines": 0, "percent_statements_covered": 0.0, "percent_statements_covered_display": "0"}, "missing_lines": [109, 110, 111, 112, 113, 114], "excluded_lines": [], "start_line": 106}, "": {"executed_lines": [1, 2, 4, 5, 6, 7, 8, 9, 10, 13, 21, 55, 83, 92, 99, 106], "summary": {"covered_lines": 16, "num_statements": 16, "percent_covered": 100.0, "percent_covered_display": "100", "missing_lines": 0, "excluded_lines": 0, "percent_statements_covered": 100.0, "percent_statements_covered_display": "100"}, "missing_lines": [], "excluded_lines": [], "start_line": 1}}, "classes": {"Callback": {"executed_lines": [47, 48, 49, 50, 51, 52, 53], "summary": {"covered_lines": 7, "num_statements": 33, "percent_covered": 21.21212121212121, "percent_covered_display": "21", "missing_lines": 26, "excluded_lines": 0, "percent_statements_covered": 21.21212121212121, "percent_statements_covered_display": "21"}, "missing_lines": [56, 60, 65, 66, 67, 69, 70, 71, 72, 74, 75, 76, 77, 78, 79, 80, 81, 86, 95, 102, 109, 110, 111, 112, 113, 114], "excluded_lines": [], "start_line": 13}, "": {"executed_lines": [1, 2, 4, 5, 6, 7, 8, 9, 10, 13, 21, 55, 83, 92, 99, 106], "summary": {"covered_lines": 16, "num_statements": 16, "percent_covered": 100.0, "percent_covered_display": "100", "missing_lines": 0, "excluded_lines": 0, "percent_statements_covered": 100.0, "percent_statements_covered_display": "100"}, "missing_lines": [], "excluded_lines": [], "start_line": 1}}}, "src/zrb/cmd/cmd_result.py": {"executed_lines": [1, 2, 3, 4, 5, 7, 15], "summary": {"covered_lines": 7, "num_statements": 14, "percent_covered": 50.0, "percent_covered_display": "50", "missing_lines": 7, "excluded_lines": 0, "percent_statements_covered": 50.0, "percent_statements_covered_display": "50"}, "missing_lines": [8, 9, 10, 11, 12, 13, 16], "excluded_lines": [], "functions": {"CmdResult.__init__": {"executed_lines": [3, 4, 5], "summary": {"covered_lines": 3, "num_statements": 3, "percent_covered": 100.0, "percent_covered_display": "100", "missing_lines": 0, "excluded_lines": 0, "percent_statements_covered": 100.0, "percent_statements_covered_display": "100"}, "missing_lines": [], "excluded_lines": [], "start_line": 2}, "CmdResult.__repr__": {"executed_lines": [], "summary": {"covered_lines": 0, "num_statements": 6, "percent_covered": 0.0, "percent_covered_display": "0", "missing_lines": 6, "excluded_lines": 0, "percent_statements_covered": 0.0, "percent_statements_covered_display": "0"}, "missing_lines": [8, 9, 10, 11, 12, 13], "excluded_lines": [], "start_line": 7}, "CmdResult.__str__": {"executed_lines": [], "summary": {"covered_lines": 0, "num_statements": 1, "percent_covered": 0.0, "percent_covered_display": "0", "missing_lines": 1, "excluded_lines": 0, "percent_statements_covered": 0.0, "percent_statements_covered_display": "0"}, "missing_lines": [16], "excluded_lines": [], "start_line": 15}, "": {"executed_lines": [1, 2, 7, 15], "summary": {"covered_lines": 4, "num_statements": 4, "percent_covered": 100.0, "percent_covered_display": "100", "missing_lines": 0, "excluded_lines": 0, "percent_statements_covered": 100.0, "percent_statements_covered_display": "100"}, "missing_lines": [], "excluded_lines": [], "start_line": 1}}, "classes": {"CmdResult": {"executed_lines": [3, 4, 5], "summary": {"covered_lines": 3, "num_statements": 10, "percent_covered": 30.0, "percent_covered_display": "30", "missing_lines": 7, "excluded_lines": 0, "percent_statements_covered": 30.0, "percent_statements_covered_display": "30"}, "missing_lines": [8, 9, 10, 11, 12, 13, 16], "excluded_lines": [], "start_line": 1}, "": {"executed_lines": [1, 2, 7, 15], "summary": {"covered_lines": 4, "num_statements": 4, "percent_covered": 100.0, "percent_covered_display": "100", "missing_lines": 0, "excluded_lines": 0, "percent_statements_covered": 100.0, "percent_statements_covered_display": "100"}, "missing_lines": [], "excluded_lines": [], "start_line": 1}}}, "src/zrb/cmd/cmd_val.py": {"executed_lines": [1, 2, 4, 5, 6, 7, 10, 11, 12, 16, 17, 18, 19, 21, 26, 27, 31, 35, 36], "summary": {"covered_lines": 19, "num_statements": 25, "percent_covered": 76.0, "percent_covered_display": "76", "missing_lines": 6, "excluded_lines": 0, "percent_statements_covered": 76.0, "percent_statements_covered_display": "76"}, "missing_lines": [13, 22, 23, 28, 29, 32], "excluded_lines": [], "functions": {"AnyCmdVal.to_str": {"executed_lines": [], "summary": {"covered_lines": 0, "num_statements": 1, "percent_covered": 0.0, "percent_covered_display": "0", "missing_lines": 1, "excluded_lines": 0, "percent_statements_covered": 0.0, "percent_statements_covered_display": "0"}, "missing_lines": [13], "excluded_lines": [], "start_line": 12}, "CmdPath.__init__": {"executed_lines": [18, 19], "summary": {"covered_lines": 2, "num_statements": 2, "percent_covered": 100.0, "percent_covered_display": "100", "missing_lines": 0, "excluded_lines": 0, "percent_statements_covered": 100.0, "percent_statements_covered_display": "100"}, "missing_lines": [], "excluded_lines": [], "start_line": 17}, "CmdPath.to_str": {"executed_lines": [], "summary": {"covered_lines": 0, "num_statements": 2, "percent_covered": 0.0, "percent_covered_display": "0", "missing_lines": 2, "excluded_lines": 0, "percent_statements_covered": 0.0, "percent_statements_covered_display": "0"}, "missing_lines": [22, 23], "excluded_lines": [], "start_line": 21}, "Cmd.__init__": {"executed_lines": [], "summary": {"covered_lines": 0, "num_statements": 2, "percent_covered": 0.0, "percent_covered_display": "0", "missing_lines": 2, "excluded_lines": 0, "percent_statements_covered": 0.0, "percent_statements_covered_display": "0"}, "missing_lines": [28, 29], "excluded_lines": [], "start_line": 27}, "Cmd.to_str": {"executed_lines": [], "summary": {"covered_lines": 0, "num_statements": 1, "percent_covered": 0.0, "percent_covered_display": "0", "missing_lines": 1, "excluded_lines": 0, "percent_statements_covered": 0.0, "percent_statements_covered_display": "0"}, "missing_lines": [32], "excluded_lines": [], "start_line": 31}, "": {"executed_lines": [1, 2, 4, 5, 6, 7, 10, 11, 12, 16, 17, 21, 26, 27, 31, 35, 36], "summary": {"covered_lines": 17, "num_statements": 17, "percent_covered": 100.0, "percent_covered_display": "100", "missing_lines": 0, "excluded_lines": 0, "percent_statements_covered": 100.0, "percent_statements_covered_display": "100"}, "missing_lines": [], "excluded_lines": [], "start_line": 1}}, "classes": {"AnyCmdVal": {"executed_lines": [], "summary": {"covered_lines": 0, "num_statements": 1, "percent_covered": 0.0, "percent_covered_display": "0", "missing_lines": 1, "excluded_lines": 0, "percent_statements_covered": 0.0, "percent_statements_covered_display": "0"}, "missing_lines": [13], "excluded_lines": [], "start_line": 10}, "CmdPath": {"executed_lines": [18, 19], "summary": {"covered_lines": 2, "num_statements": 4, "percent_covered": 50.0, "percent_covered_display": "50", "missing_lines": 2, "excluded_lines": 0, "percent_statements_covered": 50.0, "percent_statements_covered_display": "50"}, "missing_lines": [22, 23], "excluded_lines": [], "start_line": 16}, "Cmd": {"executed_lines": [], "summary": {"covered_lines": 0, "num_statements": 3, "percent_covered": 0.0, "percent_covered_display": "0", "missing_lines": 3, "excluded_lines": 0, "percent_statements_covered": 0.0, "percent_statements_covered_display": "0"}, "missing_lines": [28, 29, 32], "excluded_lines": [], "start_line": 26}, "": {"executed_lines": [1, 2, 4, 5, 6, 7, 10, 11, 12, 16, 17, 21, 26, 27, 31, 35, 36], "summary": {"covered_lines": 17, "num_statements": 17, "percent_covered": 100.0, "percent_covered_display": "100", "missing_lines": 0, "excluded_lines": 0, "percent_statements_covered": 100.0, "percent_statements_covered_display": "100"}, "missing_lines": [], "excluded_lines": [], "start_line": 1}}}, "src/zrb/config/config.py": {"executed_lines": [1, 2, 3, 5, 13, 14, 16, 30, 31, 32, 33, 34, 35, 36, 37, 38, 39, 40, 41, 42, 43, 44, 45, 46, 47, 48, 49, 50, 51, 52, 53, 54, 55, 56, 57, 58, 59, 60, 61, 62, 63, 64, 65, 66, 67, 68, 69, 70, 71, 72, 73, 74, 75, 76, 77, 78, 79, 80, 81, 82, 83, 84, 85, 86, 87, 88, 89, 90, 91, 92, 93, 94, 95, 96, 97, 98, 99, 100, 101, 102, 103, 104, 105, 106, 107, 108, 109, 110, 111, 112, 113, 114, 115, 116, 117, 118, 119, 120, 121, 122, 123, 124, 125, 126, 127, 128, 129, 130, 131, 132, 133, 134, 135, 136, 137, 138, 139, 141, 142, 143, 145, 146, 149, 150, 151, 153, 154, 155, 161, 162, 165, 166, 167, 169, 170, 173, 174, 175, 185, 186, 189, 190, 191, 194, 195, 200, 202, 203, 206, 207, 208, 210, 211, 214, 215, 216, 222, 223, 226, 227, 228, 231, 232, 237, 239, 240, 243, 244, 245, 247, 248, 251, 252, 253, 257, 258, 263, 264, 265, 269, 270, 273, 274, 275, 283, 284, 289, 290, 291, 292, 293, 296, 302, 303, 306, 307, 308, 309, 310, 311, 317, 318, 321, 322, 323, 325, 326, 329, 330, 331, 333, 334, 337, 338, 339, 340, 341, 342, 348, 349, 352, 353, 354, 357, 358, 363, 365, 366, 369, 370, 371, 374, 375, 380, 382, 383, 386, 387, 388, 392, 393, 396, 397, 398, 400, 401, 404, 405, 406, 410, 411, 414, 415, 416, 420, 421, 424, 425, 426, 432, 433, 436, 437, 438, 444, 445, 448, 449, 450, 456, 457, 460, 4
[...]
t_line": 373}, "_get_minimum_width": {"executed_lines": [453, 454], "summary": {"covered_lines": 2, "num_statements": 2, "percent_covered": 100.0, "percent_covered_display": "100", "missing_lines": 0, "excluded_lines": 0, "percent_statements_covered": 100.0, "percent_statements_covered_display": "100"}, "missing_lines": [], "excluded_lines": [], "start_line": 443}, "get_visual_todo_card": {"executed_lines": [470, 471, 472, 474, 475, 476, 477, 482, 487, 499, 506, 507, 510, 511], "summary": {"covered_lines": 14, "num_statements": 15, "percent_covered": 93.33333333333333, "percent_covered_display": "93", "missing_lines": 1, "excluded_lines": 0, "percent_statements_covered": 93.33333333333333, "percent_statements_covered_display": "93"}, "missing_lines": [473], "excluded_lines": [], "start_line": 457}, "_date_to_str": {"executed_lines": [524, 525, 526], "summary": {"covered_lines": 3, "num_statements": 3, "percent_covered": 100.0, "percent_covered_display": "100", "missing_lines": 0, "excluded_lines": 0, "percent_statements_covered": 100.0, "percent_statements_covered_display": "100"}, "missing_lines": [], "excluded_lines": [], "start_line": 514}, "add_duration": {"executed_lines": [540, 542], "summary": {"covered_lines": 2, "num_statements": 2, "percent_covered": 100.0, "percent_covered_display": "100", "missing_lines": 0, "excluded_lines": 0, "percent_statements_covered": 100.0, "percent_statements_covered_display": "100"}, "missing_lines": [], "excluded_lines": [], "start_line": 529}, "parse_duration": {"executed_lines": [555, 556, 557, 558, 559, 560], "summary": {"covered_lines": 6, "num_statements": 6, "percent_covered": 100.0, "percent_covered_display": "100", "missing_lines": 0, "excluded_lines": 0, "percent_statements_covered": 100.0, "percent_statements_covered_display": "100"}, "missing_lines": [], "excluded_lines": [], "start_line": 545}, "_format_duration": {"executed_lines": [573, 580, 581, 582, 583, 584, 585], "summary": {"covered_lines": 7, "num_statements": 7, "percent_covered": 100.0, "percent_covered_display": "100", "missing_lines": 0, "excluded_lines": 0, "percent_statements_covered": 100.0, "percent_statements_covered_display": "100"}, "missing_lines": [], "excluded_lines": [], "start_line": 563}, "": {"executed_lines": [1, 2, 3, 4, 6, 13, 14, 19, 20, 21, 22, 23, 24, 25, 28, 37, 54, 85, 114, 127, 168, 183, 220, 282, 317, 373, 443, 457, 514, 529, 545, 563], "summary": {"covered_lines": 32, "num_statements": 32, "percent_covered": 100.0, "percent_covered_display": "100", "missing_lines": 0, "excluded_lines": 2, "percent_statements_covered": 100.0, "percent_statements_covered_display": "100"}, "missing_lines": [], "excluded_lines": [16, 17], "start_line": 1}}, "classes": {"": {"executed_lines": [1, 2, 3, 4, 6, 13, 14, 19, 20, 21, 22, 23, 24, 25, 28, 37, 47, 48, 49, 50, 51, 54, 67, 69, 70, 71, 72, 73, 76, 77, 79, 80, 81, 82, 85, 95, 96, 97, 98, 99, 101, 102, 103, 111, 114, 122, 127, 129, 131, 132, 134, 136, 138, 139, 141, 142, 143, 145, 146, 148, 149, 150, 151, 152, 153, 154, 155, 156, 168, 178, 179, 180, 183, 193, 195, 196, 198, 199, 201, 202, 203, 204, 206, 208, 209, 211, 212, 214, 215, 217, 220, 231, 232, 233, 234, 235, 240, 242, 244, 249, 250, 251, 252, 255, 256, 257, 259, 262, 263, 264, 266, 273, 274, 279, 282, 296, 297, 298, 299, 300, 303, 304, 317, 335, 336, 337, 338, 339, 340, 342, 343, 344, 345, 346, 347, 348, 353, 373, 401, 402, 412, 422, 425, 443, 453, 454, 457, 470, 471, 472, 474, 475, 476, 477, 482, 487, 499, 506, 507, 510, 511, 514, 524, 525, 526, 529, 540, 542, 545, 555, 556, 557, 558, 559, 560, 563, 573, 580, 581, 582, 583, 584, 585], "summary": {"covered_lines": 183, "num_statements": 199, "percent_covered": 91.95979899497488, "percent_covered_display": "92", "missing_lines": 16, "excluded_lines": 2, "percent_statements_covered": 91.95979899497488, "percent_statements_covered_display": "92"}, "missing_lines": [74, 78, 100, 133, 239, 241, 243, 248, 258, 341, 426, 435, 436, 439, 440, 473], "excluded_lines": [16, 17], "start_line": 1}}}, "src/zrb/util/todo_model.py": {"executed_lines": [1, 2, 5, 6, 17, 18, 19, 20, 23, 24, 25, 26, 27, 28, 29, 30, 32, 39, 40, 41, 42, 43, 44, 45, 46], "summary": {"covered_lines": 25, "num_statements": 25, "percent_covered": 100.0, "percent_covered_display": "100", "missing_lines": 0, "excluded_lines": 0, "percent_statements_covered": 100.0, "percent_statements_covered_display": "100"}, "missing_lines": [], "excluded_lines": [], "functions": {"TodoTaskModel.__init__": {"executed_lines": [17, 18, 19, 20, 23, 24, 25, 26, 27, 28, 29, 30], "summary": {"covered_lines": 12, "num_statements": 12, "percent_covered": 100.0, "percent_covered_display": "100", "missing_lines": 0, "excluded_lines": 0, "percent_statements_covered": 100.0, "percent_statements_covered_display": "100"}, "missing_lines": [], "excluded_lines": [], "start_line": 6}, "TodoTaskModel.get_additional_info_length": {"executed_lines": [39, 40, 41, 42, 43, 44, 45, 46], "summary": {"covered_lines": 8, "num_statements": 8, "percent_covered": 100.0, "percent_covered_display": "100", "missing_lines": 0, "excluded_lines": 0, "percent_statements_covered": 100.0, "percent_statements_covered_display": "100"}, "missing_lines": [], "excluded_lines": [], "start_line": 32}, "": {"executed_lines": [1, 2, 5, 6, 32], "summary": {"covered_lines": 5, "num_statements": 5, "percent_covered": 100.0, "percent_covered_display": "100", "missing_lines": 0, "excluded_lines": 0, "percent_statements_covered": 100.0, "percent_statements_covered_display": "100"}, "missing_lines": [], "excluded_lines": [], "start_line": 1}}, "classes": {"TodoTaskModel": {"executed_lines": [17, 18, 19, 20, 23, 24, 25, 26, 27, 28, 29, 30, 39, 40, 41, 42, 43, 44, 45, 46], "summary": {"covered_lines": 20, "num_statements": 20, "percent_covered": 100.0, "percent_covered_display": "100", "missing_lines": 0, "excluded_lines": 0, "percent_statements_covered": 100.0, "percent_statements_covered_display": "100"}, "missing_lines": [], "excluded_lines": [], "start_line": 5}, "": {"executed_lines": [1, 2, 5, 6, 32], "summary": {"covered_lines": 5, "num_statements": 5, "percent_covered": 100.0, "percent_covered_display": "100", "missing_lines": 0, "excluded_lines": 0, "percent_statements_covered": 100.0, "percent_statements_covered_display": "100"}, "missing_lines": [], "excluded_lines": [], "start_line": 1}}}, "src/zrb/util/truncate.py": {"executed_lines": [1, 2, 5, 7, 8, 9, 10, 11, 13, 14, 16, 17, 18, 20, 21, 23], "summary": {"covered_lines": 16, "num_statements": 16, "percent_covered": 100.0, "percent_covered_display": "100", "missing_lines": 0, "excluded_lines": 0, "percent_statements_covered": 100.0, "percent_statements_covered_display": "100"}, "missing_lines": [], "excluded_lines": [], "functions": {"truncate_str": {"executed_lines": [7, 8, 9, 10, 11, 13, 14, 16, 17, 18, 20, 21, 23], "summary": {"covered_lines": 13, "num_statements": 13, "percent_covered": 100.0, "percent_covered_display": "100", "missing_lines": 0, "excluded_lines": 0, "percent_statements_covered": 100.0, "percent_statements_covered_display": "100"}, "missing_lines": [], "excluded_lines": [], "start_line": 5}, "": {"executed_lines": [1, 2, 5], "summary": {"covered_lines": 3, "num_statements": 3, "percent_covered": 100.0, "percent_covered_display": "100", "missing_lines": 0, "excluded_lines": 0, "percent_statements_covered": 100.0, "percent_statements_covered_display": "100"}, "missing_lines": [], "excluded_lines": [], "start_line": 1}}, "classes": {"": {"executed_lines": [1, 2, 5, 7, 8, 9, 10, 11, 13, 14, 16, 17, 18, 20, 21, 23], "summary": {"covered_lines": 16, "num_statements": 16, "percent_covered": 100.0, "percent_covered_display": "100", "missing_lines": 0, "excluded_lines": 0, "percent_statements_covered": 100.0, "percent_statements_covered_display": "100"}, "missing_lines": [], "excluded_lines": [], "start_line": 1}}}, "src/zrb/util/yaml.py": {"executed_lines": [1, 4, 19, 22, 23, 24, 25, 27, 29, 31, 39, 42, 43, 44, 47, 66, 69, 77, 79, 82, 84, 85, 86, 87, 88, 89, 90, 91, 101, 102, 107, 109, 111, 112, 113, 114, 117, 118, 121, 123, 126, 128, 130, 131, 137, 139, 141, 142, 143, 145, 147, 148, 149, 152, 153, 154, 156, 157, 158, 159, 162, 169, 181, 186, 187, 188, 189, 190, 192, 193, 194, 195, 196, 197, 199, 204], "summary": {"covered_lines": 76, "num_statements": 97, "percent_covered": 78.35051546391753, "percent_covered_display": "78", "missing_lines": 21, "excluded_lines": 0, "percent_statements_covered": 78.35051546391753, "percent_statements_covered_display": "78"}, "missing_lines": [70, 72, 74, 92, 93, 98, 127, 132, 134, 140, 160, 164, 167, 168, 172, 174, 175, 178, 200, 201, 203], "excluded_lines": [], "functions": {"yaml_dump": {"executed_lines": [19, 22, 23, 24, 25, 27, 29, 31, 39, 42, 43, 44], "summary": {"covered_lines": 12, "num_statements": 12, "percent_covered": 100.0, "percent_covered_display": "100", "missing_lines": 0, "excluded_lines": 0, "percent_statements_covered": 100.0, "percent_statements_covered_display": "100"}, "missing_lines": [], "excluded_lines": [], "start_line": 4}, "edit_obj": {"executed_lines": [66, 69, 77, 79], "summary": {"covered_lines": 4, "num_statements": 7, "percent_covered": 57.142857142857146, "percent_covered_display": "57", "missing_lines": 3, "excluded_lines": 0, "percent_statements_covered": 57.142857142857146, "percent_statements_covered_display": "57"}, "missing_lines": [70, 72, 74], "excluded_lines": [], "start_line": 47}, "_sanitize_obj": {"executed_lines": [84, 85, 86, 87, 88, 89, 90, 91], "summary": {"covered_lines": 8, "num_statements": 11, "percent_covered": 72.72727272727273, "percent_covered_display": "73", "missing_lines": 3, "excluded_lines": 0, "percent_statements_covered": 72.72727272727273, "percent_statements_covered_display": "73"}, "missing_lines": [92, 93, 98], "excluded_lines": [], "start_line": 82}, "_is_complex_obj": {"executed_lines": [102], "summary": {"covered_lines": 1, "num_statements": 1, "percent_covered": 100.0, "percent_covered_display": "100", "missing_lines": 0, "excluded_lines": 0, "percent_statements_covered": 100.0, "percent_statements_covered_display": "100"}, "missing_lines": [], "excluded_lines": [], "start_line": 101}, "_multiline_string_presenter": {"executed_lines": [109, 111, 112, 113, 114], "summary": {"covered_lines": 5, "num_statements": 5, "percent_covered": 100.0, "percent_covered_display": "100", "missing_lines": 0, "excluded_lines": 0, "percent_statements_covered": 100.0, "percent_statements_covered_display": "100"}, "missing_lines": [], "excluded_lines": [], "start_line": 107}, "_parse_key": {"executed_lines": [118], "summary": {"covered_lines": 1, "num_statements": 1, "percent_covered": 100.0, "percent_covered_display": "100", "missing_lines": 0, "excluded_lines": 0, "percent_statements_covered": 100.0, "percent_statements_covered_display": "100"}, "missing_lines": [], "excluded_lines": [], "start_line": 117}, "_load_yaml": {"executed_lines": [123, 126, 128, 130, 131], "summary": {"covered_lines": 5, "num_statements": 8, "percent_covered": 62.5, "percent_covered_display": "62", "missing_lines": 3, "excluded_lines": 0, "percent_statements_covered": 62.5, "percent_statements_covered_display": "62"}, "missing_lines": [127, 132, 134], "excluded_lines": [], "start_line": 121}, "_set_obj_value": {"executed_lines": [139, 141, 142, 143, 145, 147, 148, 149, 152, 153, 154, 156, 157, 158, 159, 162, 169], "summary": {"covered_lines": 17, "num_statements": 26, "percent_covered": 65.38461538461539, "percent_covered_display": "65", "missing_lines": 9, "excluded_lines": 0, "percent_statements_covered": 65.38461538461539, "percent_statements_covered_display": "65"}, "missing_lines": [140, 160, 164, 167, 168, 172, 174, 175, 178], "excluded_lines": [], "start_line": 137}, "_get_obj_value": {"executed_lines": [186, 187, 188, 189, 190, 192, 193, 194, 195, 196, 197, 199, 204], "summary": {"covered_lines": 13, "num_statements": 16, "percent_covered": 81.25, "percent_covered_display": "81", "missing_lines": 3, "excluded_lines": 0, "percent_statements_covered": 81.25, "percent_statements_covered_display": "81"}, "missing_lines": [200, 201, 203], "excluded_lines": [], "start_line": 181}, "": {"executed_lines": [1, 4, 47, 82, 101, 107, 117, 121, 137, 181], "summary": {"covered_lines": 10, "num_statements": 10, "percent_covered": 100.0, "percent_covered_display": "100", "missing_lines": 0, "excluded_lines": 0, "percent_statements_covered": 100.0, "percent_statements_covered_display": "100"}, "missing_lines": [], "excluded_lines": [], "start_line": 1}}, "classes": {"": {"executed_lines": [1, 4, 19, 22, 23, 24, 25, 27, 29, 31, 39, 42, 43, 44, 47, 66, 69, 77, 79, 82, 84, 85, 86, 87, 88, 89, 90, 91, 101, 102, 107, 109, 111, 112, 113, 114, 117, 118, 121, 123, 126, 128, 130, 131, 137, 139, 141, 142, 143, 145, 147, 148, 149, 152, 153, 154, 156, 157, 158, 159, 162, 169, 181, 186, 187, 188, 189, 190, 192, 193, 194, 195, 196, 197, 199, 204], "summary": {"covered_lines": 76, "num_statements": 97, "percent_covered": 78.35051546391753, "percent_covered_display": "78", "missing_lines": 21, "excluded_lines": 0, "percent_statements_covered": 78.35051546391753, "percent_statements_covered_display": "78"}, "missing_lines": [70, 72, 74, 92, 93, 98, 127, 132, 134, 140, 160, 164, 167, 168, 172, 174, 175, 178, 200, 201, 203], "excluded_lines": [], "start_line": 1}}}, "src/zrb/xcom/xcom.py": {"executed_lines": [1, 2, 3, 6, 7, 8, 9, 11, 12, 13, 15, 16, 18, 19, 20, 21, 23, 24, 26, 27, 28, 29, 31, 32, 33, 35, 37, 38, 39, 40, 42, 43, 44, 45, 47, 48, 49, 50, 52, 53, 54, 55, 57, 58, 59, 60, 61, 63, 64, 65, 66, 67], "summary": {"covered_lines": 52, "num_statements": 52, "percent_covered": 100.0, "percent_covered_display": "100", "missing_lines": 0, "excluded_lines": 0, "percent_statements_covered": 100.0, "percent_statements_covered_display": "100"}, "missing_lines": [], "excluded_lines": [], "functions": {"Xcom.__repr__": {"executed_lines": [8, 9], "summary": {"covered_lines": 2, "num_statements": 2, "percent_covered": 100.0, "percent_covered_display": "100", "missing_lines": 0, "excluded_lines": 0, "percent_statements_covered": 100.0, "percent_statements_covered_display": "100"}, "missing_lines": [], "excluded_lines": [], "start_line": 7}, "Xcom.append": {"executed_lines": [12, 13], "summary": {"covered_lines": 2, "num_statements": 2, "percent_covered": 100.0, "percent_covered_display": "100", "missing_lines": 0, "excluded_lines": 0, "percent_statements_covered": 100.0, "percent_statements_covered_display": "100"}, "missing_lines": [], "excluded_lines": [], "start_line": 11}, "Xcom.push": {"executed_lines": [16], "summary": {"covered_lines": 1, "num_statements": 1, "percent_covered": 100.0, "percent_covered_display": "100", "missing_lines": 0, "excluded_lines": 0, "percent_statements_covered": 100.0, "percent_statements_covered_display": "100"}, "missing_lines": [], "excluded_lines": [], "start_line": 15}, "Xcom.popleft": {"executed_lines": [19, 20, 21], "summary": {"covered_lines": 3, "num_statements": 3, "percent_covered": 100.0, "percent_covered_display": "100", "missing_lines": 0, "excluded_lines": 0, "percent_statements_covered": 100.0, "percent_statements_covered_display": "100"}, "missing_lines": [], "excluded_lines": [], "start_line": 18}, "Xcom.pop": {"executed_lines": [24], "summary": {"covered_lines": 1, "num_statements": 1, "percent_covered": 100.0, "percent_covered_display": "100", "missing_lines": 0, "excluded_lines": 0, "percent_statements_covered": 100.0, "percent_statements_covered_display": "100"}, "missing_lines": [], "excluded_lines": [], "start_line": 23}, "Xcom.popright": {"executed_lines": [27, 28, 29], "summary": {"covered_lines": 3, "num_statements": 3, "percent_covered": 100.0, "percent_covered_display": "100", "missing_lines": 0, "excluded_lines": 0, "percent_statements_covered": 100.0, "percent_statements_covered_display": "100"}, "missing_lines": [], "excluded_lines": [], "start_line": 26}, "Xcom.peek": {"executed_lines": [32, 33, 35], "summary": {"covered_lines": 3, "num_statements": 3, "percent_covered": 100.0, "percent_covered_display": "100", "missing_lines": 0, "excluded_lines": 0, "percent_statements_covered": 100.0, "percent_statements_covered_display": "100"}, "missing_lines": [], "excluded_lines": [], "start_line": 31}, "Xcom.get": {"executed_lines": [38, 39, 40], "summary": {"covered_lines": 3, "num_statements": 3, "percent_covered": 100.0, "percent_covered_display": "100", "missing_lines": 0, "excluded_lines": 0, "percent_statements_covered": 100.0, "percent_statements_covered_display": "100"}, "missing_lines": [], "excluded_lines": [], "start_line": 37}, "Xcom.set": {"executed_lines": [43, 44, 45], "summary": {"covered_lines": 3, "num_statements": 3, "percent_covered": 100.0, "percent_covered_display": "100", "missing_lines": 0, "excluded_lines": 0, "percent_statements_covered": 100.0, "percent_statements_covered_display": "100"}, "missing_lines": [], "excluded_lines": [], "start_line": 42}, "Xcom.add_push_callback": {"executed_lines": [48, 49, 50], "summary": {"covered_lines": 3, "num_statements": 3, "percent_covered": 100.0, "percent_covered_display": "100", "missing_lines": 0, "excluded_lines": 0, "percent_statements_covered": 100.0, "percent_statements_covered_display": "100"}, "missing_lines": [], "excluded_lines": [], "start_line": 47}, "Xcom.add_pop_callback": {"executed_lines": [53, 54, 55], "summary": {"covered_lines": 3, "num_statements": 3, "percent_covered": 100.0, "percent_covered_display": "100", "missing_lines": 0, "excluded_lines": 0, "percent_statements_covered": 100.0, "percent_statements_covered_display": "100"}, "missing_lines": [], "excluded_lines": [], "start_line": 52}, "Xcom.__call_push_callbacks": {"executed_lines": [58, 59, 60, 61], "summary": {"covered_lines": 4, "num_statements": 4, "percent_covered": 100.0, "percent_covered_display": "100", "missing_lines": 0, "excluded_lines": 0, "percent_statements_covered": 100.0, "percent_statements_covered_display": "100"}, "missing_lines": [], "excluded_lines": [], "start_line": 57}, "Xcom.__call_pop_callbacks": {"executed_lines": [64, 65, 66, 67], "summary": {"covered_lines": 4, "num_statements": 4, "percent_covered": 100.0, "percent_covered_display": "100", "missing_lines": 0, "excluded_lines": 0, "percent_statements_covered": 100.0, "percent_statements_covered_display": "100"}, "missing_lines": [], "excluded_lines": [], "start_line": 63}, "": {"executed_lines": [1, 2, 3, 6, 7, 11, 15, 18, 23, 26, 31, 37, 42, 47, 52, 57, 63], "summary": {"covered_lines": 17, "num_statements": 17, "percent_covered": 100.0, "percent_covered_display": "100", "missing_lines": 0, "excluded_lines": 0, "percent_statements_covered": 100.0, "percent_statements_covered_display": "100"}, "missing_lines": [], "excluded_lines": [], "start_line": 1}}, "classes": {"Xcom": {"executed_lines": [8, 9, 12, 13, 16, 19, 20, 21, 24, 27, 28, 29, 32, 33, 35, 38, 39, 40, 43, 44, 45, 48, 49, 50, 53, 54, 55, 58, 59, 60, 61, 64, 65, 66, 67], "summary": {"covered_lines": 35, "num_statements": 35, "percent_covered": 100.0, "percent_covered_display": "100", "missing_lines": 0, "excluded_lines": 0, "percent_statements_covered": 100.0, "percent_statements_covered_display": "100"}, "missing_lines": [], "excluded_lines": [], "start_line": 6}, "": {"executed_lines": [1, 2, 3, 6, 7, 11, 15, 18, 23, 26, 31, 37, 42, 47, 52, 57, 63], "summary": {"covered_lines": 17, "num_statements": 17, "percent_covered": 100.0, "percent_covered_display": "100", "missing_lines": 0, "excluded_lines": 0, "percent_statements_covered": 100.0, "percent_statements_covered_display": "100"}, "missing_lines": [], "excluded_lines": [], "start_line": 1}}}}, "totals": {"covered_lines": 9445, "num_statements": 12696, "percent_covered": 74.3935097668557, "percent_covered_display": "74", "missing_lines": 3251, "excluded_lines": 146, "percent_statements_covered": 74.3935097668557, "percent_statements_covered_display": "74"}}