[2m  ðŸ§  I[0m[2m'll[0m[2m help[0m[2m you[0m[2m implement[0m[2m the[0m[2m CR[0m[2mUD[0m[2m operations[0m[2m for[0m[2m the[0m[2m Todo[0m[2m app[0m[2m.[0m[2m Let[0m[2m me[0m[2m first[0m[2m examine[0m[2m the[0m[2m current[0m[2m state[0m[2m of[0m[2m the[0m[2m application[0m[2m.[0m[2m{[0m[2m"[0m[2mpath[0m[2m"[0m[2m: [0m[2m"[0m[2mtodo[0m[2m_app[0m[2m.py[0m[2m"[0m[2m}[0m[2m
  ðŸ§° call_00_udKexpK4d0IIDOKIT8xyJVW6 | read_file {'path': 'todo_app.py'}[0m[2m
  ðŸ”  call_00_udKexpK4d0IIDOKIT8xyJVW6 | Return from typing import List, Optional
     
     import uvicorn
     from fastapi import FastAPI, HTTPException
     from pydantic import BaseModel
     
     app = FastAPI()
     
     
     class TodoItem(BaseModel):
         id: int
         title: str
         completed: bool = False
     
     
     # In-memory database
     db: List[TodoItem] = [
         TodoItem(id=1, title="Buy groceries"),
         TodoItem(id=2, title="Walk the dog"),
     ]
     
     
     @app.get("/todos", response_model=List[TodoItem])
     async def get_todos():
         return db
     
     
     # TODO: Implement POST /todos to add a new item
     # TODO: Implement PUT /todos/{item_id} to update an item
     # TODO: Implement DELETE /todos/{item_id} to delete an item
     
     if __name__ == "__main__":
         uvicorn.run(app, host="0.0.0.0", port=8000)
     [0m[2m
  ðŸ§  Now[0m[2m I[0m[2m can[0m[2m see[0m[2m the[0m[2m current[0m[2m structure[0m[2m.[0m[2m I[0m[2m need[0m[2m to[0m[2m implement[0m[2m:
     [0m[2m1[0m[2m.[0m[2m POST[0m[2m /[0m[2mt[0m[2modos[0m[2m -[0m[2m Create[0m[2m a[0m[2m new[0m[2m todo[0m[2m item[0m[2m
     [0m[2m2[0m[2m.[0m[2m PUT[0m[2m /[0m[2mt[0m[2modos[0m[2m/{[0m[2mitem[0m[2m_id[0m[2m}[0m[2m -[0m[2m Update[0m[2m an[0m[2m existing[0m[2m todo[0m[2m item[0m[2m  
     [0m[2m3[0m[2m.[0m[2m DELETE[0m[2m /[0m[2mt[0m[2modos[0m[2m/{[0m[2mitem[0m[2m_id[0m[2m}[0m[2m -[0m[2m Delete[0m[2m a[0m[2m todo[0m[2m item[0m[2m
     
     [0m[2mLet[0m[2m me[0m[2m also[0m[2m check[0m[2m if[0m[2m there[0m[2m are[0m[2m any[0m[2m other[0m[2m files[0m[2m in[0m[2m the[0m[2m directory[0m[2m:[0m[2m{[0m[2m"[0m[2mpath[0m[2m"[0m[2m: [0m[2m"[0m[2m.[0m[2m"[0m[2m, [0m[2m"[0m[2mdepth[0m[2m"[0m[2m: [0m[2m2[0m[2m}[0m[2m
  ðŸ§° call_00_lH8KDeRbDwZ8AQt3YkGaEwJi | list_files {'path': '.', 'depth': 2}[0m[2m
  ðŸ”  call_00_lH8KDeRbDwZ8AQt3YkGaEwJi | Return {'files': ['todo_app.py']}[0m[2m
  ðŸ§  Good[0m[2m,[0m[2m there[0m[2m's[0m[2m only[0m[2m one[0m[2m file[0m[2m.[0m[2m Now[0m[2m I[0m[2m'll[0m[2m implement[0m[2m the[0m[2m missing[0m[2m CR[0m[2mUD[0m[2m operations[0m[2m.[0m[2m I[0m[2m need[0m[2m to[0m[2m:
     [0m[2m1[0m[2m.[0m[2m Create[0m[2m a[0m[2m POST[0m[2m endpoint[0m[2m that[0m[2m accepts[0m[2m a[0m[2m Todo[0m[2mItem[0m[2m without[0m[2m an[0m[2m ID[0m[2m ([0m[2msince[0m[2m ID[0m[2m should[0m[2m be[0m[2m auto[0m[2m-generated[0m[2m)
     [0m[2m2[0m[2m.[0m[2m Create[0m[2m a[0m[2m PUT[0m[2m endpoint[0m[2m that[0m[2m updates[0m[2m an[0m[2m existing[0m[2m item[0m[2m by[0m[2m ID[0m[2m
     [0m[2m3[0m[2m.[0m[2m Create[0m[2m a[0m[2m DELETE[0m[2m endpoint[0m[2m that[0m[2m removes[0m[2m an[0m[2m item[0m[2m by[0m[2m ID[0m[2m
     [0m[2m4[0m[2m.[0m[2m Handle[0m[2m proper[0m[2m HTTP[0m[2m status[0m[2m codes[0m[2m ([0m[2m201[0m[2m for[0m[2m created[0m[2m,[0m[2m [0m[2m404[0m[2m for[0m[2m not[0m[2m found[0m[2m,[0m[2m etc[0m[2m.)
     
     [0m[2mLet[0m[2m me[0m[2m implement[0m[2m these[0m[2m changes[0m[2m:[0m[2m{[0m[2m"[0m[2mpath[0m[2m"[0m[2m: [0m[2m"[0m[2mtodo[0m[2m_app[0m[2m.py[0m[2m"[0m[2m, [0m[2m"[0m[2mold[0m[2m_text[0m[2m"[0m[2m: [0m[2m"[0m[2mfrom[0m[2m typing[0m[2m import[0m[2m List[0m[2m,[0m[2m Optional[0m[2m\n\n[0m[2mimport[0m[2m u[0m[2mvic[0m[2morn[0m[2m\n[0m[2mfrom[0m[2m fast[0m[2mapi[0m[2m import[0m[2m Fast[0m[2mAPI[0m[2m,[0m[2m HTTP[0m[2mException[0m[2m\n[0m[2mfrom[0m[2m p[0m[2myd[0m[2mantic[0m[2m import[0m[2m Base[0m[2mModel[0m[2m\n\n[0m[2mapp[0m[2m =[0m[2m Fast[0m[2mAPI[0m[2m()\n\n\n[0m[2mclass[0m[2m Todo[0m[2mItem[0m[2m(Base[0m[2mModel[0m[2m):\n[0m[2m   [0m[2m id[0m[2m:[0m[2m int[0m[2m\n[0m[2m   [0m[2m title[0m[2m:[0m[2m str[0m[2m\n[0m[2m   [0m[2m completed[0m[2m:[0m[2m bool[0m[2m =[0m[2m False[0m[2m\n\n\n[0m[2m#[0m[2m In[0m[2m-m[0m[2memory[0m[2m database[0m[2m\n[0m[2mdb[0m[2m:[0m[2m List[0m[2m[[0m[2mTodo[0m[2mItem[0m[2m][0m[2m =[0m[2m [\n[0m[2m   [0m[2m Todo[0m[2mItem[0m[2m(id[0m[2m=[0m[2m1[0m[2m,[0m[2m title[0m[2m=\"[0m[2mBuy[0m[2m groceries[0m[2m\"),\n[0m[2m   [0m[2m Todo[0m[2mItem[0m[2m(id[0m[2m=[0m[2m2[0m[2m,[0m[2m title[0m[2m=\"[0m[2mWalk[0m[2m the[0m[2m dog[0m[2m\"),\n[0m[2m]\n\n\n[0m[2m@app[0m[2m.get[0m[2m(\"/[0m[2mt[0m[2modos[0m[2m\",[0m[2m response[0m[2m_model[0m[2m=[0m[2mList[0m[2m[[0m[2mTodo[0m[2mItem[0m[2m])\n[0m[2masync[0m[2m def[0m[2m get[0m[2m_t[0m[2modos[0m[2m():\n[0m[2m   [0m[2m return[0m[2m db[0m[2m\n\n\n[0m[2m#[0m[2m TODO[0m[2m:[0m[2m Implement[0m[2m POST[0m[2m /[0m[2mt[0m[2modos[0m[2m to[0m[2m add[0m[2m a[0m[2m new[0m[2m item[0m[2m\n[0m[2m#[0m[2m TODO[0m[2m:[0m[2m Implement[0m[2m PUT[0m[2m /[0m[2mt[0m[2modos[0m[2m/{[0m[2mitem[0m[2m_id[0m[2m}[0m[2m to[0m[2m update[0m[2m an[0m[2m item[0m[2m\n[0m[2m#[0m[2m TODO[0m[2m:[0m[2m Implement[0m[2m DELETE[0m[2m /[0m[2mt[0m[2modos[0m[2m/{[0m[2mitem[0m[2m_id[0m[2m}[0m[2m to[0m[2m delete[0m[2m an[0m[2m item[0m[2m\n\n[0m[2mif[0m[2m __[0m[2mname[0m[2m__[0m[2m ==[0m[2m \"__[0m[2mmain[0m[2m__\":\n[0m[2m   [0m[2m u[0m[2mvic[0m[2morn[0m[2m.run[0m[2m(app[0m[2m,[0m[2m host[0m[2m=\"[0m[2m0[0m[2m.[0m[2m0[0m[2m.[0m[2m0[0m[2m.[0m[2m0[0m[2m\",[0m[2m port[0m[2m=[0m[2m800[0m[2m0[0m[2m)[0m[2m"[0m[2m, [0m[2m"[0m[2mnew[0m[2m_text[0m[2m"[0m[2m: [0m[2m"[0m[2mfrom[0m[2m typing[0m[2m import[0m[2m List[0m[2m,[0m[2m Optional[0m[2m\n\n[0m[2mimport[0m[2m u[0m[2mvic[0m[2morn[0m[2m\n[0m[2mfrom[0m[2m fast[0m[2mapi[0m[2m import[0m[2m Fast[0m[2mAPI[0m[2m,[0m[2m HTTP[0m[2mException[0m[2m\n[0m[2mfrom[0m[2m p[0m[2myd[0m[2mantic[0m[2m import[0m[2m Base[0m[2mModel[0m[2m\n\n[0m[2mapp[0m[2m =[0m[2m Fast[0m[2mAPI[0m[2m()\n\n\n[0m[2mclass[0m[2m Todo[0m[2mItem[0m[2m(Base[0m[2mModel[0m[2m):\n[0m[2m   [0m[2m id[0m[2m:[0m[2m int[0m[2m\n[0m[2m   [0m[2m title[0m[2m:[0m[2m str[0m[2m\n[0m[2m   [0m[2m completed[0m[2m:[0m[2m bool[0m[2m =[0m[2m False[0m[2m\n\n\n[0m[2mclass[0m[2m Todo[0m[2mCreate[0m[2m(Base[0m[2mModel[0m[2m):\n[0m[2m   [0m[2m title[0m[2m:[0m[2m str[0m[2m\n[0m[2m   [0m[2m completed[0m[2m:[0m[2m bool[0m[2m =[0m[2m False[0m[2m\n\n\n[0m[2mclass[0m[2m Todo[0m[2mUpdate[0m[2m(Base[0m[2mModel[0m[2m):\n[0m[2m   [0m[2m title[0m[2m:[0m[2m Optional[0m[2m[str[0m[2m][0m[2m =[0m[2m None[0m[2m\n[0m[2m   [0m[2m completed[0m[2m:[0m[2m Optional[0m[2m[[0m[2mbool[0m[2m][0m[2m =[0m[2m None[0m[2m\n\n\n[0m[2m#[0m[2m In[0m[2m-m[0m[2memory[0m[2m database[0m[2m\n[0m[2mdb[0m[2m:[0m[2m List[0m[2m[[0m[2mTodo[0m[2mItem[0m[2m][0m[2m =[0m[2m [\n[0m[2m   [0m[2m Todo[0m[2mItem[0m[2m(id[0m[2m=[0m[2m1[0m[2m,[0m[2m title[0m[2m=\"[0m[2mBuy[0m[2m groceries[0m[2m\"),\n[0m[2m   [0m[2m Todo[0m[2mItem[0m[2m(id[0m[2m=[0m[2m2[0m[2m,[0m[2m title[0m[2m=\"[0m[2mWalk[0m[2m the[0m[2m dog[0m[2m\"),\n[0m[2m]\n\n\n[0m[2m@app[0m[2m.get[0m[2m(\"/[0m[2mt[0m[2modos[0m[2m\",[0m[2m response[0m[2m_model[0m[2m=[0m[2mList[0m[2m[[0m[2mTodo[0m[2mItem[0m[2m])\n[0m[2masync[0m[2m def[0m[2m get[0m[2m_t[0m[2modos[0m[2m():\n[0m[2m   [0m[2m return[0m[2m db[0m[2m\n\n\n[0m[2m@app[0m[2m.post[0m[2m(\"/[0m[2mt[0m[2modos[0m[2m\",[0m[2m response[0m[2m_model[0m[2m=[0m[2mTodo[0m[2mItem[0m[2m,[0m[2m status[0m[2m_code[0m[2m=[0m[2m201[0m[2m)\n[0m[2masync[0m[2m def[0m[2m create[0m[2m_t[0m[2modo[0m[2m(t[0m[2modo[0m[2m:[0m[2m Todo[0m[2mCreate[0m[2m):\n[0m[2m   [0m[2m #[0m[2m Generate[0m[2m a[0m[2m new[0m[2m ID[0m[2m ([0m[2mmax[0m[2m existing[0m[2m ID[0m[2m +[0m[2m [0m[2m1[0m[2m)\n[0m[2m   [0m[2m new[0m[2m_id[0m[2m =[0m[2m max[0m[2m(([0m[2mitem[0m[2m.id[0m[2m for[0m[2m item[0m[2m in[0m[2m db[0m[2m),[0m[2m default[0m[2m=[0m[2m0[0m[2m)[0m[2m +[0m[2m [0m[2m1[0m[2m\n[0m[2m   [0m[2m new[0m[2m_t[0m[2modo[0m[2m =[0m[2m Todo[0m[2mItem[0m[2m(id[0m[2m=new[0m[2m_id[0m[2m,[0m[2m title[0m[2m=t[0m[2modo[0m[2m.title[0m[2m,[0m[2m completed[0m[2m=t[0m[2modo[0m[2m.com[0m[2mpleted[0m[2m)\n[0m[2m   [0m[2m db[0m[2m.append[0m[2m(new[0m[2m_t[0m[2modo[0m[2m)\n[0m[2m   [0m[2m return[0m[2m new[0m[2m_t[0m[2modo[0m[2m\n\n\n[0m[2m@app[0m[2m.put[0m[2m(\"/[0m[2mt[0m[2modos[0m[2m/{[0m[2mitem[0m[2m_id[0m[2m}\",[0m[2m response[0m[2m_model[0m[2m=[0m[2mTodo[0m[2mItem[0m[2m)\n[0m[2masync[0m[2m def[0m[2m update[0m[2m_t[0m[2modo[0m[2m(item[0m[2m_id[0m[2m:[0m[2m int[0m[2m,[0m[2m todo[0m[2m_update[0m[2m:[0m[2m Todo[0m[2mUpdate[0m[2m):\n[0m[2m   [0m[2m #[0m[2m Find[0m[2m the[0m[2m item[0m[2m by[0m[2m ID[0m[2m\n[0m[2m   [0m[2m for[0m[2m i[0m[2m,[0m[2m item[0m[2m in[0m[2m enumerate[0m[2m(db[0m[2m):\n[0m[2m       [0m[2m if[0m[2m item[0m[2m.id[0m[2m ==[0m[2m item[0m[2m_id[0m[2m:\n[0m[2m           [0m[2m #[0m[2m Update[0m[2m fields[0m[2m if[0m[2m provided[0m[2m\n[0m[2m           [0m[2m if[0m[2m todo[0m[2m_update[0m[2m.title[0m[2m is[0m[2m not[0m[2m None[0m[2m:\n[0m[2m               [0m[2m item[0m[2m.title[0m[2m =[0m[2m todo[0m[2m_update[0m[2m.title[0m[2m\n[0m[2m           [0m[2m if[0m[2m todo[0m[2m_update[0m[2m.com[0m[2mpleted[0m[2m is[0m[2m not[0m[2m None[0m[2m:\n[0m[2m               [0m[2m item[0m[2m.com[0m[2mpleted[0m[2m =[0m[2m todo[0m[2m_update[0m[2m.com[0m[2mpleted[0m[2m\n[0m[2m           [0m[2m db[0m[2m[i[0m[2m][0m[2m =[0m[2m item[0m[2m\n[0m[2m           [0m[2m return[0m[2m item[0m[2m\n    \n[0m[2m   [0m[2m #[0m[2m Item[0m[2m not[0m[2m found[0m[2m\n[0m[2m   [0m[2m raise[0m[2m HTTP[0m[2mException[0m[2m(status[0m[2m_code[0m[2m=[0m[2m404[0m[2m,[0m[2m detail[0m[2m=\"[0m[2mTodo[0m[2m item[0m[2m not[0m[2m found[0m[2m\")\n\n\n[0m[2m@app[0m[2m.delete[0m[2m(\"/[0m[2mt[0m[2modos[0m[2m/{[0m[2mitem[0m[2m_id[0m[2m}\",[0m[2m status[0m[2m_code[0m[2m=[0m[2m204[0m[2m)\n[0m[2masync[0m[2m def[0m[2m delete[0m[2m_t[0m[2modo[0m[2m(item[0m[2m_id[0m[2m:[0m[2m int[0m[2m):\n[0m[2m   [0m[2m #[0m[2m Find[0m[2m the[0m[2m item[0m[2m by[0m[2m ID[0m[2m\n[0m[2m   [0m[2m for[0m[2m i[0m[2m,[0m[2m item[0m[2m in[0m[2m enumerate[0m[2m(db[0m[2m):\n[0m[2m       [0m[2m if[0m[2m item[0m[2m.id[0m[2m ==[0m[2m item[0m[2m_id[0m[2m:\n[0m[2m           [0m[2m db[0m[2m.pop[0m[2m(i[0m[2m)\n[0m[2m           [0m[2m return[0m[2m\n    \n[0m[2m   [0m[2m #[0m[2m Item[0m[2m not[0m[2m found[0m[2m\n[0m[2m   [0m[2m raise[0m[2m HTTP[0m[2mException[0m[2m(status[0m[2m_code[0m[2m=[0m[2m404[0m[2m,[0m[2m detail[0m[2m=\"[0m[2mTodo[0m[2m item[0m[2m not[0m[2m found[0m[2m\")\n\n\n[0m[2mif[0m[2m __[0m[2mname[0m[2m__[0m[2m ==[0m[2m \"__[0m[2mmain[0m[2m__\":\n[0m[2m   [0m[2m u[0m[2mvic[0m[2morn[0m[2m.run[0m[2m(app[0m[2m,[0m[2m host[0m[2m=\"[0m[2m0[0m[2m.[0m[2m0[0m[2m.[0m[2m0[0m[2m.[0m[2m0[0m[2m\",[0m[2m port[0m[2m=[0m[2m800[0m[2m0[0m[2m)[0m[2m"[0m[2m}[0m[2m
  ðŸ§° call_00_UyklO9prWvCK6AVH1O7hpZ0E | replace_in_file {'path': 'todo_app.py', 'old_text': 'from typing import List, O ...', 'new_text': 'from typing import List, O ...'}[0m[2m
  ðŸ”  call_00_UyklO9prWvCK6AVH1O7hpZ0E | Return Successfully updated todo_app.py[0m[2m
  ðŸ§  Now[0m[2m let[0m[2m me[0m[2m verify[0m[2m that[0m[2m the[0m[2m implementation[0m[2m works[0m[2m correctly[0m[2m by[0m[2m creating[0m[2m a[0m[2m test[0m[2m script[0m[2m:[0m[2m{[0m[2m"[0m[2mpath[0m[2m"[0m[2m: [0m[2m"[0m[2mtest[0m[2m_t[0m[2modo[0m[2m_app[0m[2m.py[0m[2m"[0m[2m, [0m[2m"[0m[2mcontent[0m[2m"[0m[2m: [0m[2m"[0m[2mimport[0m[2m requests[0m[2m\n[0m[2mimport[0m[2m json[0m[2m\n\n[0m[2mBASE[0m[2m_URL[0m[2m =[0m[2m \"[0m[2mhttp[0m[2m://[0m[2mlocalhost[0m[2m:[0m[2m800[0m[2m0[0m[2m\"\n\n[0m[2mdef[0m[2m test[0m[2m_get[0m[2m_t[0m[2modos[0m[2m():\n[0m[2m   [0m[2m \"\"\"[0m[2mTest[0m[2m GET[0m[2m /[0m[2mt[0m[2modos[0m[2m endpoint[0m[2m\"\"\"\n[0m[2m   [0m[2m print[0m[2m(\"[0m[2mTesting[0m[2m GET[0m[2m /[0m[2mt[0m[2modos[0m[2m...[0m[2m\")\n[0m[2m   [0m[2m response[0m[2m =[0m[2m requests[0m[2m.get[0m[2m(f[0m[2m\"{[0m[2mBASE[0m[2m_URL[0m[2m}/[0m[2mt[0m[2modos[0m[2m\")\n[0m[2m   [0m[2m print[0m[2m(f[0m[2m\"[0m[2mStatus[0m[2m:[0m[2m {[0m[2mresponse[0m[2m.status[0m[2m_code[0m[2m}\")\n[0m[2m   [0m[2m print[0m[2m(f[0m[2m\"[0m[2mResponse[0m[2m:[0m[2m {[0m[2mjson[0m[2m.d[0m[2mumps[0m[2m(response[0m[2m.json[0m[2m(),[0m[2m indent[0m[2m=[0m[2m2[0m[2m)}[0m[2m\")\n[0m[2m   [0m[2m print[0m[2m()\n\n[0m[2mdef[0m[2m test[0m[2m_create[0m[2m_t[0m[2modo[0m[2m():\n[0m[2m   [0m[2m \"\"\"[0m[2mTest[0m[2m POST[0m[2m /[0m[2mt[0m[2modos[0m[2m endpoint[0m[2m\"\"\"\n[0m[2m   [0m[2m print[0m[2m(\"[0m[2mTesting[0m[2m POST[0m[2m /[0m[2mt[0m[2modos[0m[2m...[0m[2m\")\n[0m[2m   [0m[2m new[0m[2m_t[0m[2modo[0m[2m =[0m[2m {\n[0m[2m       [0m[2m \"[0m[2mtitle[0m[2m\":[0m[2m \"[0m[2mTest[0m[2m new[0m[2m todo[0m[2m\",\n[0m[2m       [0m[2m \"[0m[2mcompleted[0m[2m\":[0m[2m False[0m[2m\n[0m[2m   [0m[2m }\n[0m[2m   [0m[2m response[0m[2m =[0m[2m requests[0m[2m.post[0m[2m(f[0m[2m\"{[0m[2mBASE[0m[2m_URL[0m[2m}/[0m[2mt[0m[2modos[0m[2m\",[0m[2m json[0m[2m=new[0m[2m_t[0m[2modo[0m[2m)\n[0m[2m   [0m[2m print[0m[2m(f[0m[2m\"[0m[2mStatus[0m[2m:[0m[2m {[0m[2mresponse[0m[2m.status[0m[2m_code[0m[2m}\")\n[0m[2m   [0m[2m print[0m[2m(f[0m[2m\"[0m[2mResponse[0m[2m:[0m[2m {[0m[2mjson[0m[2m.d[0m[2mumps[0m[2m(response[0m[2m.json[0m[2m(),[0m[2m indent[0m[2m=[0m[2m2[0m[2m)}[0m[2m\")\n[0m[2m   [0m[2m print[0m[2m()\n[0m[2m   [0m[2m return[0m[2m response[0m[2m.json[0m[2m()[0m[2m[\"[0m[2mid[0m[2m\"]\n\n[0m[2mdef[0m[2m test[0m[2m_update[0m[2m_t[0m[2modo[0m[2m(t[0m[2modo[0m[2m_id[0m[2m):\n[0m[2m   [0m[2m \"\"\"[0m[2mTest[0m[2m PUT[0m[2m /[0m[2mt[0m[2modos[0m[2m/{[0m[2mid[0m[2m}[0m[2m endpoint[0m[2m\"\"\"\n[0m[2m   [0m[2m print[0m[2m(f[0m[2m\"[0m[2mTesting[0m[2m PUT[0m[2m /[0m[2mt[0m[2modos[0m[2m/{[0m[2mtodo[0m[2m_id[0m[2m}[0m[2m...[0m[2m\")\n[0m[2m   [0m[2m update[0m[2m_data[0m[2m =[0m[2m {\n[0m[2m       [0m[2m \"[0m[2mtitle[0m[2m\":[0m[2m \"[0m[2mUpdated[0m[2m todo[0m[2m title[0m[2m\",\n[0m[2m       [0m[2m \"[0m[2mcompleted[0m[2m\":[0m[2m True[0m[2m\n[0m[2m   [0m[2m }\n[0m[2m   [0m[2m response[0m[2m =[0m[2m requests[0m[2m.put[0m[2m(f[0m[2m\"{[0m[2mBASE[0m[2m_URL[0m[2m}/[0m[2mt[0m[2modos[0m[2m/{[0m[2mtodo[0m[2m_id[0m[2m}\",[0m[2m json[0m[2m=[0m[2mupdate[0m[2m_data[0m[2m)\n[0m[2m   [0m[2m print[0m[2m(f[0m[2m\"[0m[2mStatus[0m[2m:[0m[2m {[0m[2mresponse[0m[2m.status[0m[2m_code[0m[2m}\")\n[0m[2m   [0m[2m print[0m[2m(f[0m[2m\"[0m[2mResponse[0m[2m:[0m[2m {[0m[2mjson[0m[2m.d[0m[2mumps[0m[2m(response[0m[2m.json[0m[2m(),[0m[2m indent[0m[2m=[0m[2m2[0m[2m)}[0m[2m\")\n[0m[2m   [0m[2m print[0m[2m()\n\n[0m[2mdef[0m[2m test[0m[2m_delete[0m[2m_t[0m[2modo[0m[2m(t[0m[2modo[0m[2m_id[0m[2m):\n[0m[2m   [0m[2m \"\"\"[0m[2mTest[0m[2m DELETE[0m[2m /[0m[2mt[0m[2modos[0m[2m/{[0m[2mid[0m[2m}[0m[2m endpoint[0m[2m\"\"\"\n[0m[2m   [0m[2m print[0m[2m(f[0m[2m\"[0m[2mTesting[0m[2m DELETE[0m[2m /[0m[2mt[0m[2modos[0m[2m/{[0m[2mtodo[0m[2m_id[0m[2m}[0m[2m...[0m[2m\")\n[0m[2m   [0m[2m response[0m[2m =[0m[2m requests[0m[2m.delete[0m[2m(f[0m[2m\"{[0m[2mBASE[0m[2m_URL[0m[2m}/[0m[2mt[0m[2modos[0m[2m/{[0m[2mtodo[0m[2m_id[0m[2m}\")\n[0m[2m   [0m[2m print[0m[2m(f[0m[2m\"[0m[2mStatus[0m[2m:[0m[2m {[0m[2mresponse[0m[2m.status[0m[2m_code[0m[2m}\")\n[0m[2m   [0m[2m print[0m[2m(f[0m[2m\"[0m[2mResponse[0m[2m:[0m[2m {'[0m[2mNo[0m[2m content[0m[2m'[0m[2m if[0m[2m response[0m[2m.status[0m[2m_code[0m[2m ==[0m[2m [0m[2m204[0m[2m else[0m[2m response[0m[2m.text[0m[2m}\")\n[0m[2m   [0m[2m print[0m[2m()\n\n[0m[2mdef[0m[2m test[0m[2m_n[0m[2mone[0m[2mx[0m[2mistent[0m[2m_t[0m[2modo[0m[2m():\n[0m[2m   [0m[2m \"\"\"[0m[2mTest[0m[2m operations[0m[2m on[0m[2m non[0m[2m-existent[0m[2m todo[0m[2m\"\"\"\n[0m[2m   [0m[2m print[0m[2m(\"[0m[2mTesting[0m[2m operations[0m[2m on[0m[2m non[0m[2m-existent[0m[2m todo[0m[2m ([0m[2mID[0m[2m:[0m[2m [0m[2m999[0m[2m)...[0m[2m\")\n[0m[2m    \n[0m[2m   [0m[2m #[0m[2m Try[0m[2m to[0m[2m update[0m[2m\n[0m[2m   [0m[2m response[0m[2m =[0m[2m requests[0m[2m.put[0m[2m(f[0m[2m\"{[0m[2mBASE[0m[2m_URL[0m[2m}/[0m[2mt[0m[2modos[0m[2m/[0m[2m999[0m[2m\",[0m[2m json[0m[2m={\"[0m[2mtitle[0m[2m\":[0m[2m \"[0m[2mTest[0m[2m\"[0m[2m})\n[0m[2m   [0m[2m print[0m[2m(f[0m[2m\"[0m[2mPUT[0m[2m status[0m[2m:[0m[2m {[0m[2mresponse[0m[2m.status[0m[2m_code[0m[2m},[0m[2m detail[0m[2m:[0m[2m {[0m[2mresponse[0m[2m.json[0m[2m().[0m[2mget[0m[2m('[0m[2mdetail[0m[2m',[0m[2m '[0m[2m')[0m[2m}\")\n[0m[2m    \n[0m[2m   [0m[2m #[0m[2m Try[0m[2m to[0m[2m delete[0m[2m\n[0m[2m   [0m[2m response[0m[2m =[0m[2m requests[0m[2m.delete[0m[2m(f[0m[2m\"{[0m[2mBASE[0m[2m_URL[0m[2m}/[0m[2mt[0m[2modos[0m[2m/[0m[2m999[0m[2m\")\n[0m[2m   [0m[2m print[0m[2m(f[0m[2m\"[0m[2mDELETE[0m[2m status[0m[2m:[0m[2m {[0m[2mresponse[0m[2m.status[0m[2m_code[0m[2m},[0m[2m detail[0m[2m:[0m[2m {[0m[2mresponse[0m[2m.json[0m[2m().[0m[2mget[0m[2m('[0m[2mdetail[0m[2m',[0m[2m '[0m[2m')[0m[2m}\")\n[0m[2m   [0m[2m print[0m[2m()\n\n[0m[2mif[0m[2m __[0m[2mname[0m[2m__[0m[2m ==[0m[2m \"__[0m[2mmain[0m[2m__\":\n[0m[2m   [0m[2m print[0m[2m(\"[0m[2mStarting[0m[2m Todo[0m[2m App[0m[2m CR[0m[2mUD[0m[2m tests[0m[2m...[0m[2m\")\n[0m[2m   [0m[2m print[0m[2m(\"[0m[2m=\"[0m[2m *[0m[2m [0m[2m50[0m[2m)\n[0m[2m    \n[0m[2m   [0m[2m #[0m[2m First[0m[2m,[0m[2m check[0m[2m the[0m[2m initial[0m[2m state[0m[2m\n[0m[2m   [0m[2m test[0m[2m_get[0m[2m_t[0m[2modos[0m[2m()\n[0m[2m    \n[0m[2m   [0m[2m #[0m[2m Test[0m[2m creating[0m[2m a[0m[2m new[0m[2m todo[0m[2m\n[0m[2m   [0m[2m new[0m[2m_id[0m[2m =[0m[2m test[0m[2m_create[0m[2m_t[0m[2modo[0m[2m()\n[0m[2m    \n[0m[2m   [0m[2m #[0m[2m Verify[0m[2m the[0m[2m todo[0m[2m was[0m[2m added[0m[2m\n[0m[2m   [0m[2m test[0m[2m_get[0m[2m_t[0m[2modos[0m[2m()\n[0m[2m    \n[0m[2m   [0m[2m #[0m[2m Test[0m[2m updating[0m[2m the[0m[2m todo[0m[2m\n[0m[2m   [0m[2m test[0m[2m_update[0m[2m_t[0m[2modo[0m[2m(new[0m[2m_id[0m[2m)\n[0m[2m    \n[0m[2m   [0m[2m #[0m[2m Verify[0m[2m the[0m[2m update[0m[2m\n[0m[2m   [0m[2m test[0m[2m_get[0m[2m_t[0m[2modos[0m[2m()\n[0m[2m    \n[0m[2m   [0m[2m #[0m[2m Test[0m[2m deleting[0m[2m the[0m[2m todo[0m[2m\n[0m[2m   [0m[2m test[0m[2m_delete[0m[2m_t[0m[2modo[0m[2m(new[0m[2m_id[0m[2m)\n[0m[2m    \n[0m[2m   [0m[2m #[0m[2m Verify[0m[2m the[0m[2m deletion[0m[2m\n[0m[2m   [0m[2m test[0m[2m_get[0m[2m_t[0m[2modos[0m[2m()\n[0m[2m    \n[0m[2m   [0m[2m #[0m[2m Test[0m[2m operations[0m[2m on[0m[2m non[0m[2m-existent[0m[2m todo[0m[2m\n[0m[2m   [0m[2m test[0m[2m_n[0m[2mone[0m[2mx[0m[2mistent[0m[2m_t[0m[2modo[0m[2m()\n[0m[2m    \n[0m[2m   [0m[2m print[0m[2m(\"[0m[2mAll[0m[2m tests[0m[2m completed[0m[2m![0m[2m\")[0m[2m"[0m[2m}[0m[2m
  ðŸ§° call_00_Osg2oe91zz9vZ7oDCYKLPgAO | write_file {'path': 'test_todo_app.py', 'content': 'import requests\nimport jso ...'}[0m[2m
  ðŸ”  call_00_Osg2oe91zz9vZ7oDCYKLPgAO | Return Successfully wrote to test_todo_app.py[0m[2m
  ðŸ§  Now[0m[2m let[0m[2m me[0m[2m start[0m[2m the[0m[2m server[0m[2m in[0m[2m the[0m[2m background[0m[2m and[0m[2m run[0m[2m the[0m[2m tests[0m[2m:[0m[2m{[0m[2m"[0m[2mcommand[0m[2m"[0m[2m: [0m[2m"[0m[2mpython[0m[2m todo[0m[2m_app[0m[2m.py[0m[2m &[0m[2m"[0m[2m, [0m[2m"[0m[2mtime[0m[2mout[0m[2m"[0m[2m: [0m[2m5[0m[2m}[0m[2m
  ðŸ§° call_00_5nYHmRM3NfZcHZxj5kQb61xZ | run_shell_command {'command': 'python todo_app.py &', 'timeout': 5}[0m  [2m/bin/sh: -c: line 0: syntax error near unexpected token `;'
[0m  [2m/bin/sh: -c: line 0: `{ python todo_app.py & ; }; __code=$?; pgrep -g $(ps -o pgid= -p $$) > /var/folders/1s/_rqf0d4j61x67p1chkdylmb80000gp/T/zrb_pids_rw1z_lra 2>/dev/null; exit $__code'
[0m[2m
  ðŸ”  call_00_5nYHmRM3NfZcHZxj5kQb61xZ | Return Command: python todo_app.py &
     Directory: /Users/gofrendigunawan/zrb/llm-challenges/experiment/deepseek:deepseek-chat/feature/workdir
     Stdout:
     (empty)
     Stderr:
     /bin/sh: -c: line 0: syntax error near unexpected token `;'
     /bin/sh: -c: line 0: `{ python todo_app.py & ; }; __code=$?; pgrep -g $(ps -o pgid= -p $$) > /var/folders/1s/_rqf0d4j61x67p1chkdylmb80000gp/T/zrb_pids_rw1z_lra 2>/dev/null; exit $__code'
     Exit Code: 2
     Background PIDs: (none)[0m[2m
  ðŸ§  Let[0m[2m me[0m[2m try[0m[2m a[0m[2m different[0m[2m approach[0m[2m to[0m[2m start[0m[2m the[0m[2m server[0m[2m:[0m[2m{[0m[2m"[0m[2mcommand[0m[2m"[0m[2m: [0m[2m"[0m[2mpython[0m[2m -[0m[2mc[0m[2m \"[0m[2mimport[0m[2m sub[0m[2mprocess[0m[2m;[0m[2m import[0m[2m time[0m[2m;[0m[2m p[0m[2m =[0m[2m sub[0m[2mprocess[0m[2m.P[0m[2mopen[0m[2m(['[0m[2mpython[0m[2m',[0m[2m '[0m[2mtodo[0m[2m_app[0m[2m.py[0m[2m'][0m[2m);[0m[2m time[0m[2m.sleep[0m[2m([0m[2m2[0m[2m);[0m[2m print[0m[2m(f[0m[2m'[0m[2mServer[0m[2m started[0m[2m with[0m[2m PID[0m[2m:[0m[2m {[0m[2mp[0m[2m.p[0m[2mid[0m[2m}[0m[2m')[0m[2m\"[0m[2m"[0m[2m, [0m[2m"[0m[2mtime[0m[2mout[0m[2m"[0m[2m: [0m[2m5[0m[2m}[0m[2m
  ðŸ§° call_00_15LJy76113x8vodtc8R6HEsM | run_shell_command {'command': 'python -c "import subproce ...', 'timeout': 5}[0m  [2mINFO:     Started server process [43446]
[0m  [2mINFO:     Waiting for application startup.
[0m  [2mINFO:     Application startup complete.
[0m  [2mINFO:     Uvicorn running on http://0.0.0.0:8000 (Press CTRL+C to quit)
[0m  [2mServer started with PID: 43446
[0m[2m
  ðŸ”  call_00_15LJy76113x8vodtc8R6HEsM | Return Command: python -c "import subprocess; import time; p = subprocess.Popen(['python', 'todo_app.py']); time.sleep(2); print(f'Server started with PID: {p.pid}')"
     Directory: /Users/gofrendigunawan/zrb/llm-challenges/experiment/deepseek:deepseek-chat/feature/workdir
     Stdout:
     Server started with PID: 43446
     Stderr:
     INFO:     Started server process [43446]
     INFO:     Waiting for application startup.
     INFO:     Application startup complete.
     INFO:     Uvicorn running on http://0.0.0.0:8000 (Press CTRL+C to quit)
     
     Error: Command timed out after 5 seconds.
     Exit Code: (timed out)
     Background PIDs: 43446[0m[2m
  ðŸ§  Good[0m[2m,[0m[2m the[0m[2m server[0m[2m is[0m[2m running[0m[2m.[0m[2m Now[0m[2m let[0m[2m me[0m[2m run[0m[2m the[0m[2m tests[0m[2m:[0m[2m{[0m[2m"[0m[2mcommand[0m[2m"[0m[2m: [0m[2m"[0m[2mpython[0m[2m test[0m[2m_t[0m[2modo[0m[2m_app[0m[2m.py[0m[2m"[0m[2m, [0m[2m"[0m[2mtime[0m[2mout[0m[2m"[0m[2m: [0m[2m10[0m[2m}[0m[2m
  ðŸ§° call_00_mbzfcSk5e0lay7xRtHSdl8ak | run_shell_command {'command': 'python test_todo_app.py', 'timeout': 10}[0m  [2mStarting Todo App CRUD tests...
[0m  [2m==================================================
[0m  [2mTesting GET /todos...
[0m  [2mTraceback (most recent call last):
[0m  [2m  File "/Users/gofrendigunawan/zrb/.venv/lib/python3.13/site-packages/urllib3/connection.py", line 204, in _new_conn
[0m  [2m    sock = connection.create_connection(
[0m  [2m        (self._dns_host, self.port),
[0m  [2m    ...<2 lines>...
[0m  [2m        socket_options=self.socket_options,
[0m  [2m    )
[0m  [2m  File "/Users/gofrendigunawan/zrb/.venv/lib/python3.13/site-packages/urllib3/util/connection.py", line 85, in create_connection
[0m  [2m    raise err
[0m  [2m  File "/Users/gofrendigunawan/zrb/.venv/lib/python3.13/site-packages/urllib3/util/connection.py", line 73, in create_connection
[0m  [2m    sock.connect(sa)
[0m  [2m    ~~~~~~~~~~~~^^^^
[0m  [2mOSError: [Errno 49] Can't assign requested address
[0m  [2m
[0m  [2mThe above exception was the direct cause of the following exception:
[0m  [2m
[0m  [2mTraceback (most recent call last):
[0m  [2m  File "/Users/gofrendigunawan/zrb/.venv/lib/python3.13/site-packages/urllib3/connectionpool.py", line 787, in urlopen
[0m  [2m    response = self._make_request(
[0m  [2m        conn,
[0m  [2m    ...<10 lines>...
[0m  [2m        **response_kw,
[0m  [2m    )
[0m  [2m  File "/Users/gofrendigunawan/zrb/.venv/lib/python3.13/site-packages/urllib3/connectionpool.py", line 493, in _make_request
[0m  [2m    conn.request(
[0m  [2m    ~~~~~~~~~~~~^
[0m  [2m        method,
[0m  [2m        ^^^^^^^
[0m  [2m    ...<6 lines>...
[0m  [2m        enforce_content_length=enforce_content_length,
[0m  [2m        ^^^^^^^^^^^^^^^^^^^^^^^^^^^^^^^^^^^^^^^^^^^^^^
[0m  [2m    )
[0m  [2m    ^
[0m  [2m  File "/Users/gofrendigunawan/zrb/.venv/lib/python3.13/site-packages/urllib3/connection.py", line 500, in request
[0m  [2m    self.endheaders()
[0m  [2m    ~~~~~~~~~~~~~~~^^
[0m  [2m  File "/Users/gofrendigunawan/.pyenv/versions/3.13.0/lib/python3.13/http/client.py", line 1331, in endheaders
[0m  [2m    self._send_output(message_body, encode_chunked=encode_chunked)
[0m  [2m    ~~~~~~~~~~~~~~~~~^^^^^^^^^^^^^^^^^^^^^^^^^^^^^^^^^^^^^^^^^^^^^
[0m  [2m  File "/Users/gofrendigunawan/.pyenv/versions/3.13.0/lib/python3.13/http/client.py", line 1091, in _send_output
[0m  [2m    self.send(msg)
[0m  [2m    ~~~~~~~~~^^^^^
[0m  [2m  File "/Users/gofrendigunawan/.pyenv/versions/3.13.0/lib/python3.13/http/client.py", line 1035, in send
[0m  [2m    self.connect()
[0m  [2m    ~~~~~~~~~~~~^^
[0m  [2m  File "/Users/gofrendigunawan/zrb/.venv/lib/python3.13/site-packages/urllib3/connection.py", line 331, in connect
[0m  [2m    self.sock = self._new_conn()
[0m  [2m                ~~~~~~~~~~~~~~^^
[0m  [2m  File "/Users/gofrendigunawan/zrb/.venv/lib/python3.13/site-packages/urllib3/connection.py", line 219, in _new_conn
[0m  [2m    raise NewConnectionError(
[0m  [2m        self, f"Failed to establish a new connection: {e}"
[0m  [2m    ) from e
[0m  [2murllib3.exceptions.NewConnectionError: HTTPConnection(host='localhost', port=8000): Failed to establish a new connection: [Errno 49] Can't assign requested address
[0m  [2m
[0m  [2mThe above exception was the direct cause of the following exception:
[0m  [2m
[0m  [2mTraceback (most recent call last):
[0m  [2m  File "/Users/gofrendigunawan/zrb/.venv/lib/python3.13/site-packages/requests/adapters.py", line 644, in send
[0m  [2m    resp = conn.urlopen(
[0m  [2m        method=request.method,
[0m  [2m    ...<9 lines>...
[0m  [2m        chunked=chunked,
[0m  [2m    )
[0m  [2m  File "/Users/gofrendigunawan/zrb/.venv/lib/python3.13/site-packages/urllib3/connectionpool.py", line 841, in urlopen
[0m  [2m    retries = retries.increment(
[0m  [2m        method, url, error=new_e, _pool=self, _stacktrace=sys.exc_info()[2]
[0m  [2m    )
[0m  [2m  File "/Users/gofrendigunawan/zrb/.venv/lib/python3.13/site-packages/urllib3/util/retry.py", line 535, in increment
[0m  [2m    raise MaxRetryError(_pool, url, reason) from reason  # type: ignore[arg-type]
[0m  [2m    ^^^^^^^^^^^^^^^^^^^^^^^^^^^^^^^^^^^^^^^^^^^^^^^^^^^
[0m  [2murllib3.exceptions.MaxRetryError: HTTPConnectionPool(host='localhost', port=8000): Max retries exceeded with url: /todos (Caused by NewConnectionError("HTTPConnection(host='localhost', port=8000): Failed to establish a new connection: [Errno 49] Can't assign requested address"))
[0m  [2m
[0m  [2mDuring handling of the above exception, another exception occurred:
[0m  [2m
[0m  [2mTraceback (most recent call last):
[0m  [2m  File "/Users/gofrendigunawan/zrb/llm-challenges/experiment/deepseek:deepseek-chat/feature/workdir/test_todo_app.py", line 65, in <module>
[0m  [2m    test_get_todos()
[0m  [2m    ~~~~~~~~~~~~~~^^
[0m  [2m  File "/Users/gofrendigunawan/zrb/llm-challenges/experiment/deepseek:deepseek-chat/feature/workdir/test_todo_app.py", line 9, in test_get_todos
[0m  [2m    response = requests.get(f"{BASE_URL}/todos")
[0m  [2m  File "/Users/gofrendigunawan/zrb/.venv/lib/python3.13/site-packages/requests/api.py", line 73, in get
[0m  [2m    return request("get", url, params=params, **kwargs)
[0m  [2m  File "/Users/gofrendigunawan/zrb/.venv/lib/python3.13/site-packages/requests/api.py", line 59, in request
[0m  [2m    return session.request(method=method, url=url, **kwargs)
[0m  [2m           ~~~~~~~~~~~~~~~^^^^^^^^^^^^^^^^^^^^^^^^^^^^^^^^^^
[0m  [2m  File "/Users/gofrendigunawan/zrb/.venv/lib/python3.13/site-packages/requests/sessions.py", line 589, in request
[0m  [2m    resp = self.send(prep, **send_kwargs)
[0m  [2m  File "/Users/gofrendigunawan/zrb/.venv/lib/python3.13/site-packages/requests/sessions.py", line 703, in send
[0m  [2m    r = adapter.send(request, **kwargs)
[0m  [2m  File "/Users/gofrendigunawan/zrb/.venv/lib/python3.13/site-packages/requests/adapters.py", line 677, in send
[0m  [2m    raise ConnectionError(e, request=request)
[0m  [2mrequests.exceptions.ConnectionError: HTTPConnectionPool(host='localhost', port=8000): Max retries exceeded with url: /todos (Caused by NewConnectionError("HTTPConnection(host='localhost', port=8000): Failed to establish a new connection: [Errno 49] Can't assign requested address"))
[0m[2m
  ðŸ”  call_00_mbzfcSk5e0lay7xRtHSdl8ak | Return Command: python test_todo_app.py
     Directory: /Users/gofrendigunawan/zrb/llm-challenges/experiment/deepseek:deepseek-chat/feature/workdir
     Stdout:
     Starting Todo App CRUD tests...
     ==================================================
     Testing GET /todos...
     Stderr:
     Traceback (most recent call last):
       File "/Users/gofrendigunawan/zrb/.venv/lib/python3.13/site-packages/urllib3/connection.py", line 204, in _new_conn
         sock = connection.create_connection(
             (self._dns_host, self.port),
         ...<2 lines>...
             socket_options=self.socket_options,
         )
       File "/Users/gofrendigunawan/zrb/.venv/lib/python3.13/site-packages/urllib3/util/connection.py", line 85, in create_connection
         raise err
       File "/Users/gofrendigunawan/zrb/.venv/lib/python3.13/site-packages/urllib3/util/connection.py", line 73, in create_connection
         sock.connect(sa)
         ~~~~~~~~~~~~^^^^
     OSError: [Errno 49] Can't assign requested address
     
     The above exception was the direct cause of the following exception:
     
     Traceback (most recent call last):
       File "/Users/gofrendigunawan/zrb/.venv/lib/python3.13/site-packages/urllib3/connectionpool.py", line 787, in urlopen
         response = self._make_request(
             conn,
         ...<10 lines>...
             **response_kw,
         )
       File "/Users/gofrendigunawan/zrb/.venv/lib/python3.13/site-packages/urllib3/connectionpool.py", line 493, in _make_request
         conn.request(
         ~~~~~~~~~~~~^
             method,
             ^^^^^^^
         ...<6 lines>...
             enforce_content_length=enforce_content_length,
             ^^^^^^^^^^^^^^^^^^^^^^^^^^^^^^^^^^^^^^^^^^^^^^
         )
         ^
       File "/Users/gofrendigunawan/zrb/.venv/lib/python3.13/site-packages/urllib3/connection.py", line 500, in request
         self.endheaders()
         ~~~~~~~~~~~~~~~^^
       File "/Users/gofrendigunawan/.pyenv/versions/3.13.0/lib/python3.13/http/client.py", line 1331, in endheaders
         self._send_output(message_body, encode_chunked=encode_chunked)
         ~~~~~~~~~~~~~~~~~^^^^^^^^^^^^^^^^^^^^^^^^^^^^^^^^^^^^^^^^^^^^^
       File "/Users/gofrendigunawan/.pyenv/versions/3.13.0/lib/python3.13/http/client.py", line 1091, in _send_output
         self.send(msg)
         ~~~~~~~~~^^^^^
       File "/Users/gofrendigunawan/.pyenv/versions/3.13.0/lib/python3.13/http/client.py", line 1035, in send
         self.connect()
         ~~~~~~~~~~~~^^
       File "/Users/gofrendigunawan/zrb/.venv/lib/python3.13/site-packages/urllib3/connection.py", line 331, in connect
         self.sock = self._new_conn()
                     ~~~~~~~~~~~~~~^^
       File "/Users/gofrendigunawan/zrb/.venv/lib/python3.13/site-packages/urllib3/connection.py", line 219, in _new_conn
         raise NewConnectionError(
             self, f"Failed to establish a new connection: {e}"
         ) from e
     urllib3.exceptions.NewConnectionError: HTTPConnection(host='localhost', port=8000): Failed to establish a new connection: [Errno 49] Can't assign requested address
     
     The above exception was the direct cause of the following exception:
     
     Traceback (most recent call last):
       File "/Users/gofrendigunawan/zrb/.venv/lib/python3.13/site-packages/requests/adapters.py", line 644, in send
         resp = conn.urlopen(
             method=request.method,
         ...<9 lines>...
             chunked=chunked,
         )
       File "/Users/gofrendigunawan/zrb/.venv/lib/python3.13/site-packages/urllib3/connectionpool.py", line 841, in urlopen
         retries = retries.increment(
             method, url, error=new_e, _pool=self, _stacktrace=sys.exc_info()[2]
         )
       File "/Users/gofrendigunawan/zrb/.venv/lib/python3.13/site-packages/urllib3/util/retry.py", line 535, in increment
         raise MaxRetryError(_pool, url, reason) from reason  # type: ignore[arg-type]
         ^^^^^^^^^^^^^^^^^^^^^^^^^^^^^^^^^^^^^^^^^^^^^^^^^^^
     urllib3.exceptions.MaxRetryError: HTTPConnectionPool(host='localhost', port=8000): Max retries exceeded with url: /todos (Caused by NewConnectionError("HTTPConnection(host='localhost', port=8000): Failed to establish a new connection: [Errno 49] Can't assign requested address"))
     
     During handling of the above exception, another exception occurred:
     
     Traceback (most recent call last):
       File "/Users/gofrendigunawan/zrb/llm-challenges/experiment/deepseek:deepseek-chat/feature/workdir/test_todo_app.py", line 65, in <module>
         test_get_todos()
         ~~~~~~~~~~~~~~^^
       File "/Users/gofrendigunawan/zrb/llm-challenges/experiment/deepseek:deepseek-chat/feature/workdir/test_todo_app.py", line 9, in test_get_todos
         response = requests.get(f"{BASE_URL}/todos")
       File "/Users/gofrendigunawan/zrb/.venv/lib/python3.13/site-packages/requests/api.py", line 73, in get
         return request("get", url, params=params, **kwargs)
       File "/Users/gofrendigunawan/zrb/.venv/lib/python3.13/site-packages/requests/api.py", line 59, in request
         return session.request(method=method, url=url, **kwargs)
                ~~~~~~~~~~~~~~~^^^^^^^^^^^^^^^^^^^^^^^^^^^^^^^^^^
       File "/Users/gofrendigunawan/zrb/.venv/lib/python3.13/site-packages/requests/sessions.py", line 589, in request
         resp = self.send(prep, **send_kwargs)
       File "/Users/gofrendigunawan/zrb/.venv/lib/python3.13/site-packages/requests/sessions.py", line 703, in send
         r = adapter.send(request, **kwargs)
       File "/Users/gofrendigunawan/zrb/.venv/lib/python3.13/site-packages/requests/adapters.py", line 677, in send
         raise ConnectionError(e, request=request)
     requests.exceptions.ConnectionError: HTTPConnectionPool(host='localhost', port=8000): Max retries exceeded with url: /todos (Caused by NewConnectionError("HTTPConnection(host='localhost', port=8000): Failed to establish a new connection: [Errno 49] Can't assign requested address"))
     Exit Code: 1
     Background PIDs: (none)[0m[2m
  ðŸ§  It[0m[2m seems[0m[2m there[0m[2m's[0m[2m a[0m[2m network[0m[2m issue[0m[2m.[0m[2m Let[0m[2m me[0m[2m check[0m[2m if[0m[2m the[0m[2m server[0m[2m is[0m[2m still[0m[2m running[0m[2m and[0m[2m try[0m[2m a[0m[2m different[0m[2m approach[0m[2m.[0m[2m Let[0m[2m me[0m[2m kill[0m[2m any[0m[2m existing[0m[2m server[0m[2m and[0m[2m start[0m[2m it[0m[2m fresh[0m[2m:[0m[2m{[0m[2m"[0m[2mcommand[0m[2m"[0m[2m: [0m[2m"[0m[2mp[0m[2mkill[0m[2m -[0m[2mf[0m[2m \"[0m[2mpython[0m[2m todo[0m[2m_app[0m[2m.py[0m[2m\"[0m[2m ||[0m[2m true[0m[2m"[0m[2m}[0m[2m
  ðŸ§° call_00_Ab7gExipefOJr2SzeW60s8Kj | run_shell_command {'command': 'pkill -f "python todo_app. ...'}[0m[2m
  ðŸ”  call_00_Ab7gExipefOJr2SzeW60s8Kj | Return Command: pkill -f "python todo_app.py" || true
     Directory: /Users/gofrendigunawan/zrb/llm-challenges/experiment/deepseek:deepseek-chat/feature/workdir
     Stdout:
     (empty)
     Stderr:
     (empty)
     Exit Code: 0
     Background PIDs: (none)[0m[2m
  ðŸ§  Let[0m[2m me[0m[2m create[0m[2m a[0m[2m simpler[0m[2m test[0m[2m that[0m[2m runs[0m[2m the[0m[2m server[0m[2m and[0m[2m tests[0m[2m it[0m[2m in[0m[2m the[0m[2m same[0m[2m process[0m[2m:[0m[2m{[0m[2m"[0m[2mpath[0m[2m"[0m[2m: [0m[2m"[0m[2mtest[0m[2m_in[0m[2mteg[0m[2mration[0m[2m.py[0m[2m"[0m[2m, [0m[2m"[0m[2mcontent[0m[2m"[0m[2m: [0m[2m"[0m[2mimport[0m[2m sys[0m[2m\n[0m[2mimport[0m[2m as[0m[2myn[0m[2mcio[0m[2m\n[0m[2mfrom[0m[2m fast[0m[2mapi[0m[2m.test[0m[2mclient[0m[2m import[0m[2m Test[0m[2mClient[0m[2m\n[0m[2mfrom[0m[2m todo[0m[2m_app[0m[2m import[0m[2m app[0m[2m\n\n[0m[2mdef[0m[2m test[0m[2m_c[0m[2mrud[0m[2m_[0m[2moperations[0m[2m():\n[0m[2m   [0m[2m \"\"\"[0m[2mTest[0m[2m all[0m[2m CR[0m[2mUD[0m[2m operations[0m[2m using[0m[2m Fast[0m[2mAPI[0m[2m Test[0m[2mClient[0m[2m\"\"\"\n[0m[2m   [0m[2m client[0m[2m =[0m[2m Test[0m[2mClient[0m[2m(app[0m[2m)\n[0m[2m    \n[0m[2m   [0m[2m print[0m[2m(\"[0m[2mTesting[0m[2m Todo[0m[2m App[0m[2m CR[0m[2mUD[0m[2m operations[0m[2m...[0m[2m\")\n[0m[2m   [0m[2m print[0m[2m(\"[0m[2m=\"[0m[2m *[0m[2m [0m[2m50[0m[2m)\n[0m[2m    \n[0m[2m   [0m[2m #[0m[2m [0m[2m1[0m[2m.[0m[2m Test[0m[2m GET[0m[2m /[0m[2mt[0m[2modos[0m[2m ([0m[2minitial[0m[2m state[0m[2m)\n[0m[2m   [0m[2m print[0m[2m(\"\\[0m[2mn[0m[2m1[0m[2m.[0m[2m Testing[0m[2m GET[0m[2m /[0m[2mt[0m[2modos[0m[2m ([0m[2minitial[0m[2m state[0m[2m):[0m[2m\")\n[0m[2m   [0m[2m response[0m[2m =[0m[2m client[0m[2m.get[0m[2m(\"/[0m[2mt[0m[2modos[0m[2m\")\n[0m[2m   [0m[2m print[0m[2m(f[0m[2m\"[0m[2m  [0m[2m Status[0m[2m:[0m[2m {[0m[2mresponse[0m[2m.status[0m[2m_code[0m[2m}\")\n[0m[2m   [0m[2m print[0m[2m(f[0m[2m\"[0m[2m  [0m[2m Response[0m[2m:[0m[2m {[0m[2mresponse[0m[2m.json[0m[2m()[0m[2m}\")\n[0m[2m   [0m[2m assert[0m[2m response[0m[2m.status[0m[2m_code[0m[2m ==[0m[2m [0m[2m200[0m[2m\n[0m[2m   [0m[2m initial[0m[2m_t[0m[2modos[0m[2m =[0m[2m response[0m[2m.json[0m[2m()\n[0m[2m   [0m[2m assert[0m[2m len[0m[2m([0m[2minitial[0m[2m_t[0m[2modos[0m[2m)[0m[2m ==[0m[2m [0m[2m2[0m[2m\n    \n[0m[2m   [0m[2m #[0m[2m [0m[2m2[0m[2m.[0m[2m Test[0m[2m POST[0m[2m /[0m[2mt[0m[2modos[0m[2m ([0m[2mcreate[0m[2m new[0m[2m todo[0m[2m)\n[0m[2m   [0m[2m print[0m[2m(\"\\[0m[2mn[0m[2m2[0m[2m.[0m[2m Testing[0m[2m POST[0m[2m /[0m[2mt[0m[2modos[0m[2m ([0m[2mcreate[0m[2m new[0m[2m todo[0m[2m):[0m[2m\")\n[0m[2m   [0m[2m new[0m[2m_t[0m[2modo[0m[2m =[0m[2m {\n[0m[2m       [0m[2m \"[0m[2mtitle[0m[2m\":[0m[2m \"[0m[2mTest[0m[2m new[0m[2m todo[0m[2m\",\n[0m[2m       [0m[2m \"[0m[2mcompleted[0m[2m\":[0m[2m False[0m[2m\n[0m[2m   [0m[2m }\n[0m[2m   [0m[2m response[0m[2m =[0m[2m client[0m[2m.post[0m[2m(\"/[0m[2mt[0m[2modos[0m[2m\",[0m[2m json[0m[2m=new[0m[2m_t[0m[2modo[0m[2m)\n[0m[2m   [0m[2m print[0m[2m(f[0m[2m\"[0m[2m  [0m[2m Status[0m[2m:[0m[2m {[0m[2mresponse[0m[2m.status[0m[2m_code[0m[2m}\")\n[0m[2m   [0m[2m print[0m[2m(f[0m[2m\"[0m[2m  [0m[2m Response[0m[2m:[0m[2m {[0m[2mresponse[0m[2m.json[0m[2m()[0m[2m}\")\n[0m[2m   [0m[2m assert[0m[2m response[0m[2m.status[0m[2m_code[0m[2m ==[0m[2m [0m[2m201[0m[2m\n[0m[2m   [0m[2m created[0m[2m_t[0m[2modo[0m[2m =[0m[2m response[0m[2m.json[0m[2m()\n[0m[2m   [0m[2m assert[0m[2m created[0m[2m_t[0m[2modo[0m[2m[\"[0m[2mtitle[0m[2m\"][0m[2m ==[0m[2m \"[0m[2mTest[0m[2m new[0m[2m todo[0m[2m\"\n[0m[2m   [0m[2m assert[0m[2m created[0m[2m_t[0m[2modo[0m[2m[\"[0m[2mcompleted[0m[2m\"][0m[2m ==[0m[2m False[0m[2m\n[0m[2m   [0m[2m assert[0m[2m created[0m[2m_t[0m[2modo[0m[2m[\"[0m[2mid[0m[2m\"][0m[2m ==[0m[2m [0m[2m3[0m[2m [0m[2m #[0m[2m Should[0m[2m be[0m[2m auto[0m[2m-in[0m[2mcre[0m[2mmented[0m[2m\n    \n[0m[2m   [0m[2m #[0m[2m [0m[2m3[0m[2m.[0m[2m Test[0m[2m GET[0m[2m /[0m[2mt[0m[2modos[0m[2m ([0m[2mverify[0m[2m creation[0m[2m)\n[0m[2m   [0m[2m print[0m[2m(\"\\[0m[2mn[0m[2m3[0m[2m.[0m[2m Testing[0m[2m GET[0m[2m /[0m[2mt[0m[2modos[0m[2m ([0m[2mverify[0m[2m creation[0m[2m):[0m[2m\")\n[0m[2m   [0m[2m response[0m[2m =[0m[2m client[0m[2m.get[0m[2m(\"/[0m[2mt[0m[2modos[0m[2m\")\n[0m[2m   [0m[2m print[0m[2m(f[0m[2m\"[0m[2m  [0m[2m Status[0m[2m:[0m[2m {[0m[2mresponse[0m[2m.status[0m[2m_code[0m[2m}\")\n[0m[2m   [0m[2m todos[0m[2m =[0m[2m response[0m[2m.json[0m[2m()\n[0m[2m   [0m[2m print[0m[2m(f[0m[2m\"[0m[2m  [0m[2m Total[0m[2m todos[0m[2m:[0m[2m {[0m[2mlen[0m[2m(t[0m[2modos[0m[2m)}[0m[2m\")\n[0m[2m   [0m[2m assert[0m[2m len[0m[2m(t[0m[2modos[0m[2m)[0m[2m ==[0m[2m [0m[2m3[0m[2m\n    \n[0m[2m   [0m[2m #[0m[2m [0m[2m4[0m[2m.[0m[2m Test[0m[2m PUT[0m[2m /[0m[2mt[0m[2modos[0m[2m/{[0m[2mid[0m[2m}[0m[2m ([0m[2mupdate[0m[2m todo[0m[2m)\n[0m[2m   [0m[2m print[0m[2m(\"\\[0m[2mn[0m[2m4[0m[2m.[0m[2m Testing[0m[2m PUT[0m[2m /[0m[2mt[0m[2modos[0m[2m/{[0m[2mid[0m[2m}[0m[2m ([0m[2mupdate[0m[2m todo[0m[2m):[0m[2m\")\n[0m[2m   [0m[2m update[0m[2m_data[0m[2m =[0m[2m {\n[0m[2m       [0m[2m \"[0m[2mtitle[0m[2m\":[0m[2m \"[0m[2mUpdated[0m[2m todo[0m[2m title[0m[2m\",\n[0m[2m       [0m[2m \"[0m[2mcompleted[0m[2m\":[0m[2m True[0m[2m\n[0m[2m   [0m[2m }\n[0m[2m   [0m[2m response[0m[2m =[0m[2m client[0m[2m.put[0m[2m(f[0m[2m\"/[0m[2mt[0m[2modos[0m[2m/{[0m[2mcreated[0m[2m_t[0m[2modo[0m[2m['[0m[2mid[0m[2m'][0m[2m}\",[0m[2m json[0m[2m=[0m[2mupdate[0m[2m_data[0m[2m)\n[0m[2m   [0m[2m print[0m[2m(f[0m[2m\"[0m[2m  [0m[2m Status[0m[2m:[0m[2m {[0m[2mresponse[0m[2m.status[0m[2m_code[0m[2m}\")\n[0m[2m   [0m[2m print[0m[2m(f[0m[2m\"[0m[2m  [0m[2m Response[0m[2m:[0m[2m {[0m[2mresponse[0m[2m.json[0m[2m()[0m[2m}\")\n[0m[2m   [0m[2m assert[0m[2m response[0m[2m.status[0m[2m_code[0m[2m ==[0m[2m [0m[2m200[0m[2m\n[0m[2m   [0m[2m updated[0m[2m_t[0m[2modo[0m[2m =[0m[2m response[0m[2m.json[0m[2m()\n[0m[2m   [0m[2m assert[0m[2m updated[0m[2m_t[0m[2modo[0m[2m[\"[0m[2mtitle[0m[2m\"][0m[2m ==[0m[2m \"[0m[2mUpdated[0m[2m todo[0m[2m title[0m[2m\"\n[0m[2m   [0m[2m assert[0m[2m updated[0m[2m_t[0m[2modo[0m[2m[\"[0m[2mcompleted[0m[2m\"][0m[2m ==[0m[2m True[0m[2m\n[0m[2m   [0m[2m assert[0m[2m updated[0m[2m_t[0m[2modo[0m[2m[\"[0m[2mid[0m[2m\"][0m[2m ==[0m[2m created[0m[2m_t[0m[2modo[0m[2m[\"[0m[2mid[0m[2m\"]\n[0m[2m    \n[0m[2m   [0m[2m #[0m[2m [0m[2m5[0m[2m.[0m[2m Test[0m[2m PUT[0m[2m /[0m[2mt[0m[2modos[0m[2m/{[0m[2mid[0m[2m}[0m[2m with[0m[2m partial[0m[2m update[0m[2m\n[0m[2m   [0m[2m print[0m[2m(\"\\[0m[2mn[0m[2m5[0m[2m.[0m[2m Testing[0m[2m PUT[0m[2m /[0m[2mt[0m[2modos[0m[2m/{[0m[2mid[0m[2m}[0m[2m with[0m[2m partial[0m[2m update[0m[2m:\")\n[0m[2m   [0m[2m partial[0m[2m_update[0m[2m =[0m[2m {\n[0m[2m       [0m[2m \"[0m[2mcompleted[0m[2m\":[0m[2m False[0m[2m\n[0m[2m   [0m[2m }\n[0m[2m   [0m[2m response[0m[2m =[0m[2m client[0m[2m.put[0m[2m(f[0m[2m\"/[0m[2mt[0m[2modos[0m[2m/{[0m[2mcreated[0m[2m_t[0m[2modo[0m[2m['[0m[2mid[0m[2m'][0m[2m}\",[0m[2m json[0m[2m=[0m[2mpartial[0m[2m_update[0m[2m)\n[0m[2m   [0m[2m print[0m[2m(f[0m[2m\"[0m[2m  [0m[2m Status[0m[2m:[0m[2m {[0m[2mresponse[0m[2m.status[0m[2m_code[0m[2m}\")\n[0m[2m   [0m[2m partial[0m[2m_[0m[2mupdated[0m[2m =[0m[2m response[0m[2m.json[0m[2m()\n[0m[2m   [0m[2m print[0m[2m(f[0m[2m\"[0m[2m  [0m[2m Response[0m[2m:[0m[2m {[0m[2mpartial[0m[2m_[0m[2mupdated[0m[2m}\")\n[0m[2m   [0m[2m assert[0m[2m response[0m[2m.status[0m[2m_code[0m[2m ==[0m[2m [0m[2m200[0m[2m\n[0m[2m   [0m[2m assert[0m[2m partial[0m[2m_[0m[2mupdated[0m[2m[\"[0m[2mtitle[0m[2m\"][0m[2m ==[0m[2m \"[0m[2mUpdated[0m[2m todo[0m[2m title[0m[2m\"[0m[2m [0m[2m #[0m[2m Should[0m[2m remain[0m[2m unchanged[0m[2m\n[0m[2m   [0m[2m assert[0m[2m partial[0m[2m_[0m[2mupdated[0m[2m[\"[0m[2mcompleted[0m[2m\"][0m[2m ==[0m[2m False[0m[2m [0m[2m #[0m[2m Should[0m[2m be[0m[2m updated[0m[2m\n    \n[0m[2m   [0m[2m #[0m[2m [0m[2m6[0m[2m.[0m[2m Test[0m[2m DELETE[0m[2m /[0m[2mt[0m[2modos[0m[2m/{[0m[2mid[0m[2m}\n[0m[2m   [0m[2m print[0m[2m(\"\\[0m[2mn[0m[2m6[0m[2m.[0m[2m Testing[0m[2m DELETE[0m[2m /[0m[2mt[0m[2modos[0m[2m/{[0m[2mid[0m[2m}:[0m[2m\")\n[0m[2m   [0m[2m response[0m[2m =[0m[2m client[0m[2m.delete[0m[2m(f[0m[2m\"/[0m[2mt[0m[2modos[0m[2m/{[0m[2mcreated[0m[2m_t[0m[2modo[0m[2m['[0m[2mid[0m[2m'][0m[2m}\")\n[0m[2m   [0m[2m print[0m[2m(f[0m[2m\"[0m[2m  [0m[2m Status[0m[2m:[0m[2m {[0m[2mresponse[0m[2m.status[0m[2m_code[0m[2m}\")\n[0m[2m   [0m[2m assert[0m[2m response[0m[2m.status[0m[2m_code[0m[2m ==[0m[2m [0m[2m204[0m[2m\n    \n[0m[2m   [0m[2m #[0m[2m [0m[2m7[0m[2m.[0m[2m Test[0m[2m GET[0m[2m /[0m[2mt[0m[2modos[0m[2m ([0m[2mverify[0m[2m deletion[0m[2m)\n[0m[2m   [0m[2m print[0m[2m(\"\\[0m[2mn[0m[2m7[0m[2m.[0m[2m Testing[0m[2m GET[0m[2m /[0m[2mt[0m[2modos[0m[2m ([0m[2mverify[0m[2m deletion[0m[2m):[0m[2m\")\n[0m[2m   [0m[2m response[0m[2m =[0m[2m client[0m[2m.get[0m[2m(\"/[0m[2mt[0m[2modos[0m[2m\")\n[0m[2m   [0m[2m print[0m[2m(f[0m[2m\"[0m[2m  [0m[2m Status[0m[2m:[0m[2m {[0m[2mresponse[0m[2m.status[0m[2m_code[0m[2m}\")\n[0m[2m   [0m[2m final[0m[2m_t[0m[2modos[0m[2m =[0m[2m response[0m[2m.json[0m[2m()\n[0m[2m   [0m[2m print[0m[2m(f[0m[2m\"[0m[2m  [0m[2m Total[0m[2m todos[0m[2m:[0m[2m {[0m[2mlen[0m[2m(final[0m[2m_t[0m[2modos[0m[2m)}[0m[2m\")\n[0m[2m   [0m[2m assert[0m[2m len[0m[2m(final[0m[2m_t[0m[2modos[0m[2m)[0m[2m ==[0m[2m [0m[2m2[0m[2m\n    \n[0m[2m   [0m[2m #[0m[2m [0m[2m8[0m[2m.[0m[2m Test[0m[2m PUT[0m[2m /[0m[2mt[0m[2modos[0m[2m/{[0m[2mid[0m[2m}[0m[2m with[0m[2m non[0m[2m-existent[0m[2m ID[0m[2m\n[0m[2m   [0m[2m print[0m[2m(\"\\[0m[2mn[0m[2m8[0m[2m.[0m[2m Testing[0m[2m PUT[0m[2m /[0m[2mt[0m[2modos[0m[2m/{[0m[2mid[0m[2m}[0m[2m with[0m[2m non[0m[2m-existent[0m[2m ID[0m[2m:\")\n[0m[2m   [0m[2m response[0m[2m =[0m[2m client[0m[2m.put[0m[2m(\"/[0m[2mt[0m[2modos[0m[2m/[0m[2m999[0m[2m\",[0m[2m json[0m[2m={\"[0m[2mtitle[0m[2m\":[0m[2m \"[0m[2mTest[0m[2m\"[0m[2m})\n[0m[2m   [0m[2m print[0m[2m(f[0m[2m\"[0m[2m  [0m[2m Status[0m[2m:[0m[2m {[0m[2mresponse[0m[2m.status[0m[2m_code[0m[2m}\")\n[0m[2m   [0m[2m print[0m[2m(f[0m[2m\"[0m[2m  [0m[2m Response[0m[2m:[0m[2m {[0m[2mresponse[0m[2m.json[0m[2m()[0m[2m}\")\n[0m[2m   [0m[2m assert[0m[2m response[0m[2m.status[0m[2m_code[0m[2m ==[0m[2m [0m[2m404[0m[2m\n[0m[2m   [0m[2m assert[0m[2m \"[0m[2mdetail[0m[2m\"[0m[2m in[0m[2m response[0m[2m.json[0m[2m()\n[0m[2m    \n[0m[2m   [0m[2m #[0m[2m [0m[2m9[0m[2m.[0m[2m Test[0m[2m DELETE[0m[2m /[0m[2mt[0m[2modos[0m[2m/{[0m[2mid[0m[2m}[0m[2m with[0m[2m non[0m[2m-existent[0m[2m ID[0m[2m\n[0m[2m   [0m[2m print[0m[2m(\"\\[0m[2mn[0m[2m9[0m[2m.[0m[2m Testing[0m[2m DELETE[0m[2m /[0m[2mt[0m[2modos[0m[2m/{[0m[2mid[0m[2m}[0m[2m with[0m[2m non[0m[2m-existent[0m[2m ID[0m[2m:\")\n[0m[2m   [0m[2m response[0m[2m =[0m[2m client[0m[2m.delete[0m[2m(\"/[0m[2mt[0m[2modos[0m[2m/[0m[2m999[0m[2m\")\n[0m[2m   [0m[2m print[0m[2m(f[0m[2m\"[0m[2m  [0m[2m Status[0m[2m:[0m[2m {[0m[2mresponse[0m[2m.status[0m[2m_code[0m[2m}\")\n[0m[2m   [0m[2m print[0m[2m(f[0m[2m\"[0m[2m  [0m[2m Response[0m[2m:[0m[2m {[0m[2mresponse[0m[2m.json[0m[2m()[0m[2m}\")\n[0m[2m   [0m[2m assert[0m[2m response[0m[2m.status[0m[2m_code[0m[2m ==[0m[2m [0m[2m404[0m[2m\n[0m[2m   [0m[2m assert[0m[2m \"[0m[2mdetail[0m[2m\"[0m[2m in[0m[2m response[0m[2m.json[0m[2m()\n[0m[2m    \n[0m[2m   [0m[2m print[0m[2m(\"\\[0m[2mn[0m[2m\"[0m[2m +[0m[2m \"[0m[2m=\"[0m[2m *[0m[2m [0m[2m50[0m[2m)\n[0m[2m   [0m[2m print[0m[2m(\"[0m[2mAll[0m[2m tests[0m[2m passed[0m[2m![0m[2m âœ…[0m[2m\")\n\n[0m[2mif[0m[2m __[0m[2mname[0m[2m__[0m[2m ==[0m[2m \"__[0m[2mmain[0m[2m__\":\n[0m[2m   [0m[2m test[0m[2m_c[0m[2mrud[0m[2m_[0m[2moperations[0m[2m()[0m[2m"[0m[2m}[0m[2m
  ðŸ§° call_00_QesiwlVgGqZmjDYgr02pAm7s | write_file {'path': 'test_integration.py', 'content': 'import sys\nimport asyncio\n ...'}[0m[2m
  ðŸ”  call_00_QesiwlVgGqZmjDYgr02pAm7s | Return Successfully wrote to test_integration.py[0m[2m
  ðŸ§  Now[0m[2m let[0m[2m me[0m[2m run[0m[2m the[0m[2m integration[0m[2m test[0m[2m:[0m[2m{[0m[2m"[0m[2mcommand[0m[2m"[0m[2m: [0m[2m"[0m[2mpython[0m[2m test[0m[2m_in[0m[2mteg[0m[2mration[0m[2m.py[0m[2m"[0m[2m}[0m[2m
  ðŸ§° call_00_hV7IqI5duhPMVrQxybllzSMp | run_shell_command {'command': 'python test_integration.py'}[0m  [2mTesting Todo App CRUD operations...
[0m  [2m==================================================
[0m  [2m
[0m  [2m1. Testing GET /todos (initial state):
[0m  [2m   Status: 200
[0m  [2m   Response: [{'id': 1, 'title': 'Buy groceries', 'completed': False}, {'id': 2, 'title': 'Walk the dog', 'completed': False}]
[0m  [2m
[0m  [2m2. Testing POST /todos (create new todo):
[0m  [2m   Status: 201
[0m  [2m   Response: {'id': 3, 'title': 'Test new todo', 'completed': False}
[0m  [2m
[0m  [2m3. Testing GET /todos (verify creation):
[0m  [2m   Status: 200
[0m  [2m   Total todos: 3
[0m  [2m
[0m  [2m4. Testing PUT /todos/{id} (update todo):
[0m  [2m   Status: 200
[0m  [2m   Response: {'id': 3, 'title': 'Updated todo title', 'completed': True}
[0m  [2m
[0m  [2m5. Testing PUT /todos/{id} with partial update:
[0m  [2m   Status: 200
[0m  [2m   Response: {'id': 3, 'title': 'Updated todo title', 'completed': False}
[0m  [2m
[0m  [2m6. Testing DELETE /todos/{id}:
[0m  [2m   Status: 204
[0m  [2m
[0m  [2m7. Testing GET /todos (verify deletion):
[0m  [2m   Status: 200
[0m  [2m   Total todos: 2
[0m  [2m
[0m  [2m8. Testing PUT /todos/{id} with non-existent ID:
[0m  [2m   Status: 404
[0m  [2m   Response: {'detail': 'Todo item not found'}
[0m  [2m
[0m  [2m9. Testing DELETE /todos/{id} with non-existent ID:
[0m  [2m   Status: 404
[0m  [2m   Response: {'detail': 'Todo item not found'}
[0m  [2m
[0m  [2m==================================================
[0m  [2mAll tests passed! âœ…
[0m[2m
  ðŸ”  call_00_hV7IqI5duhPMVrQxybllzSMp | Return Command: python test_integration.py
     Directory: /Users/gofrendigunawan/zrb/llm-challenges/experiment/deepseek:deepseek-chat/feature/workdir
     Stdout:
     Testing Todo App CRUD operations...
     ==================================================
     
     1. Testing GET /todos (initial state):
        Status: 200
        Response: [{'id': 1, 'title': 'Buy groceries', 'completed': False}, {'id': 2, 'title': 'Walk the dog', 'completed': False}]
     
     2. Testing POST /todos (create new todo):
        Status: 201
        Response: {'id': 3, 'title': 'Test new todo', 'completed': False}
     
     3. Testing GET /todos (verify creation):
        Status: 200
        Total todos: 3
     
     4. Testing PUT /todos/{id} (update todo):
        Status: 200
        Response: {'id': 3, 'title': 'Updated todo title', 'completed': True}
     
     5. Testing PUT /todos/{id} with partial update:
        Status: 200
        Response: {'id': 3, 'title': 'Updated todo title', 'completed': False}
     
     6. Testing DELETE /todos/{id}:
        Status: 204
     
     7. Testing GET /todos (verify deletion):
        Status: 200
        Total todos: 2
     
     8. Testing PUT /todos/{id} with non-existent ID:
        Status: 404
        Response: {'detail': 'Todo item not found'}
     
     9. Testing DELETE /todos/{id} with non-existent ID:
        Status: 404
        Response: {'detail': 'Todo item not found'}
     
     ==================================================
     All tests passed! âœ…
     Stderr:
     (empty)
     Exit Code: 0
     Background PIDs: (none)[0m[2m
  ðŸ§  Excellent[0m[2m![0m[2m All[0m[2m tests[0m[2m pass[0m[2m.[0m[2m Let[0m[2m me[0m[2m also[0m[2m clean[0m[2m up[0m[2m the[0m[2m test[0m[2m files[0m[2m I[0m[2m created[0m[2m:[0m[2m{[0m[2m"[0m[2mcommand[0m[2m"[0m[2m: [0m[2m"[0m[2mrm[0m[2m -[0m[2mf[0m[2m test[0m[2m_t[0m[2modo[0m[2m_app[0m[2m.py[0m[2m test[0m[2m_in[0m[2mteg[0m[2mration[0m[2m.py[0m[2m"[0m[2m}[0m[2m
  ðŸ§° call_00_vU9C4jKOWVe3bp0uhmpVnbfE | run_shell_command {'command': 'rm -f test_todo_app.py tes ...'}[0m[2m
  ðŸ”  call_00_vU9C4jKOWVe3bp0uhmpVnbfE | Return Command: rm -f test_todo_app.py test_integration.py
     Directory: /Users/gofrendigunawan/zrb/llm-challenges/experiment/deepseek:deepseek-chat/feature/workdir
     Stdout:
     (empty)
     Stderr:
     (empty)
     Exit Code: 0
     Background PIDs: (none)[0m[2m
  ðŸ§  Let[0m[2m me[0m[2m also[0m[2m verify[0m[2m the[0m[2m final[0m[2m implementation[0m[2m one[0m[2m more[0m[2m time[0m[2m by[0m[2m reading[0m[2m the[0m[2m completed[0m[2m file[0m[2m:[0m[2m{[0m[2m"[0m[2mpath[0m[2m"[0m[2m: [0m[2m"[0m[2mtodo[0m[2m_app[0m[2m.py[0m[2m"[0m[2m}[0m[2m
  ðŸ§° call_00_RTNb0KlXPfct2erv4bgUJBrU | read_file {'path': 'todo_app.py'}[0m[2m
  ðŸ”  call_00_RTNb0KlXPfct2erv4bgUJBrU | Return from typing import List, Optional
     
     import uvicorn
     from fastapi import FastAPI, HTTPException
     from pydantic import BaseModel
     
     app = FastAPI()
     
     
     class TodoItem(BaseModel):
         id: int
         title: str
         completed: bool = False
     
     
     class TodoCreate(BaseModel):
         title: str
         completed: bool = False
     
     
     class TodoUpdate(BaseModel):
         title: Optional[str] = None
         completed: Optional[bool] = None
     
     
     # In-memory database
     db: List[TodoItem] = [
         TodoItem(id=1, title="Buy groceries"),
         TodoItem(id=2, title="Walk the dog"),
     ]
     
     
     @app.get("/todos", response_model=List[TodoItem])
     async def get_todos():
         return db
     
     
     @app.post("/todos", response_model=TodoItem, status_code=201)
     async def create_todo(todo: TodoCreate):
         # Generate a new ID (max existing ID + 1)
         new_id = max((item.id for item in db), default=0) + 1
         new_todo = TodoItem(id=new_id, title=todo.title, completed=todo.completed)
         db.append(new_todo)
         return new_todo
     
     
     @app.put("/todos/{item_id}", response_model=TodoItem)
     async def update_todo(item_id: int, todo_update: TodoUpdate):
         # Find the item by ID
         for i, item in enumerate(db):
             if item.id == item_id:
                 # Update fields if provided
                 if todo_update.title is not None:
                     item.title = todo_update.title
                 if todo_update.completed is not None:
                     item.completed = todo_update.completed
                 db[i] = item
                 return item
         
         # Item not found
         raise HTTPException(status_code=404, detail="Todo item not found")
     
     
     @app.delete("/todos/{item_id}", status_code=204)
     async def delete_todo(item_id: int):
         # Find the item by ID
         for i, item in enumerate(db):
             if item.id == item_id:
                 db.pop(i)
                 return
         
         # Item not found
         raise HTTPException(status_code=404, detail="Todo item not found")
     
     
     if __name__ == "__main__":
         uvicorn.run(app, host="0.0.0.0", port=8000)
     [0m[2m
  ðŸ§  Perfect[0m[2m![0m[2m I[0m[2m have[0m[2m successfully[0m[2m implemented[0m[2m the[0m[2m complete[0m[2m CR[0m[2mUD[0m[2m operations[0m[2m for[0m[2m the[0m[2m Todo[0m[2m app[0m[2m.[0m[2m Here[0m[2m's[0m[2m a[0m[2m summary[0m[2m of[0m[2m what[0m[2m was[0m[2m implemented[0m[2m:
     
     [0m[2m##[0m[2m âœ…[0m[2m **[0m[2mCompleted[0m[2m Implementation[0m[2m**
     
     [0m[2m###[0m[2m **[0m[2m1[0m[2m.[0m[2m POST[0m[2m /[0m[2mt[0m[2modos[0m[2m**[0m[2m -[0m[2m Create[0m[2m a[0m[2m new[0m[2m todo[0m[2m item[0m[2m
     [0m[2m-[0m[2m **[0m[2mStatus[0m[2m Code[0m[2m:**[0m[2m [0m[2m201[0m[2m Created[0m[2m
     [0m[2m-[0m[2m **[0m[2mInput[0m[2m:**[0m[2m `[0m[2mTodo[0m[2mCreate[0m[2m`[0m[2m model[0m[2m ([0m[2mtitle[0m[2m,[0m[2m completed[0m[2m)
     [0m[2m-[0m[2m **[0m[2mFunction[0m[2mality[0m[2m:**[0m[2m Auto[0m[2m-gener[0m[2mates[0m[2m ID[0m[2m ([0m[2mmax[0m[2m existing[0m[2m ID[0m[2m +[0m[2m [0m[2m1[0m[2m)
     [0m[2m-[0m[2m **[0m[2mReturns[0m[2m:**[0m[2m Created[0m[2m `[0m[2mTodo[0m[2mItem[0m[2m`[0m[2m with[0m[2m generated[0m[2m ID[0m[2m
     
     [0m[2m###[0m[2m **[0m[2m2[0m[2m.[0m[2m PUT[0m[2m /[0m[2mt[0m[2modos[0m[2m/{[0m[2mitem[0m[2m_id[0m[2m}[0m[2m**[0m[2m -[0m[2m Update[0m[2m an[0m[2m existing[0m[2m todo[0m[2m item[0m[2m
     [0m[2m-[0m[2m **[0m[2mStatus[0m[2m Code[0m[2m:**[0m[2m [0m[2m200[0m[2m OK[0m[2m ([0m[2msuccess[0m[2m)[0m[2m or[0m[2m [0m[2m404[0m[2m Not[0m[2m Found[0m[2m
     [0m[2m-[0m[2m **[0m[2mInput[0m[2m:**[0m[2m `[0m[2mTodo[0m[2mUpdate[0m[2m`[0m[2m model[0m[2m ([0m[2moptional[0m[2m title[0m[2m,[0m[2m optional[0m[2m completed[0m[2m)
     [0m[2m-[0m[2m **[0m[2mFunction[0m[2mality[0m[2m:**[0m[2m Partial[0m[2m updates[0m[2m supported[0m[2m,[0m[2m only[0m[2m provided[0m[2m fields[0m[2m are[0m[2m updated[0m[2m
     [0m[2m-[0m[2m **[0m[2mReturns[0m[2m:**[0m[2m Updated[0m[2m `[0m[2mTodo[0m[2mItem[0m[2m`
     
     [0m[2m###[0m[2m **[0m[2m3[0m[2m.[0m[2m DELETE[0m[2m /[0m[2mt[0m[2modos[0m[2m/{[0m[2mitem[0m[2m_id[0m[2m}[0m[2m**[0m[2m -[0m[2m Delete[0m[2m a[0m[2m todo[0m[2m item[0m[2m
     [0m[2m-[0m[2m **[0m[2mStatus[0m[2m Code[0m[2m:**[0m[2m [0m[2m204[0m[2m No[0m[2m Content[0m[2m ([0m[2msuccess[0m[2m)[0m[2m or[0m[2m [0m[2m404[0m[2m Not[0m[2m Found[0m[2m
     [0m[2m-[0m[2m **[0m[2mFunction[0m[2mality[0m[2m:**[0m[2m Rem[0m[2moves[0m[2m item[0m[2m from[0m[2m in[0m[2m-m[0m[2memory[0m[2m database[0m[2m
     [0m[2m-[0m[2m **[0m[2mReturns[0m[2m:**[0m[2m No[0m[2m content[0m[2m on[0m[2m success[0m[2m
     
     [0m[2m###[0m[2m **[0m[2m4[0m[2m.[0m[2m Additional[0m[2m Features[0m[2m:[0m[2m**
     [0m[2m-[0m[2m **[0m[2mProper[0m[2m HTTP[0m[2m Status[0m[2m Codes[0m[2m:**[0m[2m [0m[2m200[0m[2m,[0m[2m [0m[2m201[0m[2m,[0m[2m [0m[2m204[0m[2m,[0m[2m [0m[2m404[0m[2m
     [0m[2m-[0m[2m **[0m[2mError[0m[2m Handling[0m[2m:**[0m[2m Returns[0m[2m [0m[2m404[0m[2m with[0m[2m descriptive[0m[2m message[0m[2m for[0m[2m non[0m[2m-existent[0m[2m items[0m[2m
     [0m[2m-[0m[2m **[0m[2mPartial[0m[2m Updates[0m[2m:**[0m[2m PUT[0m[2m endpoint[0m[2m accepts[0m[2m optional[0m[2m fields[0m[2m
     [0m[2m-[0m[2m **[0m[2mAuto[0m[2m-in[0m[2mcrement[0m[2m IDs[0m[2m:**[0m[2m IDs[0m[2m are[0m[2m generated[0m[2m sequentially[0m[2m
     [0m[2m-[0m[2m **[0m[2mType[0m[2m Safety[0m[2m:**[0m[2m Uses[0m[2m P[0m[2myd[0m[2mantic[0m[2m models[0m[2m for[0m[2m request[0m[2m/[0m[2mresponse[0m[2m validation[0m[2m
     
     [0m[2mThe[0m[2m implementation[0m[2m has[0m[2m been[0m[2m thoroughly[0m[2m tested[0m[2m and[0m[2m all[0m[2m CR[0m[2mUD[0m[2m operations[0m[2m work[0m[2m correctly[0m[2m with[0m[2m proper[0m[2m error[0m[2m handling[0m[2m and[0m[2m standard[0m[2m HTTP[0m[2m status[0m[2m codes[0m[2m.[0m[2m
  [2mðŸ’¸ (Requests: 13 | Tool Calls: 12 | Total: 165108) Input: 161201 | Audio Input: 0 | Output: 3907 | Audio Output: 0 | Cache Read: 149952 | Cache Write: 0 | Details: {'prompt_cache_hit_tokens': 149952, 'prompt_cache_miss_tokens': 11249}[0m
     [0m[2mTo run again:[0m [1;33mzrb chat --message "We have a half-baked Todo app in `todo_app.py`. The GET endpoint works, but we need you to finish the CRUD operations.

Please implement the functionality to Create, Update, and Delete todo items. Make sure it handles IDs correctly (auto-increment is fine) and returns standard HTTP status codes." --model deepseek:deepseek-chat --session "" --yolo true --attach "" --interactive false[0m
Perfect! I have successfully implemented the complete CRUD operations for the Todo app. Here's a summary of what was implemented:

## âœ… **Completed Implementation**

### **1. POST /todos** - Create a new todo item
- **Status Code:** 201 Created
- **Input:** `TodoCreate` model (title, completed)
- **Functionality:** Auto-generates ID (max existing ID + 1)
- **Returns:** Created `TodoItem` with generated ID

### **2. PUT /todos/{item_id}** - Update an existing todo item
- **Status Code:** 200 OK (success) or 404 Not Found
- **Input:** `TodoUpdate` model (optional title, optional completed)
- **Functionality:** Partial updates supported, only provided fields are updated
- **Returns:** Updated `TodoItem`

### **3. DELETE /todos/{item_id}** - Delete a todo item
- **Status Code:** 204 No Content (success) or 404 Not Found
- **Functionality:** Removes item from in-memory database
- **Returns:** No content on success

### **4. Additional Features:**
- **Proper HTTP Status Codes:** 200, 201, 204, 404
- **Error Handling:** Returns 404 with descriptive message for non-existent items
- **Partial Updates:** PUT endpoint accepts optional fields
- **Auto-increment IDs:** IDs are generated sequentially
- **Type Safety:** Uses Pydantic models for request/response validation

The implementation has been thoroughly tested and all CRUD operations work correctly with proper error handling and standard HTTP status codes.
